2025-02-08 12:19:58.256736 - Error: name 'QProgressDialog' is not defined
Function: run_script
Stack Trace:
Traceback (most recent call last):
  File "C:\Users\90544\PycharmProjects\health-check-report\main.py", line 2055, in run_scripts_and_export
    pdf_path = self.generate_pdf_report(output_path, output_dir, valid_username, rundate)
  File "C:\Users\90544\PycharmProjects\health-check-report\main.py", line 1581, in generate_pdf_report
    progress_dialog = QProgressDialog("PDF oluşturuluyor, lütfen bekleyin...", None, 0, 0, self)
NameError: name 'QProgressDialog' is not defined


2025-02-08 12:42:58.649429 - Error: ('42000', '[42000] [Microsoft][ODBC Driver 17 for SQL Server][SQL Server]Must declare the scalar variable "@xpCmdShellEnabled". (137) (SQLExecDirectW); [42000] [Microsoft][ODBC Driver 17 for SQL Server][SQL Server]Must declare the scalar variable "@xpCmdShellEnabled". (137); [42000] [Microsoft][ODBC Driver 17 for SQL Server][SQL Server]Must declare the scalar variable "@xpCmdShellEnabled". (137)')
Function: SQL Execution Error
Stack Trace:
Traceback (most recent call last):
  File "C:\Users\90544\PycharmProjects\health-check-report\main.py", line 2004, in run_scripts_and_export
    cursor.execute(statement)
pyodbc.ProgrammingError: ('42000', '[42000] [Microsoft][ODBC Driver 17 for SQL Server][SQL Server]Must declare the scalar variable "@xpCmdShellEnabled". (137) (SQLExecDirectW); [42000] [Microsoft][ODBC Driver 17 for SQL Server][SQL Server]Must declare the scalar variable "@xpCmdShellEnabled". (137); [42000] [Microsoft][ODBC Driver 17 for SQL Server][SQL Server]Must declare the scalar variable "@xpCmdShellEnabled". (137)')


2025-02-08 12:42:58.650946 - Error: ('42S02', "[42S02] [Microsoft][ODBC Driver 17 for SQL Server][SQL Server]Invalid object name '#PowerShellOutput'. (208) (SQLExecDirectW)")
Function: windows_group_error
Stack Trace:
Traceback (most recent call last):
  File "C:\Users\90544\PycharmProjects\health-check-report\main.py", line 2019, in run_scripts_and_export
    cursor.execute(select)
pyodbc.ProgrammingError: ('42S02', "[42S02] [Microsoft][ODBC Driver 17 for SQL Server][SQL Server]Invalid object name '#PowerShellOutput'. (208) (SQLExecDirectW)")


2025-02-08 12:42:58.997445 - Error: ('42S02', "[42S02] [Microsoft][ODBC Driver 17 for SQL Server][SQL Server]Cannot drop the table '#SystemDrive', because it does not exist or you do not have permission. (3701) (SQLExecDirectW)")
Function: SQL Execution Error
Stack Trace:
Traceback (most recent call last):
  File "C:\Users\90544\PycharmProjects\health-check-report\main.py", line 2004, in run_scripts_and_export
    cursor.execute(statement)
pyodbc.ProgrammingError: ('42S02', "[42S02] [Microsoft][ODBC Driver 17 for SQL Server][SQL Server]Cannot drop the table '#SystemDrive', because it does not exist or you do not have permission. (3701) (SQLExecDirectW)")


2025-02-08 12:43:01.718114 - Error: Worksheet named 'SystemDrive' not found
Function: SQLFiles
Stack Trace:
Traceback (most recent call last):
  File "C:\Users\90544\PycharmProjects\health-check-report\main.py", line 862, in generate_dataframe_from_excel
    SystemDrive = pd.read_excel(excel_data, sheet_name="SystemDrive")
  File "C:\Users\90544\PycharmProjects\lab\health-check-report\lib\site-packages\pandas\io\excel\_base.py", line 508, in read_excel
    data = io.parse(
  File "C:\Users\90544\PycharmProjects\lab\health-check-report\lib\site-packages\pandas\io\excel\_base.py", line 1616, in parse
    return self._reader.parse(
  File "C:\Users\90544\PycharmProjects\lab\health-check-report\lib\site-packages\pandas\io\excel\_base.py", line 773, in parse
    sheet = self.get_sheet_by_name(asheetname)
  File "C:\Users\90544\PycharmProjects\lab\health-check-report\lib\site-packages\pandas\io\excel\_openpyxl.py", line 582, in get_sheet_by_name
    self.raise_if_bad_sheet_by_name(name)
  File "C:\Users\90544\PycharmProjects\lab\health-check-report\lib\site-packages\pandas\io\excel\_base.py", line 624, in raise_if_bad_sheet_by_name
    raise ValueError(f"Worksheet named '{name}' not found")
ValueError: Worksheet named 'SystemDrive' not found


2025-02-10 15:26:03.955082 - Error: name 'QProgressBar' is not defined
Function: run_script
Stack Trace:
Traceback (most recent call last):
  File "C:\Users\90544\PycharmProjects\health-check-report\main.py", line 2006, in run_scripts_and_export
    self.checklist_window = CheckListWindow()
  File "C:\Users\90544\PycharmProjects\health-check-report\main.py", line 87, in __init__
    self.progress_bar = QProgressBar(self)
NameError: name 'QProgressBar' is not defined


2025-02-10 15:26:34.481137 - Error: 'CheckListWindow' object has no attribute 'open_folder_button'
Function: run_script
Stack Trace:
Traceback (most recent call last):
  File "C:\Users\90544\PycharmProjects\health-check-report\main.py", line 2014, in run_scripts_and_export
    self.checklist_window.set_output_path(output_path)
  File "C:\Users\90544\PycharmProjects\health-check-report\main.py", line 123, in set_output_path
    self.open_folder_button.setDisabled(False)
AttributeError: 'CheckListWindow' object has no attribute 'open_folder_button'


2025-02-10 15:52:44.903728 - Error: name 'QProgressBar' is not defined
Function: run_script
Stack Trace:
Traceback (most recent call last):
  File "C:\Users\90544\PycharmProjects\health-check-report\main.py", line 2036, in run_scripts_and_export
    self.checklist_window = CheckListWindow()
  File "C:\Users\90544\PycharmProjects\health-check-report\main.py", line 128, in __init__
    self.progress_bar = QProgressBar(self)
NameError: name 'QProgressBar' is not defined


2025-02-10 16:08:12.867089 - Error: division by zero
Function: cursor_error
Stack Trace:
Traceback (most recent call last):
  File "C:\Users\90544\PycharmProjects\health-check-report\main.py", line 2106, in run_scripts_and_export
    self.checklist_window.update_list(selected, True)
  File "C:\Users\90544\PycharmProjects\health-check-report\main.py", line 144, in update_list
    progress_increment = 100 / self.total_operations
ZeroDivisionError: division by zero


2025-02-10 16:08:13.175612 - Error: division by zero
Function: cursor_error
Stack Trace:
Traceback (most recent call last):
  File "C:\Users\90544\PycharmProjects\health-check-report\main.py", line 2106, in run_scripts_and_export
    self.checklist_window.update_list(selected, True)
  File "C:\Users\90544\PycharmProjects\health-check-report\main.py", line 144, in update_list
    progress_increment = 100 / self.total_operations
ZeroDivisionError: division by zero


2025-02-10 16:08:14.021874 - Error: division by zero
Function: cursor_error
Stack Trace:
Traceback (most recent call last):
  File "C:\Users\90544\PycharmProjects\health-check-report\main.py", line 2106, in run_scripts_and_export
    self.checklist_window.update_list(selected, True)
  File "C:\Users\90544\PycharmProjects\health-check-report\main.py", line 144, in update_list
    progress_increment = 100 / self.total_operations
ZeroDivisionError: division by zero


2025-02-10 16:08:14.333092 - Error: division by zero
Function: cursor_error
Stack Trace:
Traceback (most recent call last):
  File "C:\Users\90544\PycharmProjects\health-check-report\main.py", line 2106, in run_scripts_and_export
    self.checklist_window.update_list(selected, True)
  File "C:\Users\90544\PycharmProjects\health-check-report\main.py", line 144, in update_list
    progress_increment = 100 / self.total_operations
ZeroDivisionError: division by zero


2025-02-10 16:08:14.643655 - Error: division by zero
Function: cursor_error
Stack Trace:
Traceback (most recent call last):
  File "C:\Users\90544\PycharmProjects\health-check-report\main.py", line 2106, in run_scripts_and_export
    self.checklist_window.update_list(selected, True)
  File "C:\Users\90544\PycharmProjects\health-check-report\main.py", line 144, in update_list
    progress_increment = 100 / self.total_operations
ZeroDivisionError: division by zero


2025-02-10 16:08:14.946223 - Error: division by zero
Function: cursor_error
Stack Trace:
Traceback (most recent call last):
  File "C:\Users\90544\PycharmProjects\health-check-report\main.py", line 2106, in run_scripts_and_export
    self.checklist_window.update_list(selected, True)
  File "C:\Users\90544\PycharmProjects\health-check-report\main.py", line 144, in update_list
    progress_increment = 100 / self.total_operations
ZeroDivisionError: division by zero


2025-02-10 16:08:15.258898 - Error: division by zero
Function: cursor_error
Stack Trace:
Traceback (most recent call last):
  File "C:\Users\90544\PycharmProjects\health-check-report\main.py", line 2106, in run_scripts_and_export
    self.checklist_window.update_list(selected, True)
  File "C:\Users\90544\PycharmProjects\health-check-report\main.py", line 144, in update_list
    progress_increment = 100 / self.total_operations
ZeroDivisionError: division by zero


2025-02-10 16:08:15.563254 - Error: division by zero
Function: cursor_error
Stack Trace:
Traceback (most recent call last):
  File "C:\Users\90544\PycharmProjects\health-check-report\main.py", line 2106, in run_scripts_and_export
    self.checklist_window.update_list(selected, True)
  File "C:\Users\90544\PycharmProjects\health-check-report\main.py", line 144, in update_list
    progress_increment = 100 / self.total_operations
ZeroDivisionError: division by zero


2025-02-10 16:08:15.884478 - Error: division by zero
Function: cursor_error
Stack Trace:
Traceback (most recent call last):
  File "C:\Users\90544\PycharmProjects\health-check-report\main.py", line 2106, in run_scripts_and_export
    self.checklist_window.update_list(selected, True)
  File "C:\Users\90544\PycharmProjects\health-check-report\main.py", line 144, in update_list
    progress_increment = 100 / self.total_operations
ZeroDivisionError: division by zero


2025-02-10 16:08:16.196796 - Error: division by zero
Function: cursor_error
Stack Trace:
Traceback (most recent call last):
  File "C:\Users\90544\PycharmProjects\health-check-report\main.py", line 2106, in run_scripts_and_export
    self.checklist_window.update_list(selected, True)
  File "C:\Users\90544\PycharmProjects\health-check-report\main.py", line 144, in update_list
    progress_increment = 100 / self.total_operations
ZeroDivisionError: division by zero


2025-02-10 16:08:16.523985 - Error: division by zero
Function: cursor_error
Stack Trace:
Traceback (most recent call last):
  File "C:\Users\90544\PycharmProjects\health-check-report\main.py", line 2106, in run_scripts_and_export
    self.checklist_window.update_list(selected, True)
  File "C:\Users\90544\PycharmProjects\health-check-report\main.py", line 144, in update_list
    progress_increment = 100 / self.total_operations
ZeroDivisionError: division by zero


2025-02-10 16:08:16.837057 - Error: division by zero
Function: cursor_error
Stack Trace:
Traceback (most recent call last):
  File "C:\Users\90544\PycharmProjects\health-check-report\main.py", line 2106, in run_scripts_and_export
    self.checklist_window.update_list(selected, True)
  File "C:\Users\90544\PycharmProjects\health-check-report\main.py", line 144, in update_list
    progress_increment = 100 / self.total_operations
ZeroDivisionError: division by zero


2025-02-10 16:08:17.155037 - Error: division by zero
Function: cursor_error
Stack Trace:
Traceback (most recent call last):
  File "C:\Users\90544\PycharmProjects\health-check-report\main.py", line 2106, in run_scripts_and_export
    self.checklist_window.update_list(selected, True)
  File "C:\Users\90544\PycharmProjects\health-check-report\main.py", line 144, in update_list
    progress_increment = 100 / self.total_operations
ZeroDivisionError: division by zero


2025-02-10 16:08:17.474508 - Error: division by zero
Function: cursor_error
Stack Trace:
Traceback (most recent call last):
  File "C:\Users\90544\PycharmProjects\health-check-report\main.py", line 2106, in run_scripts_and_export
    self.checklist_window.update_list(selected, True)
  File "C:\Users\90544\PycharmProjects\health-check-report\main.py", line 144, in update_list
    progress_increment = 100 / self.total_operations
ZeroDivisionError: division by zero


2025-02-10 16:08:17.793287 - Error: division by zero
Function: cursor_error
Stack Trace:
Traceback (most recent call last):
  File "C:\Users\90544\PycharmProjects\health-check-report\main.py", line 2106, in run_scripts_and_export
    self.checklist_window.update_list(selected, True)
  File "C:\Users\90544\PycharmProjects\health-check-report\main.py", line 144, in update_list
    progress_increment = 100 / self.total_operations
ZeroDivisionError: division by zero


2025-02-10 16:08:18.101283 - Error: division by zero
Function: cursor_error
Stack Trace:
Traceback (most recent call last):
  File "C:\Users\90544\PycharmProjects\health-check-report\main.py", line 2106, in run_scripts_and_export
    self.checklist_window.update_list(selected, True)
  File "C:\Users\90544\PycharmProjects\health-check-report\main.py", line 144, in update_list
    progress_increment = 100 / self.total_operations
ZeroDivisionError: division by zero


2025-02-10 16:08:18.412567 - Error: division by zero
Function: cursor_error
Stack Trace:
Traceback (most recent call last):
  File "C:\Users\90544\PycharmProjects\health-check-report\main.py", line 2106, in run_scripts_and_export
    self.checklist_window.update_list(selected, True)
  File "C:\Users\90544\PycharmProjects\health-check-report\main.py", line 144, in update_list
    progress_increment = 100 / self.total_operations
ZeroDivisionError: division by zero


2025-02-10 16:08:18.725408 - Error: division by zero
Function: cursor_error
Stack Trace:
Traceback (most recent call last):
  File "C:\Users\90544\PycharmProjects\health-check-report\main.py", line 2106, in run_scripts_and_export
    self.checklist_window.update_list(selected, True)
  File "C:\Users\90544\PycharmProjects\health-check-report\main.py", line 144, in update_list
    progress_increment = 100 / self.total_operations
ZeroDivisionError: division by zero


2025-02-10 16:08:19.036784 - Error: division by zero
Function: cursor_error
Stack Trace:
Traceback (most recent call last):
  File "C:\Users\90544\PycharmProjects\health-check-report\main.py", line 2106, in run_scripts_and_export
    self.checklist_window.update_list(selected, True)
  File "C:\Users\90544\PycharmProjects\health-check-report\main.py", line 144, in update_list
    progress_increment = 100 / self.total_operations
ZeroDivisionError: division by zero


2025-02-10 16:08:19.356282 - Error: division by zero
Function: cursor_error
Stack Trace:
Traceback (most recent call last):
  File "C:\Users\90544\PycharmProjects\health-check-report\main.py", line 2106, in run_scripts_and_export
    self.checklist_window.update_list(selected, True)
  File "C:\Users\90544\PycharmProjects\health-check-report\main.py", line 144, in update_list
    progress_increment = 100 / self.total_operations
ZeroDivisionError: division by zero


2025-02-10 16:08:19.668469 - Error: division by zero
Function: cursor_error
Stack Trace:
Traceback (most recent call last):
  File "C:\Users\90544\PycharmProjects\health-check-report\main.py", line 2106, in run_scripts_and_export
    self.checklist_window.update_list(selected, True)
  File "C:\Users\90544\PycharmProjects\health-check-report\main.py", line 144, in update_list
    progress_increment = 100 / self.total_operations
ZeroDivisionError: division by zero


2025-02-10 16:08:19.989642 - Error: division by zero
Function: cursor_error
Stack Trace:
Traceback (most recent call last):
  File "C:\Users\90544\PycharmProjects\health-check-report\main.py", line 2106, in run_scripts_and_export
    self.checklist_window.update_list(selected, True)
  File "C:\Users\90544\PycharmProjects\health-check-report\main.py", line 144, in update_list
    progress_increment = 100 / self.total_operations
ZeroDivisionError: division by zero


2025-02-10 16:08:20.297104 - Error: division by zero
Function: cursor_error
Stack Trace:
Traceback (most recent call last):
  File "C:\Users\90544\PycharmProjects\health-check-report\main.py", line 2106, in run_scripts_and_export
    self.checklist_window.update_list(selected, True)
  File "C:\Users\90544\PycharmProjects\health-check-report\main.py", line 144, in update_list
    progress_increment = 100 / self.total_operations
ZeroDivisionError: division by zero


2025-02-10 16:08:20.614649 - Error: division by zero
Function: cursor_error
Stack Trace:
Traceback (most recent call last):
  File "C:\Users\90544\PycharmProjects\health-check-report\main.py", line 2106, in run_scripts_and_export
    self.checklist_window.update_list(selected, True)
  File "C:\Users\90544\PycharmProjects\health-check-report\main.py", line 144, in update_list
    progress_increment = 100 / self.total_operations
ZeroDivisionError: division by zero


2025-02-10 16:08:20.960658 - Error: division by zero
Function: cursor_error
Stack Trace:
Traceback (most recent call last):
  File "C:\Users\90544\PycharmProjects\health-check-report\main.py", line 2106, in run_scripts_and_export
    self.checklist_window.update_list(selected, True)
  File "C:\Users\90544\PycharmProjects\health-check-report\main.py", line 144, in update_list
    progress_increment = 100 / self.total_operations
ZeroDivisionError: division by zero


2025-02-10 16:08:21.282505 - Error: division by zero
Function: cursor_error
Stack Trace:
Traceback (most recent call last):
  File "C:\Users\90544\PycharmProjects\health-check-report\main.py", line 2106, in run_scripts_and_export
    self.checklist_window.update_list(selected, True)
  File "C:\Users\90544\PycharmProjects\health-check-report\main.py", line 144, in update_list
    progress_increment = 100 / self.total_operations
ZeroDivisionError: division by zero


2025-02-10 16:08:21.592521 - Error: division by zero
Function: cursor_error
Stack Trace:
Traceback (most recent call last):
  File "C:\Users\90544\PycharmProjects\health-check-report\main.py", line 2106, in run_scripts_and_export
    self.checklist_window.update_list(selected, True)
  File "C:\Users\90544\PycharmProjects\health-check-report\main.py", line 144, in update_list
    progress_increment = 100 / self.total_operations
ZeroDivisionError: division by zero


2025-02-10 16:08:22.141674 - Error: division by zero
Function: cursor_error
Stack Trace:
Traceback (most recent call last):
  File "C:\Users\90544\PycharmProjects\health-check-report\main.py", line 2106, in run_scripts_and_export
    self.checklist_window.update_list(selected, True)
  File "C:\Users\90544\PycharmProjects\health-check-report\main.py", line 144, in update_list
    progress_increment = 100 / self.total_operations
ZeroDivisionError: division by zero


2025-02-10 16:08:22.454090 - Error: division by zero
Function: cursor_error
Stack Trace:
Traceback (most recent call last):
  File "C:\Users\90544\PycharmProjects\health-check-report\main.py", line 2106, in run_scripts_and_export
    self.checklist_window.update_list(selected, True)
  File "C:\Users\90544\PycharmProjects\health-check-report\main.py", line 144, in update_list
    progress_increment = 100 / self.total_operations
ZeroDivisionError: division by zero


2025-02-10 16:08:22.762665 - Error: division by zero
Function: cursor_error
Stack Trace:
Traceback (most recent call last):
  File "C:\Users\90544\PycharmProjects\health-check-report\main.py", line 2106, in run_scripts_and_export
    self.checklist_window.update_list(selected, True)
  File "C:\Users\90544\PycharmProjects\health-check-report\main.py", line 144, in update_list
    progress_increment = 100 / self.total_operations
ZeroDivisionError: division by zero


2025-02-10 16:08:23.075312 - Error: division by zero
Function: cursor_error
Stack Trace:
Traceback (most recent call last):
  File "C:\Users\90544\PycharmProjects\health-check-report\main.py", line 2106, in run_scripts_and_export
    self.checklist_window.update_list(selected, True)
  File "C:\Users\90544\PycharmProjects\health-check-report\main.py", line 144, in update_list
    progress_increment = 100 / self.total_operations
ZeroDivisionError: division by zero


2025-02-10 16:08:23.389028 - Error: division by zero
Function: cursor_error
Stack Trace:
Traceback (most recent call last):
  File "C:\Users\90544\PycharmProjects\health-check-report\main.py", line 2106, in run_scripts_and_export
    self.checklist_window.update_list(selected, True)
  File "C:\Users\90544\PycharmProjects\health-check-report\main.py", line 144, in update_list
    progress_increment = 100 / self.total_operations
ZeroDivisionError: division by zero


2025-02-10 16:08:23.711139 - Error: division by zero
Function: cursor_error
Stack Trace:
Traceback (most recent call last):
  File "C:\Users\90544\PycharmProjects\health-check-report\main.py", line 2106, in run_scripts_and_export
    self.checklist_window.update_list(selected, True)
  File "C:\Users\90544\PycharmProjects\health-check-report\main.py", line 144, in update_list
    progress_increment = 100 / self.total_operations
ZeroDivisionError: division by zero


2025-02-10 16:08:24.029180 - Error: division by zero
Function: cursor_error
Stack Trace:
Traceback (most recent call last):
  File "C:\Users\90544\PycharmProjects\health-check-report\main.py", line 2106, in run_scripts_and_export
    self.checklist_window.update_list(selected, True)
  File "C:\Users\90544\PycharmProjects\health-check-report\main.py", line 144, in update_list
    progress_increment = 100 / self.total_operations
ZeroDivisionError: division by zero


2025-02-10 16:08:24.516721 - Error: division by zero
Function: cursor_error
Stack Trace:
Traceback (most recent call last):
  File "C:\Users\90544\PycharmProjects\health-check-report\main.py", line 2106, in run_scripts_and_export
    self.checklist_window.update_list(selected, True)
  File "C:\Users\90544\PycharmProjects\health-check-report\main.py", line 144, in update_list
    progress_increment = 100 / self.total_operations
ZeroDivisionError: division by zero


2025-02-10 16:08:24.834501 - Error: division by zero
Function: cursor_error
Stack Trace:
Traceback (most recent call last):
  File "C:\Users\90544\PycharmProjects\health-check-report\main.py", line 2106, in run_scripts_and_export
    self.checklist_window.update_list(selected, True)
  File "C:\Users\90544\PycharmProjects\health-check-report\main.py", line 144, in update_list
    progress_increment = 100 / self.total_operations
ZeroDivisionError: division by zero


2025-02-10 16:08:25.170624 - Error: division by zero
Function: cursor_error
Stack Trace:
Traceback (most recent call last):
  File "C:\Users\90544\PycharmProjects\health-check-report\main.py", line 2106, in run_scripts_and_export
    self.checklist_window.update_list(selected, True)
  File "C:\Users\90544\PycharmProjects\health-check-report\main.py", line 144, in update_list
    progress_increment = 100 / self.total_operations
ZeroDivisionError: division by zero


2025-02-10 16:08:25.519129 - Error: division by zero
Function: cursor_error
Stack Trace:
Traceback (most recent call last):
  File "C:\Users\90544\PycharmProjects\health-check-report\main.py", line 2106, in run_scripts_and_export
    self.checklist_window.update_list(selected, True)
  File "C:\Users\90544\PycharmProjects\health-check-report\main.py", line 144, in update_list
    progress_increment = 100 / self.total_operations
ZeroDivisionError: division by zero


2025-02-10 16:08:25.830588 - Error: division by zero
Function: cursor_error
Stack Trace:
Traceback (most recent call last):
  File "C:\Users\90544\PycharmProjects\health-check-report\main.py", line 2106, in run_scripts_and_export
    self.checklist_window.update_list(selected, True)
  File "C:\Users\90544\PycharmProjects\health-check-report\main.py", line 144, in update_list
    progress_increment = 100 / self.total_operations
ZeroDivisionError: division by zero


2025-02-10 16:08:26.140181 - Error: division by zero
Function: cursor_error
Stack Trace:
Traceback (most recent call last):
  File "C:\Users\90544\PycharmProjects\health-check-report\main.py", line 2106, in run_scripts_and_export
    self.checklist_window.update_list(selected, True)
  File "C:\Users\90544\PycharmProjects\health-check-report\main.py", line 144, in update_list
    progress_increment = 100 / self.total_operations
ZeroDivisionError: division by zero


2025-02-10 16:08:27.004362 - Error: division by zero
Function: cursor_error
Stack Trace:
Traceback (most recent call last):
  File "C:\Users\90544\PycharmProjects\health-check-report\main.py", line 2106, in run_scripts_and_export
    self.checklist_window.update_list(selected, True)
  File "C:\Users\90544\PycharmProjects\health-check-report\main.py", line 144, in update_list
    progress_increment = 100 / self.total_operations
ZeroDivisionError: division by zero


2025-02-10 16:08:27.320944 - Error: division by zero
Function: cursor_error
Stack Trace:
Traceback (most recent call last):
  File "C:\Users\90544\PycharmProjects\health-check-report\main.py", line 2106, in run_scripts_and_export
    self.checklist_window.update_list(selected, True)
  File "C:\Users\90544\PycharmProjects\health-check-report\main.py", line 144, in update_list
    progress_increment = 100 / self.total_operations
ZeroDivisionError: division by zero


2025-02-17 11:27:47.051658 - Error: item(self, row: int): argument 1 has unexpected type 'str'
Function: cursor_error
Stack Trace:
Traceback (most recent call last):
  File "C:\Users\90544\PycharmProjects\health-check-report\main.py", line 2140, in run_scripts_and_export
    self.checklist_window.update_list(selected, True)
  File "C:\Users\90544\PycharmProjects\health-check-report\main.py", line 146, in update_list
    item = self.query_list.item(index)
TypeError: item(self, row: int): argument 1 has unexpected type 'str'


2025-02-17 11:27:47.379397 - Error: item(self, row: int): argument 1 has unexpected type 'str'
Function: cursor_error
Stack Trace:
Traceback (most recent call last):
  File "C:\Users\90544\PycharmProjects\health-check-report\main.py", line 2140, in run_scripts_and_export
    self.checklist_window.update_list(selected, True)
  File "C:\Users\90544\PycharmProjects\health-check-report\main.py", line 146, in update_list
    item = self.query_list.item(index)
TypeError: item(self, row: int): argument 1 has unexpected type 'str'


2025-02-17 11:27:48.312042 - Error: item(self, row: int): argument 1 has unexpected type 'str'
Function: cursor_error
Stack Trace:
Traceback (most recent call last):
  File "C:\Users\90544\PycharmProjects\health-check-report\main.py", line 2140, in run_scripts_and_export
    self.checklist_window.update_list(selected, True)
  File "C:\Users\90544\PycharmProjects\health-check-report\main.py", line 146, in update_list
    item = self.query_list.item(index)
TypeError: item(self, row: int): argument 1 has unexpected type 'str'


2025-02-17 11:27:48.624812 - Error: item(self, row: int): argument 1 has unexpected type 'str'
Function: cursor_error
Stack Trace:
Traceback (most recent call last):
  File "C:\Users\90544\PycharmProjects\health-check-report\main.py", line 2140, in run_scripts_and_export
    self.checklist_window.update_list(selected, True)
  File "C:\Users\90544\PycharmProjects\health-check-report\main.py", line 146, in update_list
    item = self.query_list.item(index)
TypeError: item(self, row: int): argument 1 has unexpected type 'str'


2025-02-17 11:27:48.943099 - Error: item(self, row: int): argument 1 has unexpected type 'str'
Function: cursor_error
Stack Trace:
Traceback (most recent call last):
  File "C:\Users\90544\PycharmProjects\health-check-report\main.py", line 2140, in run_scripts_and_export
    self.checklist_window.update_list(selected, True)
  File "C:\Users\90544\PycharmProjects\health-check-report\main.py", line 146, in update_list
    item = self.query_list.item(index)
TypeError: item(self, row: int): argument 1 has unexpected type 'str'


2025-02-17 11:27:49.256857 - Error: item(self, row: int): argument 1 has unexpected type 'str'
Function: cursor_error
Stack Trace:
Traceback (most recent call last):
  File "C:\Users\90544\PycharmProjects\health-check-report\main.py", line 2140, in run_scripts_and_export
    self.checklist_window.update_list(selected, True)
  File "C:\Users\90544\PycharmProjects\health-check-report\main.py", line 146, in update_list
    item = self.query_list.item(index)
TypeError: item(self, row: int): argument 1 has unexpected type 'str'


2025-02-17 11:27:49.572910 - Error: item(self, row: int): argument 1 has unexpected type 'str'
Function: cursor_error
Stack Trace:
Traceback (most recent call last):
  File "C:\Users\90544\PycharmProjects\health-check-report\main.py", line 2140, in run_scripts_and_export
    self.checklist_window.update_list(selected, True)
  File "C:\Users\90544\PycharmProjects\health-check-report\main.py", line 146, in update_list
    item = self.query_list.item(index)
TypeError: item(self, row: int): argument 1 has unexpected type 'str'


2025-02-17 11:27:49.879798 - Error: item(self, row: int): argument 1 has unexpected type 'str'
Function: cursor_error
Stack Trace:
Traceback (most recent call last):
  File "C:\Users\90544\PycharmProjects\health-check-report\main.py", line 2140, in run_scripts_and_export
    self.checklist_window.update_list(selected, True)
  File "C:\Users\90544\PycharmProjects\health-check-report\main.py", line 146, in update_list
    item = self.query_list.item(index)
TypeError: item(self, row: int): argument 1 has unexpected type 'str'


2025-02-17 11:27:50.192410 - Error: item(self, row: int): argument 1 has unexpected type 'str'
Function: cursor_error
Stack Trace:
Traceback (most recent call last):
  File "C:\Users\90544\PycharmProjects\health-check-report\main.py", line 2140, in run_scripts_and_export
    self.checklist_window.update_list(selected, True)
  File "C:\Users\90544\PycharmProjects\health-check-report\main.py", line 146, in update_list
    item = self.query_list.item(index)
TypeError: item(self, row: int): argument 1 has unexpected type 'str'


2025-02-17 11:27:50.503654 - Error: item(self, row: int): argument 1 has unexpected type 'str'
Function: cursor_error
Stack Trace:
Traceback (most recent call last):
  File "C:\Users\90544\PycharmProjects\health-check-report\main.py", line 2140, in run_scripts_and_export
    self.checklist_window.update_list(selected, True)
  File "C:\Users\90544\PycharmProjects\health-check-report\main.py", line 146, in update_list
    item = self.query_list.item(index)
TypeError: item(self, row: int): argument 1 has unexpected type 'str'


2025-02-17 11:27:50.820943 - Error: item(self, row: int): argument 1 has unexpected type 'str'
Function: cursor_error
Stack Trace:
Traceback (most recent call last):
  File "C:\Users\90544\PycharmProjects\health-check-report\main.py", line 2140, in run_scripts_and_export
    self.checklist_window.update_list(selected, True)
  File "C:\Users\90544\PycharmProjects\health-check-report\main.py", line 146, in update_list
    item = self.query_list.item(index)
TypeError: item(self, row: int): argument 1 has unexpected type 'str'


2025-02-17 11:27:51.133416 - Error: item(self, row: int): argument 1 has unexpected type 'str'
Function: cursor_error
Stack Trace:
Traceback (most recent call last):
  File "C:\Users\90544\PycharmProjects\health-check-report\main.py", line 2140, in run_scripts_and_export
    self.checklist_window.update_list(selected, True)
  File "C:\Users\90544\PycharmProjects\health-check-report\main.py", line 146, in update_list
    item = self.query_list.item(index)
TypeError: item(self, row: int): argument 1 has unexpected type 'str'


2025-02-17 11:27:51.443834 - Error: item(self, row: int): argument 1 has unexpected type 'str'
Function: cursor_error
Stack Trace:
Traceback (most recent call last):
  File "C:\Users\90544\PycharmProjects\health-check-report\main.py", line 2140, in run_scripts_and_export
    self.checklist_window.update_list(selected, True)
  File "C:\Users\90544\PycharmProjects\health-check-report\main.py", line 146, in update_list
    item = self.query_list.item(index)
TypeError: item(self, row: int): argument 1 has unexpected type 'str'


2025-02-17 11:27:51.751529 - Error: item(self, row: int): argument 1 has unexpected type 'str'
Function: cursor_error
Stack Trace:
Traceback (most recent call last):
  File "C:\Users\90544\PycharmProjects\health-check-report\main.py", line 2140, in run_scripts_and_export
    self.checklist_window.update_list(selected, True)
  File "C:\Users\90544\PycharmProjects\health-check-report\main.py", line 146, in update_list
    item = self.query_list.item(index)
TypeError: item(self, row: int): argument 1 has unexpected type 'str'


2025-02-17 11:27:52.054849 - Error: item(self, row: int): argument 1 has unexpected type 'str'
Function: cursor_error
Stack Trace:
Traceback (most recent call last):
  File "C:\Users\90544\PycharmProjects\health-check-report\main.py", line 2140, in run_scripts_and_export
    self.checklist_window.update_list(selected, True)
  File "C:\Users\90544\PycharmProjects\health-check-report\main.py", line 146, in update_list
    item = self.query_list.item(index)
TypeError: item(self, row: int): argument 1 has unexpected type 'str'


2025-02-17 11:27:52.358029 - Error: item(self, row: int): argument 1 has unexpected type 'str'
Function: cursor_error
Stack Trace:
Traceback (most recent call last):
  File "C:\Users\90544\PycharmProjects\health-check-report\main.py", line 2140, in run_scripts_and_export
    self.checklist_window.update_list(selected, True)
  File "C:\Users\90544\PycharmProjects\health-check-report\main.py", line 146, in update_list
    item = self.query_list.item(index)
TypeError: item(self, row: int): argument 1 has unexpected type 'str'


2025-02-17 11:27:52.666036 - Error: item(self, row: int): argument 1 has unexpected type 'str'
Function: cursor_error
Stack Trace:
Traceback (most recent call last):
  File "C:\Users\90544\PycharmProjects\health-check-report\main.py", line 2140, in run_scripts_and_export
    self.checklist_window.update_list(selected, True)
  File "C:\Users\90544\PycharmProjects\health-check-report\main.py", line 146, in update_list
    item = self.query_list.item(index)
TypeError: item(self, row: int): argument 1 has unexpected type 'str'


2025-02-17 11:27:52.970327 - Error: item(self, row: int): argument 1 has unexpected type 'str'
Function: cursor_error
Stack Trace:
Traceback (most recent call last):
  File "C:\Users\90544\PycharmProjects\health-check-report\main.py", line 2140, in run_scripts_and_export
    self.checklist_window.update_list(selected, True)
  File "C:\Users\90544\PycharmProjects\health-check-report\main.py", line 146, in update_list
    item = self.query_list.item(index)
TypeError: item(self, row: int): argument 1 has unexpected type 'str'


2025-02-17 11:27:53.275627 - Error: item(self, row: int): argument 1 has unexpected type 'str'
Function: cursor_error
Stack Trace:
Traceback (most recent call last):
  File "C:\Users\90544\PycharmProjects\health-check-report\main.py", line 2140, in run_scripts_and_export
    self.checklist_window.update_list(selected, True)
  File "C:\Users\90544\PycharmProjects\health-check-report\main.py", line 146, in update_list
    item = self.query_list.item(index)
TypeError: item(self, row: int): argument 1 has unexpected type 'str'


2025-02-17 11:27:53.579050 - Error: item(self, row: int): argument 1 has unexpected type 'str'
Function: cursor_error
Stack Trace:
Traceback (most recent call last):
  File "C:\Users\90544\PycharmProjects\health-check-report\main.py", line 2140, in run_scripts_and_export
    self.checklist_window.update_list(selected, True)
  File "C:\Users\90544\PycharmProjects\health-check-report\main.py", line 146, in update_list
    item = self.query_list.item(index)
TypeError: item(self, row: int): argument 1 has unexpected type 'str'


2025-02-17 11:27:53.883540 - Error: item(self, row: int): argument 1 has unexpected type 'str'
Function: cursor_error
Stack Trace:
Traceback (most recent call last):
  File "C:\Users\90544\PycharmProjects\health-check-report\main.py", line 2140, in run_scripts_and_export
    self.checklist_window.update_list(selected, True)
  File "C:\Users\90544\PycharmProjects\health-check-report\main.py", line 146, in update_list
    item = self.query_list.item(index)
TypeError: item(self, row: int): argument 1 has unexpected type 'str'


2025-02-17 11:27:54.198245 - Error: item(self, row: int): argument 1 has unexpected type 'str'
Function: cursor_error
Stack Trace:
Traceback (most recent call last):
  File "C:\Users\90544\PycharmProjects\health-check-report\main.py", line 2140, in run_scripts_and_export
    self.checklist_window.update_list(selected, True)
  File "C:\Users\90544\PycharmProjects\health-check-report\main.py", line 146, in update_list
    item = self.query_list.item(index)
TypeError: item(self, row: int): argument 1 has unexpected type 'str'


2025-02-17 11:27:54.506693 - Error: item(self, row: int): argument 1 has unexpected type 'str'
Function: cursor_error
Stack Trace:
Traceback (most recent call last):
  File "C:\Users\90544\PycharmProjects\health-check-report\main.py", line 2140, in run_scripts_and_export
    self.checklist_window.update_list(selected, True)
  File "C:\Users\90544\PycharmProjects\health-check-report\main.py", line 146, in update_list
    item = self.query_list.item(index)
TypeError: item(self, row: int): argument 1 has unexpected type 'str'


2025-02-17 11:27:54.822408 - Error: item(self, row: int): argument 1 has unexpected type 'str'
Function: cursor_error
Stack Trace:
Traceback (most recent call last):
  File "C:\Users\90544\PycharmProjects\health-check-report\main.py", line 2140, in run_scripts_and_export
    self.checklist_window.update_list(selected, True)
  File "C:\Users\90544\PycharmProjects\health-check-report\main.py", line 146, in update_list
    item = self.query_list.item(index)
TypeError: item(self, row: int): argument 1 has unexpected type 'str'


2025-02-17 11:27:55.168163 - Error: item(self, row: int): argument 1 has unexpected type 'str'
Function: cursor_error
Stack Trace:
Traceback (most recent call last):
  File "C:\Users\90544\PycharmProjects\health-check-report\main.py", line 2140, in run_scripts_and_export
    self.checklist_window.update_list(selected, True)
  File "C:\Users\90544\PycharmProjects\health-check-report\main.py", line 146, in update_list
    item = self.query_list.item(index)
TypeError: item(self, row: int): argument 1 has unexpected type 'str'


2025-02-17 11:27:55.484382 - Error: item(self, row: int): argument 1 has unexpected type 'str'
Function: cursor_error
Stack Trace:
Traceback (most recent call last):
  File "C:\Users\90544\PycharmProjects\health-check-report\main.py", line 2140, in run_scripts_and_export
    self.checklist_window.update_list(selected, True)
  File "C:\Users\90544\PycharmProjects\health-check-report\main.py", line 146, in update_list
    item = self.query_list.item(index)
TypeError: item(self, row: int): argument 1 has unexpected type 'str'


2025-02-17 11:27:55.800721 - Error: item(self, row: int): argument 1 has unexpected type 'str'
Function: cursor_error
Stack Trace:
Traceback (most recent call last):
  File "C:\Users\90544\PycharmProjects\health-check-report\main.py", line 2140, in run_scripts_and_export
    self.checklist_window.update_list(selected, True)
  File "C:\Users\90544\PycharmProjects\health-check-report\main.py", line 146, in update_list
    item = self.query_list.item(index)
TypeError: item(self, row: int): argument 1 has unexpected type 'str'


2025-02-17 11:27:56.325634 - Error: item(self, row: int): argument 1 has unexpected type 'str'
Function: cursor_error
Stack Trace:
Traceback (most recent call last):
  File "C:\Users\90544\PycharmProjects\health-check-report\main.py", line 2140, in run_scripts_and_export
    self.checklist_window.update_list(selected, True)
  File "C:\Users\90544\PycharmProjects\health-check-report\main.py", line 146, in update_list
    item = self.query_list.item(index)
TypeError: item(self, row: int): argument 1 has unexpected type 'str'


2025-02-17 11:27:56.645903 - Error: item(self, row: int): argument 1 has unexpected type 'str'
Function: cursor_error
Stack Trace:
Traceback (most recent call last):
  File "C:\Users\90544\PycharmProjects\health-check-report\main.py", line 2140, in run_scripts_and_export
    self.checklist_window.update_list(selected, True)
  File "C:\Users\90544\PycharmProjects\health-check-report\main.py", line 146, in update_list
    item = self.query_list.item(index)
TypeError: item(self, row: int): argument 1 has unexpected type 'str'


2025-02-17 11:27:56.952736 - Error: item(self, row: int): argument 1 has unexpected type 'str'
Function: cursor_error
Stack Trace:
Traceback (most recent call last):
  File "C:\Users\90544\PycharmProjects\health-check-report\main.py", line 2140, in run_scripts_and_export
    self.checklist_window.update_list(selected, True)
  File "C:\Users\90544\PycharmProjects\health-check-report\main.py", line 146, in update_list
    item = self.query_list.item(index)
TypeError: item(self, row: int): argument 1 has unexpected type 'str'


2025-02-17 11:27:57.257769 - Error: item(self, row: int): argument 1 has unexpected type 'str'
Function: cursor_error
Stack Trace:
Traceback (most recent call last):
  File "C:\Users\90544\PycharmProjects\health-check-report\main.py", line 2140, in run_scripts_and_export
    self.checklist_window.update_list(selected, True)
  File "C:\Users\90544\PycharmProjects\health-check-report\main.py", line 146, in update_list
    item = self.query_list.item(index)
TypeError: item(self, row: int): argument 1 has unexpected type 'str'


2025-02-17 11:27:57.564663 - Error: item(self, row: int): argument 1 has unexpected type 'str'
Function: cursor_error
Stack Trace:
Traceback (most recent call last):
  File "C:\Users\90544\PycharmProjects\health-check-report\main.py", line 2140, in run_scripts_and_export
    self.checklist_window.update_list(selected, True)
  File "C:\Users\90544\PycharmProjects\health-check-report\main.py", line 146, in update_list
    item = self.query_list.item(index)
TypeError: item(self, row: int): argument 1 has unexpected type 'str'


2025-02-17 11:27:57.868941 - Error: item(self, row: int): argument 1 has unexpected type 'str'
Function: cursor_error
Stack Trace:
Traceback (most recent call last):
  File "C:\Users\90544\PycharmProjects\health-check-report\main.py", line 2140, in run_scripts_and_export
    self.checklist_window.update_list(selected, True)
  File "C:\Users\90544\PycharmProjects\health-check-report\main.py", line 146, in update_list
    item = self.query_list.item(index)
TypeError: item(self, row: int): argument 1 has unexpected type 'str'


2025-02-17 11:27:58.172010 - Error: item(self, row: int): argument 1 has unexpected type 'str'
Function: cursor_error
Stack Trace:
Traceback (most recent call last):
  File "C:\Users\90544\PycharmProjects\health-check-report\main.py", line 2140, in run_scripts_and_export
    self.checklist_window.update_list(selected, True)
  File "C:\Users\90544\PycharmProjects\health-check-report\main.py", line 146, in update_list
    item = self.query_list.item(index)
TypeError: item(self, row: int): argument 1 has unexpected type 'str'


2025-02-17 11:27:58.487710 - Error: item(self, row: int): argument 1 has unexpected type 'str'
Function: cursor_error
Stack Trace:
Traceback (most recent call last):
  File "C:\Users\90544\PycharmProjects\health-check-report\main.py", line 2140, in run_scripts_and_export
    self.checklist_window.update_list(selected, True)
  File "C:\Users\90544\PycharmProjects\health-check-report\main.py", line 146, in update_list
    item = self.query_list.item(index)
TypeError: item(self, row: int): argument 1 has unexpected type 'str'


2025-02-17 11:27:58.798306 - Error: item(self, row: int): argument 1 has unexpected type 'str'
Function: cursor_error
Stack Trace:
Traceback (most recent call last):
  File "C:\Users\90544\PycharmProjects\health-check-report\main.py", line 2140, in run_scripts_and_export
    self.checklist_window.update_list(selected, True)
  File "C:\Users\90544\PycharmProjects\health-check-report\main.py", line 146, in update_list
    item = self.query_list.item(index)
TypeError: item(self, row: int): argument 1 has unexpected type 'str'


2025-02-17 11:27:59.111315 - Error: item(self, row: int): argument 1 has unexpected type 'str'
Function: cursor_error
Stack Trace:
Traceback (most recent call last):
  File "C:\Users\90544\PycharmProjects\health-check-report\main.py", line 2140, in run_scripts_and_export
    self.checklist_window.update_list(selected, True)
  File "C:\Users\90544\PycharmProjects\health-check-report\main.py", line 146, in update_list
    item = self.query_list.item(index)
TypeError: item(self, row: int): argument 1 has unexpected type 'str'


2025-02-17 11:27:59.419740 - Error: item(self, row: int): argument 1 has unexpected type 'str'
Function: cursor_error
Stack Trace:
Traceback (most recent call last):
  File "C:\Users\90544\PycharmProjects\health-check-report\main.py", line 2140, in run_scripts_and_export
    self.checklist_window.update_list(selected, True)
  File "C:\Users\90544\PycharmProjects\health-check-report\main.py", line 146, in update_list
    item = self.query_list.item(index)
TypeError: item(self, row: int): argument 1 has unexpected type 'str'


2025-02-17 11:27:59.728240 - Error: item(self, row: int): argument 1 has unexpected type 'str'
Function: cursor_error
Stack Trace:
Traceback (most recent call last):
  File "C:\Users\90544\PycharmProjects\health-check-report\main.py", line 2140, in run_scripts_and_export
    self.checklist_window.update_list(selected, True)
  File "C:\Users\90544\PycharmProjects\health-check-report\main.py", line 146, in update_list
    item = self.query_list.item(index)
TypeError: item(self, row: int): argument 1 has unexpected type 'str'


2025-02-17 11:28:00.039002 - Error: item(self, row: int): argument 1 has unexpected type 'str'
Function: cursor_error
Stack Trace:
Traceback (most recent call last):
  File "C:\Users\90544\PycharmProjects\health-check-report\main.py", line 2140, in run_scripts_and_export
    self.checklist_window.update_list(selected, True)
  File "C:\Users\90544\PycharmProjects\health-check-report\main.py", line 146, in update_list
    item = self.query_list.item(index)
TypeError: item(self, row: int): argument 1 has unexpected type 'str'


2025-02-17 11:28:00.851730 - Error: item(self, row: int): argument 1 has unexpected type 'str'
Function: cursor_error
Stack Trace:
Traceback (most recent call last):
  File "C:\Users\90544\PycharmProjects\health-check-report\main.py", line 2140, in run_scripts_and_export
    self.checklist_window.update_list(selected, True)
  File "C:\Users\90544\PycharmProjects\health-check-report\main.py", line 146, in update_list
    item = self.query_list.item(index)
TypeError: item(self, row: int): argument 1 has unexpected type 'str'


2025-02-17 11:28:01.163798 - Error: item(self, row: int): argument 1 has unexpected type 'str'
Function: cursor_error
Stack Trace:
Traceback (most recent call last):
  File "C:\Users\90544\PycharmProjects\health-check-report\main.py", line 2140, in run_scripts_and_export
    self.checklist_window.update_list(selected, True)
  File "C:\Users\90544\PycharmProjects\health-check-report\main.py", line 146, in update_list
    item = self.query_list.item(index)
TypeError: item(self, row: int): argument 1 has unexpected type 'str'


2025-02-17 11:29:53.559852 - Error: item(self, row: int): argument 1 has unexpected type 'str'
Function: cursor_error
Stack Trace:
Traceback (most recent call last):
  File "C:\Users\90544\PycharmProjects\health-check-report\main.py", line 2140, in run_scripts_and_export
    self.checklist_window.update_list(selected, True)
  File "C:\Users\90544\PycharmProjects\health-check-report\main.py", line 146, in update_list
    item = self.query_list.item(index)
TypeError: item(self, row: int): argument 1 has unexpected type 'str'


2025-02-17 11:29:53.866920 - Error: item(self, row: int): argument 1 has unexpected type 'str'
Function: cursor_error
Stack Trace:
Traceback (most recent call last):
  File "C:\Users\90544\PycharmProjects\health-check-report\main.py", line 2140, in run_scripts_and_export
    self.checklist_window.update_list(selected, True)
  File "C:\Users\90544\PycharmProjects\health-check-report\main.py", line 146, in update_list
    item = self.query_list.item(index)
TypeError: item(self, row: int): argument 1 has unexpected type 'str'


2025-02-17 11:29:54.963396 - Error: item(self, row: int): argument 1 has unexpected type 'str'
Function: cursor_error
Stack Trace:
Traceback (most recent call last):
  File "C:\Users\90544\PycharmProjects\health-check-report\main.py", line 2140, in run_scripts_and_export
    self.checklist_window.update_list(selected, True)
  File "C:\Users\90544\PycharmProjects\health-check-report\main.py", line 146, in update_list
    item = self.query_list.item(index)
TypeError: item(self, row: int): argument 1 has unexpected type 'str'


2025-02-17 11:29:55.278951 - Error: item(self, row: int): argument 1 has unexpected type 'str'
Function: cursor_error
Stack Trace:
Traceback (most recent call last):
  File "C:\Users\90544\PycharmProjects\health-check-report\main.py", line 2140, in run_scripts_and_export
    self.checklist_window.update_list(selected, True)
  File "C:\Users\90544\PycharmProjects\health-check-report\main.py", line 146, in update_list
    item = self.query_list.item(index)
TypeError: item(self, row: int): argument 1 has unexpected type 'str'


2025-02-17 11:29:55.585578 - Error: item(self, row: int): argument 1 has unexpected type 'str'
Function: cursor_error
Stack Trace:
Traceback (most recent call last):
  File "C:\Users\90544\PycharmProjects\health-check-report\main.py", line 2140, in run_scripts_and_export
    self.checklist_window.update_list(selected, True)
  File "C:\Users\90544\PycharmProjects\health-check-report\main.py", line 146, in update_list
    item = self.query_list.item(index)
TypeError: item(self, row: int): argument 1 has unexpected type 'str'


2025-02-17 11:29:55.896041 - Error: item(self, row: int): argument 1 has unexpected type 'str'
Function: cursor_error
Stack Trace:
Traceback (most recent call last):
  File "C:\Users\90544\PycharmProjects\health-check-report\main.py", line 2140, in run_scripts_and_export
    self.checklist_window.update_list(selected, True)
  File "C:\Users\90544\PycharmProjects\health-check-report\main.py", line 146, in update_list
    item = self.query_list.item(index)
TypeError: item(self, row: int): argument 1 has unexpected type 'str'


2025-02-17 11:29:56.210800 - Error: item(self, row: int): argument 1 has unexpected type 'str'
Function: cursor_error
Stack Trace:
Traceback (most recent call last):
  File "C:\Users\90544\PycharmProjects\health-check-report\main.py", line 2140, in run_scripts_and_export
    self.checklist_window.update_list(selected, True)
  File "C:\Users\90544\PycharmProjects\health-check-report\main.py", line 146, in update_list
    item = self.query_list.item(index)
TypeError: item(self, row: int): argument 1 has unexpected type 'str'


2025-02-17 11:29:56.524193 - Error: item(self, row: int): argument 1 has unexpected type 'str'
Function: cursor_error
Stack Trace:
Traceback (most recent call last):
  File "C:\Users\90544\PycharmProjects\health-check-report\main.py", line 2140, in run_scripts_and_export
    self.checklist_window.update_list(selected, True)
  File "C:\Users\90544\PycharmProjects\health-check-report\main.py", line 146, in update_list
    item = self.query_list.item(index)
TypeError: item(self, row: int): argument 1 has unexpected type 'str'


2025-02-17 11:29:56.839029 - Error: item(self, row: int): argument 1 has unexpected type 'str'
Function: cursor_error
Stack Trace:
Traceback (most recent call last):
  File "C:\Users\90544\PycharmProjects\health-check-report\main.py", line 2140, in run_scripts_and_export
    self.checklist_window.update_list(selected, True)
  File "C:\Users\90544\PycharmProjects\health-check-report\main.py", line 146, in update_list
    item = self.query_list.item(index)
TypeError: item(self, row: int): argument 1 has unexpected type 'str'


2025-02-17 11:29:57.145675 - Error: item(self, row: int): argument 1 has unexpected type 'str'
Function: cursor_error
Stack Trace:
Traceback (most recent call last):
  File "C:\Users\90544\PycharmProjects\health-check-report\main.py", line 2140, in run_scripts_and_export
    self.checklist_window.update_list(selected, True)
  File "C:\Users\90544\PycharmProjects\health-check-report\main.py", line 146, in update_list
    item = self.query_list.item(index)
TypeError: item(self, row: int): argument 1 has unexpected type 'str'


2025-02-17 11:29:57.462695 - Error: item(self, row: int): argument 1 has unexpected type 'str'
Function: cursor_error
Stack Trace:
Traceback (most recent call last):
  File "C:\Users\90544\PycharmProjects\health-check-report\main.py", line 2140, in run_scripts_and_export
    self.checklist_window.update_list(selected, True)
  File "C:\Users\90544\PycharmProjects\health-check-report\main.py", line 146, in update_list
    item = self.query_list.item(index)
TypeError: item(self, row: int): argument 1 has unexpected type 'str'


2025-02-17 11:29:57.767029 - Error: item(self, row: int): argument 1 has unexpected type 'str'
Function: cursor_error
Stack Trace:
Traceback (most recent call last):
  File "C:\Users\90544\PycharmProjects\health-check-report\main.py", line 2140, in run_scripts_and_export
    self.checklist_window.update_list(selected, True)
  File "C:\Users\90544\PycharmProjects\health-check-report\main.py", line 146, in update_list
    item = self.query_list.item(index)
TypeError: item(self, row: int): argument 1 has unexpected type 'str'


2025-02-17 11:29:58.071127 - Error: item(self, row: int): argument 1 has unexpected type 'str'
Function: cursor_error
Stack Trace:
Traceback (most recent call last):
  File "C:\Users\90544\PycharmProjects\health-check-report\main.py", line 2140, in run_scripts_and_export
    self.checklist_window.update_list(selected, True)
  File "C:\Users\90544\PycharmProjects\health-check-report\main.py", line 146, in update_list
    item = self.query_list.item(index)
TypeError: item(self, row: int): argument 1 has unexpected type 'str'


2025-02-17 11:29:58.377744 - Error: item(self, row: int): argument 1 has unexpected type 'str'
Function: cursor_error
Stack Trace:
Traceback (most recent call last):
  File "C:\Users\90544\PycharmProjects\health-check-report\main.py", line 2140, in run_scripts_and_export
    self.checklist_window.update_list(selected, True)
  File "C:\Users\90544\PycharmProjects\health-check-report\main.py", line 146, in update_list
    item = self.query_list.item(index)
TypeError: item(self, row: int): argument 1 has unexpected type 'str'


2025-02-17 11:29:58.692075 - Error: item(self, row: int): argument 1 has unexpected type 'str'
Function: cursor_error
Stack Trace:
Traceback (most recent call last):
  File "C:\Users\90544\PycharmProjects\health-check-report\main.py", line 2140, in run_scripts_and_export
    self.checklist_window.update_list(selected, True)
  File "C:\Users\90544\PycharmProjects\health-check-report\main.py", line 146, in update_list
    item = self.query_list.item(index)
TypeError: item(self, row: int): argument 1 has unexpected type 'str'


2025-02-17 11:29:59.001907 - Error: item(self, row: int): argument 1 has unexpected type 'str'
Function: cursor_error
Stack Trace:
Traceback (most recent call last):
  File "C:\Users\90544\PycharmProjects\health-check-report\main.py", line 2140, in run_scripts_and_export
    self.checklist_window.update_list(selected, True)
  File "C:\Users\90544\PycharmProjects\health-check-report\main.py", line 146, in update_list
    item = self.query_list.item(index)
TypeError: item(self, row: int): argument 1 has unexpected type 'str'


2025-02-17 11:29:59.307371 - Error: item(self, row: int): argument 1 has unexpected type 'str'
Function: cursor_error
Stack Trace:
Traceback (most recent call last):
  File "C:\Users\90544\PycharmProjects\health-check-report\main.py", line 2140, in run_scripts_and_export
    self.checklist_window.update_list(selected, True)
  File "C:\Users\90544\PycharmProjects\health-check-report\main.py", line 146, in update_list
    item = self.query_list.item(index)
TypeError: item(self, row: int): argument 1 has unexpected type 'str'


2025-02-17 11:29:59.611440 - Error: item(self, row: int): argument 1 has unexpected type 'str'
Function: cursor_error
Stack Trace:
Traceback (most recent call last):
  File "C:\Users\90544\PycharmProjects\health-check-report\main.py", line 2140, in run_scripts_and_export
    self.checklist_window.update_list(selected, True)
  File "C:\Users\90544\PycharmProjects\health-check-report\main.py", line 146, in update_list
    item = self.query_list.item(index)
TypeError: item(self, row: int): argument 1 has unexpected type 'str'


2025-02-17 11:29:59.918258 - Error: item(self, row: int): argument 1 has unexpected type 'str'
Function: cursor_error
Stack Trace:
Traceback (most recent call last):
  File "C:\Users\90544\PycharmProjects\health-check-report\main.py", line 2140, in run_scripts_and_export
    self.checklist_window.update_list(selected, True)
  File "C:\Users\90544\PycharmProjects\health-check-report\main.py", line 146, in update_list
    item = self.query_list.item(index)
TypeError: item(self, row: int): argument 1 has unexpected type 'str'


2025-02-17 11:30:00.234272 - Error: item(self, row: int): argument 1 has unexpected type 'str'
Function: cursor_error
Stack Trace:
Traceback (most recent call last):
  File "C:\Users\90544\PycharmProjects\health-check-report\main.py", line 2140, in run_scripts_and_export
    self.checklist_window.update_list(selected, True)
  File "C:\Users\90544\PycharmProjects\health-check-report\main.py", line 146, in update_list
    item = self.query_list.item(index)
TypeError: item(self, row: int): argument 1 has unexpected type 'str'


2025-02-17 11:30:00.540787 - Error: item(self, row: int): argument 1 has unexpected type 'str'
Function: cursor_error
Stack Trace:
Traceback (most recent call last):
  File "C:\Users\90544\PycharmProjects\health-check-report\main.py", line 2140, in run_scripts_and_export
    self.checklist_window.update_list(selected, True)
  File "C:\Users\90544\PycharmProjects\health-check-report\main.py", line 146, in update_list
    item = self.query_list.item(index)
TypeError: item(self, row: int): argument 1 has unexpected type 'str'


2025-02-17 11:30:00.846050 - Error: item(self, row: int): argument 1 has unexpected type 'str'
Function: cursor_error
Stack Trace:
Traceback (most recent call last):
  File "C:\Users\90544\PycharmProjects\health-check-report\main.py", line 2140, in run_scripts_and_export
    self.checklist_window.update_list(selected, True)
  File "C:\Users\90544\PycharmProjects\health-check-report\main.py", line 146, in update_list
    item = self.query_list.item(index)
TypeError: item(self, row: int): argument 1 has unexpected type 'str'


2025-02-17 11:30:01.153834 - Error: item(self, row: int): argument 1 has unexpected type 'str'
Function: cursor_error
Stack Trace:
Traceback (most recent call last):
  File "C:\Users\90544\PycharmProjects\health-check-report\main.py", line 2140, in run_scripts_and_export
    self.checklist_window.update_list(selected, True)
  File "C:\Users\90544\PycharmProjects\health-check-report\main.py", line 146, in update_list
    item = self.query_list.item(index)
TypeError: item(self, row: int): argument 1 has unexpected type 'str'


2025-02-17 11:30:01.459910 - Error: item(self, row: int): argument 1 has unexpected type 'str'
Function: cursor_error
Stack Trace:
Traceback (most recent call last):
  File "C:\Users\90544\PycharmProjects\health-check-report\main.py", line 2140, in run_scripts_and_export
    self.checklist_window.update_list(selected, True)
  File "C:\Users\90544\PycharmProjects\health-check-report\main.py", line 146, in update_list
    item = self.query_list.item(index)
TypeError: item(self, row: int): argument 1 has unexpected type 'str'


2025-02-17 11:30:01.803943 - Error: item(self, row: int): argument 1 has unexpected type 'str'
Function: cursor_error
Stack Trace:
Traceback (most recent call last):
  File "C:\Users\90544\PycharmProjects\health-check-report\main.py", line 2140, in run_scripts_and_export
    self.checklist_window.update_list(selected, True)
  File "C:\Users\90544\PycharmProjects\health-check-report\main.py", line 146, in update_list
    item = self.query_list.item(index)
TypeError: item(self, row: int): argument 1 has unexpected type 'str'


2025-02-17 11:30:02.128688 - Error: item(self, row: int): argument 1 has unexpected type 'str'
Function: cursor_error
Stack Trace:
Traceback (most recent call last):
  File "C:\Users\90544\PycharmProjects\health-check-report\main.py", line 2140, in run_scripts_and_export
    self.checklist_window.update_list(selected, True)
  File "C:\Users\90544\PycharmProjects\health-check-report\main.py", line 146, in update_list
    item = self.query_list.item(index)
TypeError: item(self, row: int): argument 1 has unexpected type 'str'


2025-02-17 11:30:02.452729 - Error: item(self, row: int): argument 1 has unexpected type 'str'
Function: cursor_error
Stack Trace:
Traceback (most recent call last):
  File "C:\Users\90544\PycharmProjects\health-check-report\main.py", line 2140, in run_scripts_and_export
    self.checklist_window.update_list(selected, True)
  File "C:\Users\90544\PycharmProjects\health-check-report\main.py", line 146, in update_list
    item = self.query_list.item(index)
TypeError: item(self, row: int): argument 1 has unexpected type 'str'


2025-02-17 11:30:02.960849 - Error: item(self, row: int): argument 1 has unexpected type 'str'
Function: cursor_error
Stack Trace:
Traceback (most recent call last):
  File "C:\Users\90544\PycharmProjects\health-check-report\main.py", line 2140, in run_scripts_and_export
    self.checklist_window.update_list(selected, True)
  File "C:\Users\90544\PycharmProjects\health-check-report\main.py", line 146, in update_list
    item = self.query_list.item(index)
TypeError: item(self, row: int): argument 1 has unexpected type 'str'


2025-02-17 11:30:03.273163 - Error: item(self, row: int): argument 1 has unexpected type 'str'
Function: cursor_error
Stack Trace:
Traceback (most recent call last):
  File "C:\Users\90544\PycharmProjects\health-check-report\main.py", line 2140, in run_scripts_and_export
    self.checklist_window.update_list(selected, True)
  File "C:\Users\90544\PycharmProjects\health-check-report\main.py", line 146, in update_list
    item = self.query_list.item(index)
TypeError: item(self, row: int): argument 1 has unexpected type 'str'


2025-02-17 11:30:03.586193 - Error: item(self, row: int): argument 1 has unexpected type 'str'
Function: cursor_error
Stack Trace:
Traceback (most recent call last):
  File "C:\Users\90544\PycharmProjects\health-check-report\main.py", line 2140, in run_scripts_and_export
    self.checklist_window.update_list(selected, True)
  File "C:\Users\90544\PycharmProjects\health-check-report\main.py", line 146, in update_list
    item = self.query_list.item(index)
TypeError: item(self, row: int): argument 1 has unexpected type 'str'


2025-02-17 11:30:03.897648 - Error: item(self, row: int): argument 1 has unexpected type 'str'
Function: cursor_error
Stack Trace:
Traceback (most recent call last):
  File "C:\Users\90544\PycharmProjects\health-check-report\main.py", line 2140, in run_scripts_and_export
    self.checklist_window.update_list(selected, True)
  File "C:\Users\90544\PycharmProjects\health-check-report\main.py", line 146, in update_list
    item = self.query_list.item(index)
TypeError: item(self, row: int): argument 1 has unexpected type 'str'


2025-02-17 11:30:04.211956 - Error: item(self, row: int): argument 1 has unexpected type 'str'
Function: cursor_error
Stack Trace:
Traceback (most recent call last):
  File "C:\Users\90544\PycharmProjects\health-check-report\main.py", line 2140, in run_scripts_and_export
    self.checklist_window.update_list(selected, True)
  File "C:\Users\90544\PycharmProjects\health-check-report\main.py", line 146, in update_list
    item = self.query_list.item(index)
TypeError: item(self, row: int): argument 1 has unexpected type 'str'


2025-02-17 11:30:04.520745 - Error: item(self, row: int): argument 1 has unexpected type 'str'
Function: cursor_error
Stack Trace:
Traceback (most recent call last):
  File "C:\Users\90544\PycharmProjects\health-check-report\main.py", line 2140, in run_scripts_and_export
    self.checklist_window.update_list(selected, True)
  File "C:\Users\90544\PycharmProjects\health-check-report\main.py", line 146, in update_list
    item = self.query_list.item(index)
TypeError: item(self, row: int): argument 1 has unexpected type 'str'


2025-02-17 11:30:04.824580 - Error: item(self, row: int): argument 1 has unexpected type 'str'
Function: cursor_error
Stack Trace:
Traceback (most recent call last):
  File "C:\Users\90544\PycharmProjects\health-check-report\main.py", line 2140, in run_scripts_and_export
    self.checklist_window.update_list(selected, True)
  File "C:\Users\90544\PycharmProjects\health-check-report\main.py", line 146, in update_list
    item = self.query_list.item(index)
TypeError: item(self, row: int): argument 1 has unexpected type 'str'


2025-02-17 11:30:05.128119 - Error: item(self, row: int): argument 1 has unexpected type 'str'
Function: cursor_error
Stack Trace:
Traceback (most recent call last):
  File "C:\Users\90544\PycharmProjects\health-check-report\main.py", line 2140, in run_scripts_and_export
    self.checklist_window.update_list(selected, True)
  File "C:\Users\90544\PycharmProjects\health-check-report\main.py", line 146, in update_list
    item = self.query_list.item(index)
TypeError: item(self, row: int): argument 1 has unexpected type 'str'


2025-02-17 11:30:05.433612 - Error: item(self, row: int): argument 1 has unexpected type 'str'
Function: cursor_error
Stack Trace:
Traceback (most recent call last):
  File "C:\Users\90544\PycharmProjects\health-check-report\main.py", line 2140, in run_scripts_and_export
    self.checklist_window.update_list(selected, True)
  File "C:\Users\90544\PycharmProjects\health-check-report\main.py", line 146, in update_list
    item = self.query_list.item(index)
TypeError: item(self, row: int): argument 1 has unexpected type 'str'


2025-02-17 11:30:05.737446 - Error: item(self, row: int): argument 1 has unexpected type 'str'
Function: cursor_error
Stack Trace:
Traceback (most recent call last):
  File "C:\Users\90544\PycharmProjects\health-check-report\main.py", line 2140, in run_scripts_and_export
    self.checklist_window.update_list(selected, True)
  File "C:\Users\90544\PycharmProjects\health-check-report\main.py", line 146, in update_list
    item = self.query_list.item(index)
TypeError: item(self, row: int): argument 1 has unexpected type 'str'


2025-02-17 11:30:06.041954 - Error: item(self, row: int): argument 1 has unexpected type 'str'
Function: cursor_error
Stack Trace:
Traceback (most recent call last):
  File "C:\Users\90544\PycharmProjects\health-check-report\main.py", line 2140, in run_scripts_and_export
    self.checklist_window.update_list(selected, True)
  File "C:\Users\90544\PycharmProjects\health-check-report\main.py", line 146, in update_list
    item = self.query_list.item(index)
TypeError: item(self, row: int): argument 1 has unexpected type 'str'


2025-02-17 11:30:06.345847 - Error: item(self, row: int): argument 1 has unexpected type 'str'
Function: cursor_error
Stack Trace:
Traceback (most recent call last):
  File "C:\Users\90544\PycharmProjects\health-check-report\main.py", line 2140, in run_scripts_and_export
    self.checklist_window.update_list(selected, True)
  File "C:\Users\90544\PycharmProjects\health-check-report\main.py", line 146, in update_list
    item = self.query_list.item(index)
TypeError: item(self, row: int): argument 1 has unexpected type 'str'


2025-02-17 11:30:06.649331 - Error: item(self, row: int): argument 1 has unexpected type 'str'
Function: cursor_error
Stack Trace:
Traceback (most recent call last):
  File "C:\Users\90544\PycharmProjects\health-check-report\main.py", line 2140, in run_scripts_and_export
    self.checklist_window.update_list(selected, True)
  File "C:\Users\90544\PycharmProjects\health-check-report\main.py", line 146, in update_list
    item = self.query_list.item(index)
TypeError: item(self, row: int): argument 1 has unexpected type 'str'


2025-02-17 11:30:07.444542 - Error: item(self, row: int): argument 1 has unexpected type 'str'
Function: cursor_error
Stack Trace:
Traceback (most recent call last):
  File "C:\Users\90544\PycharmProjects\health-check-report\main.py", line 2140, in run_scripts_and_export
    self.checklist_window.update_list(selected, True)
  File "C:\Users\90544\PycharmProjects\health-check-report\main.py", line 146, in update_list
    item = self.query_list.item(index)
TypeError: item(self, row: int): argument 1 has unexpected type 'str'


2025-02-17 11:30:07.749966 - Error: item(self, row: int): argument 1 has unexpected type 'str'
Function: cursor_error
Stack Trace:
Traceback (most recent call last):
  File "C:\Users\90544\PycharmProjects\health-check-report\main.py", line 2140, in run_scripts_and_export
    self.checklist_window.update_list(selected, True)
  File "C:\Users\90544\PycharmProjects\health-check-report\main.py", line 146, in update_list
    item = self.query_list.item(index)
TypeError: item(self, row: int): argument 1 has unexpected type 'str'


2025-02-17 13:51:43.169275 - Error: [Errno 2] No such file or directory: 'C:\\Users\\90544\\PycharmProjects\\health-check-report\\internal\\spcu\\sqlserver-2019.csv'
Function: SPCU
Stack Trace:
Traceback (most recent call last):
  File "C:\Users\90544\PycharmProjects\health-check-report\main.py", line 855, in generate_dataframe_from_excel
    cu_data = pd.read_csv(csv_path)
  File "C:\Users\90544\PycharmProjects\lab\health-check-report\lib\site-packages\pandas\io\parsers\readers.py", line 1026, in read_csv
    return _read(filepath_or_buffer, kwds)
  File "C:\Users\90544\PycharmProjects\lab\health-check-report\lib\site-packages\pandas\io\parsers\readers.py", line 620, in _read
    parser = TextFileReader(filepath_or_buffer, **kwds)
  File "C:\Users\90544\PycharmProjects\lab\health-check-report\lib\site-packages\pandas\io\parsers\readers.py", line 1620, in __init__
    self._engine = self._make_engine(f, self.engine)
  File "C:\Users\90544\PycharmProjects\lab\health-check-report\lib\site-packages\pandas\io\parsers\readers.py", line 1880, in _make_engine
    self.handles = get_handle(
  File "C:\Users\90544\PycharmProjects\lab\health-check-report\lib\site-packages\pandas\io\common.py", line 873, in get_handle
    handle = open(
FileNotFoundError: [Errno 2] No such file or directory: 'C:\\Users\\90544\\PycharmProjects\\health-check-report\\internal\\spcu\\sqlserver-2019.csv'


2025-02-17 14:53:08.725571 - Error: 1
Function: generate_dataframe_from_excel
Stack Trace:
Traceback (most recent call last):
  File "C:\Users\90544\PycharmProjects\lab\health-check-report\lib\site-packages\pandas\core\indexes\range.py", line 413, in get_loc
    return self._range.index(new_key)
ValueError: 1 is not in range

The above exception was the direct cause of the following exception:

Traceback (most recent call last):
  File "C:\Users\90544\PycharmProjects\health-check-report\main.py", line 501, in generate_dataframe_from_excel
    print(version[1])
  File "C:\Users\90544\PycharmProjects\lab\health-check-report\lib\site-packages\pandas\core\series.py", line 1121, in __getitem__
    return self._get_value(key)
  File "C:\Users\90544\PycharmProjects\lab\health-check-report\lib\site-packages\pandas\core\series.py", line 1237, in _get_value
    loc = self.index.get_loc(label)
  File "C:\Users\90544\PycharmProjects\lab\health-check-report\lib\site-packages\pandas\core\indexes\range.py", line 415, in get_loc
    raise KeyError(key) from err
KeyError: 1


2025-02-17 14:53:12.137607 - Error: 'NoneType' object is not subscriptable
Function: group_dataframe
Stack Trace:
Traceback (most recent call last):
  File "C:\Users\90544\PycharmProjects\health-check-report\main.py", line 1554, in group_dataframe
    row = summary_df[summary_df["control_column_name"] == item]
TypeError: 'NoneType' object is not subscriptable


2025-02-17 14:53:12.138606 - Error: 'NoneType' object is not subscriptable
Function: summarize_dataframe
Stack Trace:
Traceback (most recent call last):
  File "C:\Users\90544\PycharmProjects\health-check-report\main.py", line 1514, in summarize_dataframe
    for group in grouped_df["Group"].unique():
TypeError: 'NoneType' object is not subscriptable


2025-02-17 14:53:12.139606 - Error: 'NoneType' object has no attribute 'merge'
Function: score_table
Stack Trace:
Traceback (most recent call last):
  File "C:\Users\90544\PycharmProjects\health-check-report\main.py", line 476, in score_table
    merged_df = summary_df.merge(scoring_df, left_on='control_column_name', right_on='Parameter', how='left')
AttributeError: 'NoneType' object has no attribute 'merge'


2025-02-17 14:53:12.400055 - Error: 'NoneType' object has no attribute 'to_excel'
Function: excel_writer
Stack Trace:
Traceback (most recent call last):
  File "C:\Users\90544\PycharmProjects\health-check-report\main.py", line 1776, in generate_pdf_report
    summary_df.to_excel(writer, sheet_name='DataFrame', index=False)
AttributeError: 'NoneType' object has no attribute 'to_excel'


2025-02-17 14:53:12.400055 - Error: critical(parent: Optional[QWidget], title: Optional[str], text: Optional[str], buttons: Union[QMessageBox.StandardButtons, QMessageBox.StandardButton] = QMessageBox.Ok, defaultButton: QMessageBox.StandardButton = QMessageBox.NoButton): argument 1 has unexpected type 'str'
Function: run_script
Stack Trace:
Traceback (most recent call last):
  File "C:\Users\90544\PycharmProjects\health-check-report\main.py", line 1776, in generate_pdf_report
    summary_df.to_excel(writer, sheet_name='DataFrame', index=False)
AttributeError: 'NoneType' object has no attribute 'to_excel'

During handling of the above exception, another exception occurred:

Traceback (most recent call last):
  File "C:\Users\90544\PycharmProjects\health-check-report\main.py", line 2233, in run_scripts_and_export
    pdf_path = self.generate_pdf_report(output_path, output_dir, valid_username, rundate)
  File "C:\Users\90544\PycharmProjects\health-check-report\main.py", line 1779, in generate_pdf_report
    QMessageBox.critical('Error','An error occurred, the Excel file could not be read.')
TypeError: critical(parent: Optional[QWidget], title: Optional[str], text: Optional[str], buttons: Union[QMessageBox.StandardButtons, QMessageBox.StandardButton] = QMessageBox.Ok, defaultButton: QMessageBox.StandardButton = QMessageBox.NoButton): argument 1 has unexpected type 'str'


2025-02-18 13:25:01.964353 - Error: ('42S02', "[42S02] [Microsoft][ODBC Driver 17 for SQL Server][SQL Server]Cannot drop the table '#VLFInfo', because it does not exist or you do not have permission. (3701) (SQLExecDirectW)")
Function: SQL Execution Error
Stack Trace:
Traceback (most recent call last):
  File "C:\Users\90544\PycharmProjects\health-check-report\main.py", line 2180, in run_scripts_and_export
    cursor.execute(statement)
pyodbc.ProgrammingError: ('42S02', "[42S02] [Microsoft][ODBC Driver 17 for SQL Server][SQL Server]Cannot drop the table '#VLFInfo', because it does not exist or you do not have permission. (3701) (SQLExecDirectW)")


2025-02-20 15:11:05.128749 - Error: ('42S02', "[42S02] [Microsoft][ODBC Driver 17 for SQL Server][SQL Server]Cannot drop the table '#VLFInfo', because it does not exist or you do not have permission. (3701) (SQLExecDirectW)")
Function: SQL Execution Error
Stack Trace:
Traceback (most recent call last):
  File "C:\Users\90544\PycharmProjects\health-check-report\main.py", line 2179, in run_scripts_and_export
    cursor.execute(statement)
pyodbc.ProgrammingError: ('42S02', "[42S02] [Microsoft][ODBC Driver 17 for SQL Server][SQL Server]Cannot drop the table '#VLFInfo', because it does not exist or you do not have permission. (3701) (SQLExecDirectW)")


2025-03-26 15:04:15.874104 - Error: 'Current Status'
Function: generate_pdf_report
Stack Trace:
Traceback (most recent call last):
  File "C:\Users\90544\PycharmProjects\lab\health-check-report\lib\site-packages\pandas\core\indexes\base.py", line 3805, in get_loc
    return self._engine.get_loc(casted_key)
  File "index.pyx", line 167, in pandas._libs.index.IndexEngine.get_loc
  File "index.pyx", line 196, in pandas._libs.index.IndexEngine.get_loc
  File "pandas\\_libs\\hashtable_class_helper.pxi", line 7081, in pandas._libs.hashtable.PyObjectHashTable.get_item
  File "pandas\\_libs\\hashtable_class_helper.pxi", line 7089, in pandas._libs.hashtable.PyObjectHashTable.get_item
KeyError: 'Current Status'

The above exception was the direct cause of the following exception:

Traceback (most recent call last):
  File "C:\Users\90544\PycharmProjects\health-check-report\health-check-v1.2.py", line 2107, in generate_pdf_report
    data2.append([group_value, row["Description"], row["Current Status"]])
  File "C:\Users\90544\PycharmProjects\lab\health-check-report\lib\site-packages\pandas\core\series.py", line 1121, in __getitem__
    return self._get_value(key)
  File "C:\Users\90544\PycharmProjects\lab\health-check-report\lib\site-packages\pandas\core\series.py", line 1237, in _get_value
    loc = self.index.get_loc(label)
  File "C:\Users\90544\PycharmProjects\lab\health-check-report\lib\site-packages\pandas\core\indexes\base.py", line 3812, in get_loc
    raise KeyError(key) from err
KeyError: 'Current Status'


2025-03-26 15:14:33.132091 - Error: name 'QFrame' is not defined
Function: initUi
Stack Trace:
Traceback (most recent call last):
  File "C:\Users\90544\PycharmProjects\health-check-report\health-check-v1.2.py", line 286, in initUI
    form_frame = QFrame()
NameError: name 'QFrame' is not defined


2025-03-26 15:15:11.852732 - Error: name 'QFrame' is not defined
Function: initUi
Stack Trace:
Traceback (most recent call last):
  File "C:\Users\90544\PycharmProjects\health-check-report\health-check-v1.2.py", line 286, in initUI
    form_frame = QFrame()
NameError: name 'QFrame' is not defined


2025-03-26 16:03:10.275152 - Error: ('28000', "[28000] [Microsoft][ODBC Driver 17 for SQL Server][SQL Server]Login failed for user ''. (18456) (SQLDriverConnect); [28000] [Microsoft][ODBC Driver 17 for SQL Server]Invalid connection string attribute (0); [28000] [Microsoft][ODBC Driver 17 for SQL Server][SQL Server]Login failed for user ''. (18456); [28000] [Microsoft][ODBC Driver 17 for SQL Server]Invalid connection string attribute (0)")
Function: Tried ODBC: {valid_driver} or failed test_connection
Stack Trace:
Traceback (most recent call last):
  File "C:\Users\90544\PycharmProjects\health-check-report\health-check-v1.2.py", line 549, in test_connection
    self.connection = pyodbc.connect(self.conn_str, autocommit=True)
pyodbc.InterfaceError: ('28000', "[28000] [Microsoft][ODBC Driver 17 for SQL Server][SQL Server]Login failed for user ''. (18456) (SQLDriverConnect); [28000] [Microsoft][ODBC Driver 17 for SQL Server]Invalid connection string attribute (0); [28000] [Microsoft][ODBC Driver 17 for SQL Server][SQL Server]Login failed for user ''. (18456); [28000] [Microsoft][ODBC Driver 17 for SQL Server]Invalid connection string attribute (0)")


2025-03-26 16:07:55.035932 - Error: 'SQLServerConnectionUI' object has no attribute 'theme_button'
Function: initUi
Stack Trace:
Traceback (most recent call last):
  File "C:\Users\90544\PycharmProjects\health-check-report\health-check-v1.2.py", line 445, in initUI
    main_layout.addWidget(self.theme_button, alignment=Qt.AlignRight)
AttributeError: 'SQLServerConnectionUI' object has no attribute 'theme_button'


2025-03-26 16:08:40.664963 - Error: 'SQLServerConnectionUI' object has no attribute 'theme_button'
Function: initUi
Stack Trace:
Traceback (most recent call last):
  File "C:\Users\90544\PycharmProjects\health-check-report\health-check-v1.2.py", line 445, in initUI
    main_layout.addWidget(self.theme_button, alignment=Qt.AlignRight)
AttributeError: 'SQLServerConnectionUI' object has no attribute 'theme_button'


2025-03-26 16:15:30.611200 - Error: name 'form_frame' is not defined
Function: initUi
Stack Trace:
Traceback (most recent call last):
  File "C:\Users\90544\PycharmProjects\health-check-report\health-check-v1.2.py", line 421, in initUI
    form_frame.setStyleSheet("""
NameError: name 'form_frame' is not defined


2025-03-26 16:16:28.853391 - Error: name 'form_frame' is not defined
Function: initUi
Stack Trace:
Traceback (most recent call last):
  File "C:\Users\90544\PycharmProjects\health-check-report\health-check-v1.2.py", line 428, in initUI
    main_layout.addWidget(form_frame)
NameError: name 'form_frame' is not defined


2025-03-27 17:25:42.456719 - Error: ('28000', "[28000] [Microsoft][ODBC Driver 17 for SQL Server][SQL Server]Login failed for user ''. (18456) (SQLDriverConnect); [28000] [Microsoft][ODBC Driver 17 for SQL Server]Invalid connection string attribute (0); [28000] [Microsoft][ODBC Driver 17 for SQL Server][SQL Server]Login failed for user ''. (18456); [28000] [Microsoft][ODBC Driver 17 for SQL Server]Invalid connection string attribute (0)")
Function: Tried ODBC: {valid_driver} or failed test_connection
Stack Trace:
Traceback (most recent call last):
  File "C:\Users\90544\PycharmProjects\health-check-report\health-check-v1.2.py", line 735, in test_connection
    self.connection = pyodbc.connect(self.conn_str, autocommit=True)
pyodbc.InterfaceError: ('28000', "[28000] [Microsoft][ODBC Driver 17 for SQL Server][SQL Server]Login failed for user ''. (18456) (SQLDriverConnect); [28000] [Microsoft][ODBC Driver 17 for SQL Server]Invalid connection string attribute (0); [28000] [Microsoft][ODBC Driver 17 for SQL Server][SQL Server]Login failed for user ''. (18456); [28000] [Microsoft][ODBC Driver 17 for SQL Server]Invalid connection string attribute (0)")


2025-04-02 17:56:19.387262 - Error: 'SQLServerConnectionUI' object has no attribute 'export_button'
Function: Tried ODBC: {valid_driver} or failed test_connection
Stack Trace:
Traceback (most recent call last):
  File "C:\Users\90544\PycharmProjects\health-check-report\health-check-v1.2.py", line 811, in test_connection
    self.export_button.setDisabled(False)
AttributeError: 'SQLServerConnectionUI' object has no attribute 'export_button'


2025-04-02 17:57:11.851532 - Error: 'SQLServerConnectionUI' object has no attribute 'export_button'
Function: Tried ODBC: {valid_driver} or failed test_connection
Stack Trace:
Traceback (most recent call last):
  File "C:\Users\90544\PycharmProjects\health-check-report\health-check-v1.2.py", line 811, in test_connection
    #self.export_button.setDisabled(False)
AttributeError: 'SQLServerConnectionUI' object has no attribute 'export_button'


2025-04-02 17:58:49.671258 - Error: 'pyodbc.Connection' object has no attribute 'clicked'
Function: Tried ODBC: {valid_driver} or failed test_connection
Stack Trace:
Traceback (most recent call last):
  File "C:\Users\90544\PycharmProjects\health-check-report\health-check-v1.2.py", line 811, in test_connection
    self.connection.clicked.connect(self.run_scripts_and_export)
AttributeError: 'pyodbc.Connection' object has no attribute 'clicked'


2025-04-02 18:02:38.567930 - Error: 'CheckListWindow' object has no attribute 'run_scripts_and_export'
Function: Tried ODBC: {valid_driver} or failed test_connection
Stack Trace:
Traceback (most recent call last):
  File "C:\Users\90544\PycharmProjects\health-check-report\health-check-v1.2.py", line 811, in test_connection
    self.checklist_window = CheckListWindow()
  File "C:\Users\90544\PycharmProjects\health-check-report\health-check-v1.2.py", line 203, in __init__
    self.export_button.clicked.connect(self.run_scripts_and_export)
AttributeError: 'CheckListWindow' object has no attribute 'run_scripts_and_export'


2025-04-02 18:03:58.221180 - Error: 'CheckListWindow' object has no attribute 'run_scripts_and_export'
Function: Tried ODBC: {valid_driver} or failed test_connection
Stack Trace:
Traceback (most recent call last):
  File "C:\Users\90544\PycharmProjects\health-check-report\health-check-v1.2.py", line 811, in test_connection
    self.checklist_window = CheckListWindow()
  File "C:\Users\90544\PycharmProjects\health-check-report\health-check-v1.2.py", line 203, in __init__
    self.export_button.clicked.connect(self.run_scripts_and_export)
AttributeError: 'CheckListWindow' object has no attribute 'run_scripts_and_export'


2025-04-02 18:04:01.927930 - Error: 'CheckListWindow' object has no attribute 'run_scripts_and_export'
Function: Tried ODBC: {valid_driver} or failed test_connection
Stack Trace:
Traceback (most recent call last):
  File "C:\Users\90544\PycharmProjects\health-check-report\health-check-v1.2.py", line 811, in test_connection
    self.checklist_window = CheckListWindow()
  File "C:\Users\90544\PycharmProjects\health-check-report\health-check-v1.2.py", line 203, in __init__
    self.export_button.clicked.connect(self.run_scripts_and_export)
AttributeError: 'CheckListWindow' object has no attribute 'run_scripts_and_export'


2025-04-03 11:30:06.849105 - Error: 'pyodbc.Connection' object has no attribute 'clicked'
Function: Tried ODBC: {valid_driver} or failed test_connection
Stack Trace:
Traceback (most recent call last):
  File "C:\Users\90544\PycharmProjects\health-check-report\health-check-v1.2.py", line 811, in test_connection
    self.connection.clicked.connect(self.run_scripts_and_export)
AttributeError: 'pyodbc.Connection' object has no attribute 'clicked'


2025-04-06 17:28:06.597983 - Error: 'pyodbc.Connection' object has no attribute 'clicked'
Function: Tried ODBC: {valid_driver} or failed test_connection
Stack Trace:
Traceback (most recent call last):
  File "C:\Users\90544\PycharmProjects\health-check-report\health-check-v1.2.py", line 860, in test_connection
    self.connection.clicked.connect(self.run_scripts_and_export)
AttributeError: 'pyodbc.Connection' object has no attribute 'clicked'


2025-04-06 17:33:58.500548 - Error: local variable 'main_layout' referenced before assignment
Function: initUI
Stack Trace:
Traceback (most recent call last):
  File "C:\Users\90544\PycharmProjects\health-check-report\health-check-v1.2.py", line 567, in initUI
    main_layout.setContentsMargins(20, 20, 20, 20)
UnboundLocalError: local variable 'main_layout' referenced before assignment


2025-04-06 17:39:10.146762 - Error: 'pyodbc.Connection' object has no attribute 'clicked'
Function: Tried ODBC: {valid_driver} or failed test_connection
Stack Trace:
Traceback (most recent call last):
  File "C:\Users\90544\PycharmProjects\health-check-report\health-check-v1.2.py", line 792, in test_connection
    self.connection.clicked.connect(self.run_scripts_and_export)
AttributeError: 'pyodbc.Connection' object has no attribute 'clicked'


2025-04-06 21:26:05.414277 - Error: 'SQLServerConnectionUI' object has no attribute 'test_and_proceed'
Function: initUI
Stack Trace:
Traceback (most recent call last):
  File "C:\Users\90544\PycharmProjects\health-check-report\health-check-v1.2.py", line 654, in initUI
    self.connect_button.clicked.connect(self.test_and_proceed)
AttributeError: 'SQLServerConnectionUI' object has no attribute 'test_and_proceed'


2025-04-06 21:26:37.907533 - Error: 'SQLServerConnectionUI' object has no attribute 'test_and_proceed'
Function: initUI
Stack Trace:
Traceback (most recent call last):
  File "C:\Users\90544\PycharmProjects\health-check-report\health-check-v1.2.py", line 654, in initUI
    self.connect_button.clicked.connect(self.test_and_proceed)
AttributeError: 'SQLServerConnectionUI' object has no attribute 'test_and_proceed'


2025-04-06 21:34:36.213506 - Error: 'pyodbc.Connection' object has no attribute 'clicked'
Function: Tried ODBC: {valid_driver} or failed test_connection
Stack Trace:
Traceback (most recent call last):
  File "C:\Users\90544\PycharmProjects\health-check-report\health-check-v1.2.py", line 811, in test_connection
    self.connection.clicked.connect(self.run_scripts_and_export)
AttributeError: 'pyodbc.Connection' object has no attribute 'clicked'


2025-04-06 21:36:01.649345 - Error: __init__() missing 1 required positional argument: 'switch_callback'
Function: run_script
Stack Trace:
Traceback (most recent call last):
  File "C:\Users\90544\PycharmProjects\health-check-report\health-check-v1.2.py", line 2535, in run_scripts_and_export
    self.checklist_window = CheckListWindow()
TypeError: __init__() missing 1 required positional argument: 'switch_callback'


2025-04-06 21:37:19.112475 - Error: 'pyodbc.Connection' object has no attribute 'clicked'
Function: Tried ODBC: {valid_driver} or failed test_connection
Stack Trace:
Traceback (most recent call last):
  File "C:\Users\90544\PycharmProjects\health-check-report\health-check-v1.2.py", line 812, in test_connection
    self.connection.clicked.connect(self.run_scripts_and_export)
AttributeError: 'pyodbc.Connection' object has no attribute 'clicked'


2025-04-06 21:37:57.838669 - Error: __init__() missing 1 required positional argument: 'switch_callback'
Function: run_script
Stack Trace:
Traceback (most recent call last):
  File "C:\Users\90544\PycharmProjects\health-check-report\health-check-v1.2.py", line 2536, in run_scripts_and_export
    self.checklist_window = CheckListWindow()
TypeError: __init__() missing 1 required positional argument: 'switch_callback'


2025-04-06 21:40:38.827815 - Error: 'pyodbc.Connection' object has no attribute 'clicked'
Function: Tried ODBC: {valid_driver} or failed test_connection
Stack Trace:
Traceback (most recent call last):
  File "C:\Users\90544\PycharmProjects\health-check-report\health-check-v1.2.py", line 814, in test_connection
    self.connection.clicked.connect(self.run_scripts_and_export)
AttributeError: 'pyodbc.Connection' object has no attribute 'clicked'


2025-04-06 21:40:43.337149 - Error: __init__() missing 1 required positional argument: 'switch_callback'
Function: run_script
Stack Trace:
Traceback (most recent call last):
  File "C:\Users\90544\PycharmProjects\health-check-report\health-check-v1.2.py", line 2538, in run_scripts_and_export
    self.checklist_window = CheckListWindow()
TypeError: __init__() missing 1 required positional argument: 'switch_callback'


2025-04-06 21:43:28.321226 - Error: 'pyodbc.Connection' object has no attribute 'clicked'
Function: Tried ODBC: {valid_driver} or failed test_connection
Stack Trace:
Traceback (most recent call last):
  File "C:\Users\90544\PycharmProjects\health-check-report\health-check-v1.2.py", line 816, in test_connection
    self.connection.clicked.connect(self.run_scripts_and_export)
AttributeError: 'pyodbc.Connection' object has no attribute 'clicked'


2025-04-06 21:43:31.801553 - Error: __init__() missing 1 required positional argument: 'switch_callback'
Function: run_script
Stack Trace:
Traceback (most recent call last):
  File "C:\Users\90544\PycharmProjects\health-check-report\health-check-v1.2.py", line 2540, in run_scripts_and_export
    self.checklist_window = CheckListWindow()
TypeError: __init__() missing 1 required positional argument: 'switch_callback'


2025-04-06 23:54:46.584141 - Error: 'NoneType' object has no attribute 'clicked'
Function: initUI
Stack Trace:
Traceback (most recent call last):
  File "C:\Users\90544\PycharmProjects\health-check-report\health-check-v1.2.py", line 675, in initUI
    self.connection.clicked.connect(self.run_scripts_and_export)
AttributeError: 'NoneType' object has no attribute 'clicked'


2025-04-06 23:56:01.827765 - Error: __init__() missing 1 required positional argument: 'switch_callback'
Function: run_script
Stack Trace:
Traceback (most recent call last):
  File "C:\Users\90544\PycharmProjects\health-check-report\health-check-v1.2.py", line 2542, in run_scripts_and_export
    self.checklist_window = CheckListWindow()
TypeError: __init__() missing 1 required positional argument: 'switch_callback'


2025-04-07 00:02:45.193002 - Error: __init__() missing 1 required positional argument: 'switch_callback'
Function: run_script
Stack Trace:
Traceback (most recent call last):
  File "C:\Users\90544\PycharmProjects\health-check-report\health-check-v1.2.py", line 2542, in run_scripts_and_export
    self.checklist_window = CheckListWindow()
TypeError: __init__() missing 1 required positional argument: 'switch_callback'


2025-04-07 00:05:52.200805 - Error: ('42S02', "[42S02] [Microsoft][ODBC Driver 17 for SQL Server][SQL Server]Invalid object name '#ServerLogins'. (208) (SQLExecDirectW)")
Function: windows_group_error
Stack Trace:
Traceback (most recent call last):
  File "C:\Users\90544\PycharmProjects\health-check-report\health-check-v1.2.py", line 2585, in run_scripts_and_export
    cursor.execute(select)
pyodbc.ProgrammingError: ('42S02', "[42S02] [Microsoft][ODBC Driver 17 for SQL Server][SQL Server]Invalid object name '#ServerLogins'. (208) (SQLExecDirectW)")


2025-04-07 00:05:59.448827 - Error: ('42S02', "[42S02] [Microsoft][ODBC Driver 17 for SQL Server][SQL Server]Cannot drop the table '#AlwaysOnInfo', because it does not exist or you do not have permission. (3701) (SQLExecDirectW)")
Function: SQL Execution Error
Stack Trace:
Traceback (most recent call last):
  File "C:\Users\90544\PycharmProjects\health-check-report\health-check-v1.2.py", line 2570, in run_scripts_and_export
    cursor.execute(statement)
pyodbc.ProgrammingError: ('42S02', "[42S02] [Microsoft][ODBC Driver 17 for SQL Server][SQL Server]Cannot drop the table '#AlwaysOnInfo', because it does not exist or you do not have permission. (3701) (SQLExecDirectW)")


2025-04-07 00:14:59.914916 - Error: __init__() takes 1 positional argument but 2 were given
Function: run_script
Stack Trace:
Traceback (most recent call last):
  File "C:\Users\90544\PycharmProjects\health-check-report\health-check-v1.2.py", line 2542, in run_scripts_and_export
    self.checklist_window = CheckListWindow(self.switch_callback)
TypeError: __init__() takes 1 positional argument but 2 were given


2025-04-07 00:15:05.699447 - Error: __init__() takes 1 positional argument but 2 were given
Function: run_script
Stack Trace:
Traceback (most recent call last):
  File "C:\Users\90544\PycharmProjects\health-check-report\health-check-v1.2.py", line 2542, in run_scripts_and_export
    self.checklist_window = CheckListWindow(self.switch_callback)
TypeError: __init__() takes 1 positional argument but 2 were given


2025-04-07 00:18:40.499032 - Error: 'NoneType' object has no attribute 'move'
Function: run_script
Stack Trace:
Traceback (most recent call last):
  File "C:\Users\90544\PycharmProjects\health-check-report\health-check-v1.2.py", line 2546, in run_scripts_and_export
    self.checklist_window.move(checklist_window_x, checklist_window_y)  # Konumu ayarla
AttributeError: 'NoneType' object has no attribute 'move'


2025-04-07 00:18:44.628081 - Error: 'NoneType' object has no attribute 'move'
Function: run_script
Stack Trace:
Traceback (most recent call last):
  File "C:\Users\90544\PycharmProjects\health-check-report\health-check-v1.2.py", line 2546, in run_scripts_and_export
    self.checklist_window.move(checklist_window_x, checklist_window_y)  # Konumu ayarla
AttributeError: 'NoneType' object has no attribute 'move'


2025-04-07 00:36:09.864038 - Error: 'NoneType' object has no attribute 'set_output_path'
Function: run_script
Stack Trace:
Traceback (most recent call last):
  File "C:\Users\90544\PycharmProjects\health-check-report\health-check-v1.2.py", line 2546, in run_scripts_and_export
    self.checklist_window.set_output_path(output_path)
AttributeError: 'NoneType' object has no attribute 'set_output_path'


2025-04-07 00:36:49.727590 - Error: 'NoneType' object has no attribute 'set_output_path'
Function: run_script
Stack Trace:
Traceback (most recent call last):
  File "C:\Users\90544\PycharmProjects\health-check-report\health-check-v1.2.py", line 2546, in run_scripts_and_export
    self.checklist_window.set_output_path(output_path)
AttributeError: 'NoneType' object has no attribute 'set_output_path'


2025-04-07 01:18:51.631327 - Error: 'SQLServerConnectionUI' object has no attribute 'update_progress_overlay'
Function: font_path
Stack Trace:
Traceback (most recent call last):
  File "C:\Users\90544\PycharmProjects\health-check-report\health-check-v1.2.py", line 2226, in generate_pdf_report
    self.update_progress_overlay(0)
AttributeError: 'SQLServerConnectionUI' object has no attribute 'update_progress_overlay'


2025-04-07 01:18:51.798139 - Error: local variable 'summary_df' referenced before assignment
Function: excel_writer
Stack Trace:
Traceback (most recent call last):
  File "C:\Users\90544\PycharmProjects\health-check-report\health-check-v1.2.py", line 2240, in generate_pdf_report
    summary_df.to_excel(writer, sheet_name='DataFrame', index=False)
UnboundLocalError: local variable 'summary_df' referenced before assignment


2025-04-07 01:18:51.799136 - Error: critical(parent: Optional[QWidget], title: Optional[str], text: Optional[str], buttons: Union[QMessageBox.StandardButtons, QMessageBox.StandardButton] = QMessageBox.Ok, defaultButton: QMessageBox.StandardButton = QMessageBox.NoButton): argument 1 has unexpected type 'str'
Function: run_script
Stack Trace:
Traceback (most recent call last):
  File "C:\Users\90544\PycharmProjects\health-check-report\health-check-v1.2.py", line 2240, in generate_pdf_report
    summary_df.to_excel(writer, sheet_name='DataFrame', index=False)
UnboundLocalError: local variable 'summary_df' referenced before assignment

During handling of the above exception, another exception occurred:

Traceback (most recent call last):
  File "C:\Users\90544\PycharmProjects\health-check-report\health-check-v1.2.py", line 2672, in run_scripts_and_export
    pdf_path = self.generate_pdf_report(output_path, output_dir, valid_username, rundate)
  File "C:\Users\90544\PycharmProjects\health-check-report\health-check-v1.2.py", line 2243, in generate_pdf_report
    QMessageBox.critical('Error','An error occurred, the Excel file could not be read.')
TypeError: critical(parent: Optional[QWidget], title: Optional[str], text: Optional[str], buttons: Union[QMessageBox.StandardButtons, QMessageBox.StandardButton] = QMessageBox.Ok, defaultButton: QMessageBox.StandardButton = QMessageBox.NoButton): argument 1 has unexpected type 'str'


2025-04-07 01:22:12.127133 - Error: 'SQLServerConnectionUI' object has no attribute 'update_progress_overlay'
Function: font_path
Stack Trace:
Traceback (most recent call last):
  File "C:\Users\90544\PycharmProjects\health-check-report\health-check-v1.2.py", line 2226, in generate_pdf_report
    self.update_progress_overlay(0)
AttributeError: 'SQLServerConnectionUI' object has no attribute 'update_progress_overlay'


2025-04-07 01:22:12.288899 - Error: local variable 'summary_df' referenced before assignment
Function: excel_writer
Stack Trace:
Traceback (most recent call last):
  File "C:\Users\90544\PycharmProjects\health-check-report\health-check-v1.2.py", line 2240, in generate_pdf_report
    summary_df.to_excel(writer, sheet_name='DataFrame', index=False)
UnboundLocalError: local variable 'summary_df' referenced before assignment


2025-04-07 01:23:57.069968 - Error: 'SQLServerConnectionUI' object has no attribute 'update_progress_overlay'
Function: generate_pdf_report
Stack Trace:
Traceback (most recent call last):
  File "C:\Users\90544\PycharmProjects\health-check-report\health-check-v1.2.py", line 2246, in generate_pdf_report
    QApplication.processEvents()
AttributeError: 'SQLServerConnectionUI' object has no attribute 'update_progress_overlay'


2025-04-07 01:36:59.563003 - Error: 'SQLServerConnectionUI' object has no attribute 'stack'
Function: run_script
Stack Trace:
Traceback (most recent call last):
  File "C:\Users\90544\PycharmProjects\health-check-report\health-check-v1.2.py", line 2650, in run_scripts_and_export
    self.stack.setCurrentWidget(self.checklist_page)
AttributeError: 'SQLServerConnectionUI' object has no attribute 'stack'


2025-04-07 03:40:18.127324 - Error: name 'main_layout' is not defined
Function: Tried ODBC: {valid_driver} or failed test_connection
Stack Trace:
Traceback (most recent call last):
  File "C:\Users\90544\PycharmProjects\health-check-report\health-check-v1.2.py", line 901, in test_connection
    main_layout.insertWidget(1, self.back_button)  # üst kısma ekle
NameError: name 'main_layout' is not defined


2025-04-07 03:46:17.193807 - Error: name 'InfoOverlay' is not defined
Function: Tried ODBC: {valid_driver} or failed test_connection
Stack Trace:
Traceback (most recent call last):
  File "C:\Users\90544\PycharmProjects\health-check-report\health-check-v1.2.py", line 911, in test_connection
    info = InfoOverlay("The report has been saved successfully.", self)
NameError: name 'InfoOverlay' is not defined


2025-04-07 03:47:10.532247 - Error: 'SQLServerConnectionUI' object has no attribute 'progress_overlay'
Function: run_script
Stack Trace:
Traceback (most recent call last):
  File "C:\Users\90544\PycharmProjects\health-check-report\health-check-v1.2.py", line 2725, in run_scripts_and_export
    self.progress_overlay.hide()
AttributeError: 'SQLServerConnectionUI' object has no attribute 'progress_overlay'


2025-04-07 03:50:12.767601 - Error: 'SQLServerConnectionUI' object has no attribute 'progress_overlay'
Function: run_script
Stack Trace:
Traceback (most recent call last):
  File "C:\Users\90544\PycharmProjects\health-check-report\health-check-v1.2.py", line 2721, in run_scripts_and_export
    self.progress_overlay.hide()
AttributeError: 'SQLServerConnectionUI' object has no attribute 'progress_overlay'


2025-04-07 14:44:13.018962 - Error: ('08001', '[08001] [Microsoft][ODBC Driver 17 for SQL Server]TCP Provider: Bilinen böyle bir ana bilgisayar yok.\r\n (11001) (SQLDriverConnect); [08001] [Microsoft][ODBC Driver 17 for SQL Server]Login timeout expired (0); [08001] [Microsoft][ODBC Driver 17 for SQL Server]Invalid connection string attribute (0); [08001] [Microsoft][ODBC Driver 17 for SQL Server]A network-related or instance-specific error has occurred while establishing a connection to SQL Server. Server is not found or not accessible. Check if instance name is correct and if SQL Server is configured to allow remote connections. For more information see SQL Server Books Online. (11001)')
Function: Tried ODBC: {valid_driver} or failed test_connection
Stack Trace:
Traceback (most recent call last):
  File "C:\Users\90544\PycharmProjects\health-check-report\health-check-v1.2.py", line 848, in test_connection
    self.connection = pyodbc.connect(self.conn_str, autocommit=True)
pyodbc.OperationalError: ('08001', '[08001] [Microsoft][ODBC Driver 17 for SQL Server]TCP Provider: Bilinen böyle bir ana bilgisayar yok.\r\n (11001) (SQLDriverConnect); [08001] [Microsoft][ODBC Driver 17 for SQL Server]Login timeout expired (0); [08001] [Microsoft][ODBC Driver 17 for SQL Server]Invalid connection string attribute (0); [08001] [Microsoft][ODBC Driver 17 for SQL Server]A network-related or instance-specific error has occurred while establishing a connection to SQL Server. Server is not found or not accessible. Check if instance name is correct and if SQL Server is configured to allow remote connections. For more information see SQL Server Books Online. (11001)')


2025-04-08 12:17:27.489404 - Error: name 'exit_button' is not defined
Function: initUI
Stack Trace:
Traceback (most recent call last):
  File "C:\Users\90544\PycharmProjects\health-check-report\health-check-v1.2.py", line 757, in initUI
    main_layout.addWidget(exit_button)
NameError: name 'exit_button' is not defined


2025-04-08 12:18:14.926271 - Error: name 'exit_button' is not defined
Function: initUI
Stack Trace:
Traceback (most recent call last):
  File "C:\Users\90544\PycharmProjects\health-check-report\health-check-v1.2.py", line 757, in initUI
    main_layout.addWidget(exit_button)
NameError: name 'exit_button' is not defined


2025-04-08 15:55:25.306960 - Error: ('42000', '[42000] [Microsoft][ODBC Driver 17 for SQL Server][SQL Server]Must declare the scalar variable "@Version". (137) (SQLExecDirectW)')
Function: execute_serverinfo_statements
Stack Trace:
Traceback (most recent call last):
  File "C:\Users\90544\PycharmProjects\health-check-report\health-check-v1.2.py", line 948, in test_connection
    cursor.execute(statement)
pyodbc.ProgrammingError: ('42000', '[42000] [Microsoft][ODBC Driver 17 for SQL Server][SQL Server]Must declare the scalar variable "@Version". (137) (SQLExecDirectW)')


2025-04-08 16:01:30.261432 - Error: name 'cursor' is not defined
Function: execute_serverinfo_statements
Stack Trace:
Traceback (most recent call last):
  File "C:\Users\90544\PycharmProjects\health-check-report\health-check-v1.2.py", line 942, in test_connection
    cursor.execute(server_info_sql)  # 👈 Tüm script tek parça olarak çalışıyor
NameError: name 'cursor' is not defined


2025-04-08 16:01:30.264136 - Error: name 'cursor' is not defined
Function: fetch_serverinfo_results
Stack Trace:
Traceback (most recent call last):
  File "C:\Users\90544\PycharmProjects\health-check-report\health-check-v1.2.py", line 957, in test_connection
    cursor.execute("SELECT * FROM #ServerInfo")
NameError: name 'cursor' is not defined


2025-04-08 16:03:42.136074 - Error: Shape of passed values is (1, 1), indices imply (1, 12)
Function: execute_serverinfo_statements
Stack Trace:
Traceback (most recent call last):
  File "C:\Users\90544\PycharmProjects\health-check-report\health-check-v1.2.py", line 947, in test_connection
    server_info_df = pd.DataFrame(rows, columns=columns)
  File "C:\Users\90544\PycharmProjects\lab\health-check-report\lib\site-packages\pandas\core\frame.py", line 867, in __init__
    mgr = ndarray_to_mgr(
  File "C:\Users\90544\PycharmProjects\lab\health-check-report\lib\site-packages\pandas\core\internals\construction.py", line 336, in ndarray_to_mgr
    _check_values_indices_shape_match(values, index, columns)
  File "C:\Users\90544\PycharmProjects\lab\health-check-report\lib\site-packages\pandas\core\internals\construction.py", line 420, in _check_values_indices_shape_match
    raise ValueError(f"Shape of passed values is {passed}, indices imply {implied}")
ValueError: Shape of passed values is (1, 1), indices imply (1, 12)


2025-04-08 16:03:42.187661 - Error: Shape of passed values is (1, 1), indices imply (1, 12)
Function: fetch_serverinfo_results
Stack Trace:
Traceback (most recent call last):
  File "C:\Users\90544\PycharmProjects\health-check-report\health-check-v1.2.py", line 961, in test_connection
    server_info_df = pd.DataFrame(rows, columns=columns)
  File "C:\Users\90544\PycharmProjects\lab\health-check-report\lib\site-packages\pandas\core\frame.py", line 867, in __init__
    mgr = ndarray_to_mgr(
  File "C:\Users\90544\PycharmProjects\lab\health-check-report\lib\site-packages\pandas\core\internals\construction.py", line 336, in ndarray_to_mgr
    _check_values_indices_shape_match(values, index, columns)
  File "C:\Users\90544\PycharmProjects\lab\health-check-report\lib\site-packages\pandas\core\internals\construction.py", line 420, in _check_values_indices_shape_match
    raise ValueError(f"Shape of passed values is {passed}, indices imply {implied}")
ValueError: Shape of passed values is (1, 1), indices imply (1, 12)


2025-04-08 16:05:40.719039 - Error: ('42000', '[42000] [Microsoft][ODBC Driver 17 for SQL Server][SQL Server]Must declare the scalar variable "@Version". (137) (SQLExecDirectW)')
Function: execute_serverinfo_statements
Stack Trace:
Traceback (most recent call last):
  File "C:\Users\90544\PycharmProjects\health-check-report\health-check-v1.2.py", line 944, in test_connection
    cursor.execute(statement)
pyodbc.ProgrammingError: ('42000', '[42000] [Microsoft][ODBC Driver 17 for SQL Server][SQL Server]Must declare the scalar variable "@Version". (137) (SQLExecDirectW)')


2025-04-08 16:18:56.286812 - Error: ('42000', '[42000] [Microsoft][ODBC Driver 17 for SQL Server][SQL Server]Must declare the scalar variable "@Version". (137) (SQLExecDirectW)')
Function: execute_serverinfo_statements
Stack Trace:
Traceback (most recent call last):
  File "C:\Users\90544\PycharmProjects\health-check-report\health-check-v1.2.py", line 945, in test_connection
    cursor.execute(statement)
pyodbc.ProgrammingError: ('42000', '[42000] [Microsoft][ODBC Driver 17 for SQL Server][SQL Server]Must declare the scalar variable "@Version". (137) (SQLExecDirectW)')


2025-04-08 16:21:10.993792 - Error: 'NoneType' object is not iterable
Function: execute_serverinfo_statements
Stack Trace:
Traceback (most recent call last):
  File "C:\Users\90544\PycharmProjects\health-check-report\health-check-v1.2.py", line 946, in test_connection
    columns = [desc[0] for desc in cursor.description]
TypeError: 'NoneType' object is not iterable


2025-04-08 16:22:24.650537 - Error: Shape of passed values is (1, 1), indices imply (1, 6)
Function: execute_serverinfo_statements
Stack Trace:
Traceback (most recent call last):
  File "C:\Users\90544\PycharmProjects\health-check-report\health-check-v1.2.py", line 950, in test_connection
    server_info_df = pd.DataFrame(rows, columns=columns)
  File "C:\Users\90544\PycharmProjects\lab\health-check-report\lib\site-packages\pandas\core\frame.py", line 867, in __init__
    mgr = ndarray_to_mgr(
  File "C:\Users\90544\PycharmProjects\lab\health-check-report\lib\site-packages\pandas\core\internals\construction.py", line 336, in ndarray_to_mgr
    _check_values_indices_shape_match(values, index, columns)
  File "C:\Users\90544\PycharmProjects\lab\health-check-report\lib\site-packages\pandas\core\internals\construction.py", line 420, in _check_values_indices_shape_match
    raise ValueError(f"Shape of passed values is {passed}, indices imply {implied}")
ValueError: Shape of passed values is (1, 1), indices imply (1, 6)


2025-04-08 16:23:59.131324 - Error: 'NoneType' object is not iterable
Function: execute_serverinfo_statements
Stack Trace:
Traceback (most recent call last):
  File "C:\Users\90544\PycharmProjects\health-check-report\health-check-v1.2.py", line 946, in test_connection
    columns = [desc[0] for desc in cursor.description]
TypeError: 'NoneType' object is not iterable


2025-04-08 16:29:28.736431 - Error: 'NoneType' object is not iterable
Function: execute_serverinfo_statements
Stack Trace:
Traceback (most recent call last):
  File "C:\Users\90544\PycharmProjects\health-check-report\health-check-v1.2.py", line 946, in test_connection
    columns = [desc[0] for desc in cursor.description]
TypeError: 'NoneType' object is not iterable


2025-04-08 16:31:17.891809 - Error: Shape of passed values is (1, 1), indices imply (1, 12)
Function: execute_serverinfo_statements
Stack Trace:
Traceback (most recent call last):
  File "C:\Users\90544\PycharmProjects\health-check-report\health-check-v1.2.py", line 950, in test_connection
    server_info_df = pd.DataFrame(rows, columns=columns)
  File "C:\Users\90544\PycharmProjects\lab\health-check-report\lib\site-packages\pandas\core\frame.py", line 867, in __init__
    mgr = ndarray_to_mgr(
  File "C:\Users\90544\PycharmProjects\lab\health-check-report\lib\site-packages\pandas\core\internals\construction.py", line 336, in ndarray_to_mgr
    _check_values_indices_shape_match(values, index, columns)
  File "C:\Users\90544\PycharmProjects\lab\health-check-report\lib\site-packages\pandas\core\internals\construction.py", line 420, in _check_values_indices_shape_match
    raise ValueError(f"Shape of passed values is {passed}, indices imply {implied}")
ValueError: Shape of passed values is (1, 1), indices imply (1, 12)


2025-04-08 16:31:49.236886 - Error: 'MainUI' object has no attribute 'log_error'
Function: execute_serverinfo_statements
Stack Trace:
Traceback (most recent call last):
  File "C:\Users\90544\PycharmProjects\health-check-report\health-check-v1.2.py", line 155, in display_server_info
    f"<b>{row['Sunucu']}</b> | Edition: {row['Edition']} | RAM: {row['RAM (MB)']} MB | OS: {row['OS']}")
  File "C:\Users\90544\PycharmProjects\lab\health-check-report\lib\site-packages\pandas\core\series.py", line 1121, in __getitem__
    return self._get_value(key)
  File "C:\Users\90544\PycharmProjects\lab\health-check-report\lib\site-packages\pandas\core\series.py", line 1237, in _get_value
    loc = self.index.get_loc(label)
  File "C:\Users\90544\PycharmProjects\lab\health-check-report\lib\site-packages\pandas\core\indexes\range.py", line 417, in get_loc
    raise KeyError(key)
KeyError: 'Sunucu'

During handling of the above exception, another exception occurred:

Traceback (most recent call last):
  File "C:\Users\90544\PycharmProjects\health-check-report\health-check-v1.2.py", line 953, in test_connection
    self.main_ui.display_server_info(server_info_df)
  File "C:\Users\90544\PycharmProjects\health-check-report\health-check-v1.2.py", line 164, in display_server_info
    self.log_error(e, "display_server_info")
AttributeError: 'MainUI' object has no attribute 'log_error'


2025-04-08 16:34:59.255773 - Error: name 'columns' is not defined
Function: execute_serverinfo_statements
Stack Trace:
Traceback (most recent call last):
  File "C:\Users\90544\PycharmProjects\health-check-report\health-check-v1.2.py", line 951, in test_connection
    server_info_df = pd.DataFrame(rows, columns=columns)
NameError: name 'columns' is not defined


2025-04-08 16:35:28.567954 - Error: 'MainUI' object has no attribute 'log_error'
Function: execute_serverinfo_statements
Stack Trace:
Traceback (most recent call last):
  File "C:\Users\90544\PycharmProjects\health-check-report\health-check-v1.2.py", line 155, in display_server_info
    f"<b>{row['Sunucu']}</b> | Edition: {row['Edition']} | RAM: {row['RAM (MB)']} MB | OS: {row['OS']}")
  File "C:\Users\90544\PycharmProjects\lab\health-check-report\lib\site-packages\pandas\core\series.py", line 1121, in __getitem__
    return self._get_value(key)
  File "C:\Users\90544\PycharmProjects\lab\health-check-report\lib\site-packages\pandas\core\series.py", line 1237, in _get_value
    loc = self.index.get_loc(label)
  File "C:\Users\90544\PycharmProjects\lab\health-check-report\lib\site-packages\pandas\core\indexes\range.py", line 417, in get_loc
    raise KeyError(key)
KeyError: 'Sunucu'

During handling of the above exception, another exception occurred:

Traceback (most recent call last):
  File "C:\Users\90544\PycharmProjects\health-check-report\health-check-v1.2.py", line 955, in test_connection
    self.main_ui.display_server_info(server_info_df)
  File "C:\Users\90544\PycharmProjects\health-check-report\health-check-v1.2.py", line 164, in display_server_info
    self.log_error(e, "display_server_info")
AttributeError: 'MainUI' object has no attribute 'log_error'


2025-04-08 16:41:14.023945 - Error: Shape of passed values is (1, 1), indices imply (1, 12)
Function: execute_serverinfo_statements
Stack Trace:
Traceback (most recent call last):
  File "C:\Users\90544\PycharmProjects\health-check-report\health-check-v1.2.py", line 973, in test_connection
    server_info_df = pd.DataFrame(rows,columns=columns)
  File "C:\Users\90544\PycharmProjects\lab\health-check-report\lib\site-packages\pandas\core\frame.py", line 867, in __init__
    mgr = ndarray_to_mgr(
  File "C:\Users\90544\PycharmProjects\lab\health-check-report\lib\site-packages\pandas\core\internals\construction.py", line 336, in ndarray_to_mgr
    _check_values_indices_shape_match(values, index, columns)
  File "C:\Users\90544\PycharmProjects\lab\health-check-report\lib\site-packages\pandas\core\internals\construction.py", line 420, in _check_values_indices_shape_match
    raise ValueError(f"Shape of passed values is {passed}, indices imply {implied}")
ValueError: Shape of passed values is (1, 1), indices imply (1, 12)


2025-04-08 16:45:16.546814 - Error: Shape of passed values is (1, 1), indices imply (1, 12)
Function: execute_serverinfo_statements
Stack Trace:
Traceback (most recent call last):
  File "C:\Users\90544\PycharmProjects\health-check-report\health-check-v1.2.py", line 950, in test_connection
    server_info_df = pd.DataFrame(rows, columns=columns)
  File "C:\Users\90544\PycharmProjects\lab\health-check-report\lib\site-packages\pandas\core\frame.py", line 867, in __init__
    mgr = ndarray_to_mgr(
  File "C:\Users\90544\PycharmProjects\lab\health-check-report\lib\site-packages\pandas\core\internals\construction.py", line 336, in ndarray_to_mgr
    _check_values_indices_shape_match(values, index, columns)
  File "C:\Users\90544\PycharmProjects\lab\health-check-report\lib\site-packages\pandas\core\internals\construction.py", line 420, in _check_values_indices_shape_match
    raise ValueError(f"Shape of passed values is {passed}, indices imply {implied}")
ValueError: Shape of passed values is (1, 1), indices imply (1, 12)


2025-04-08 16:54:00.878611 - Error: Shape of passed values is (1, 1), indices imply (1, 12)
Function: execute_serverinfo_statements
Stack Trace:
Traceback (most recent call last):
  File "C:\Users\90544\PycharmProjects\health-check-report\health-check-v1.2.py", line 949, in test_connection
    server_info_df = pd.DataFrame(rows, columns=columns)
  File "C:\Users\90544\PycharmProjects\lab\health-check-report\lib\site-packages\pandas\core\frame.py", line 867, in __init__
    mgr = ndarray_to_mgr(
  File "C:\Users\90544\PycharmProjects\lab\health-check-report\lib\site-packages\pandas\core\internals\construction.py", line 336, in ndarray_to_mgr
    _check_values_indices_shape_match(values, index, columns)
  File "C:\Users\90544\PycharmProjects\lab\health-check-report\lib\site-packages\pandas\core\internals\construction.py", line 420, in _check_values_indices_shape_match
    raise ValueError(f"Shape of passed values is {passed}, indices imply {implied}")
ValueError: Shape of passed values is (1, 1), indices imply (1, 12)


2025-04-08 16:56:25.312948 - Error: Shape of passed values is (1, 1), indices imply (1, 12)
Function: execute_serverinfo_statements
Stack Trace:
Traceback (most recent call last):
  File "C:\Users\90544\PycharmProjects\health-check-report\health-check-v1.2.py", line 950, in test_connection
    server_info_df = pd.DataFrame(rows, columns=columns)
  File "C:\Users\90544\PycharmProjects\lab\health-check-report\lib\site-packages\pandas\core\frame.py", line 867, in __init__
    mgr = ndarray_to_mgr(
  File "C:\Users\90544\PycharmProjects\lab\health-check-report\lib\site-packages\pandas\core\internals\construction.py", line 336, in ndarray_to_mgr
    _check_values_indices_shape_match(values, index, columns)
  File "C:\Users\90544\PycharmProjects\lab\health-check-report\lib\site-packages\pandas\core\internals\construction.py", line 420, in _check_values_indices_shape_match
    raise ValueError(f"Shape of passed values is {passed}, indices imply {implied}")
ValueError: Shape of passed values is (1, 1), indices imply (1, 12)


2025-04-08 17:00:08.163076 - Error: Shape of passed values is (1, 1), indices imply (1, 12)
Function: execute_serverinfo_statements
Stack Trace:
Traceback (most recent call last):
  File "C:\Users\90544\PycharmProjects\health-check-report\health-check-v1.2.py", line 952, in test_connection
    server_info_df = pd.DataFrame(rows, columns=columns)
  File "C:\Users\90544\PycharmProjects\lab\health-check-report\lib\site-packages\pandas\core\frame.py", line 867, in __init__
    mgr = ndarray_to_mgr(
  File "C:\Users\90544\PycharmProjects\lab\health-check-report\lib\site-packages\pandas\core\internals\construction.py", line 336, in ndarray_to_mgr
    _check_values_indices_shape_match(values, index, columns)
  File "C:\Users\90544\PycharmProjects\lab\health-check-report\lib\site-packages\pandas\core\internals\construction.py", line 420, in _check_values_indices_shape_match
    raise ValueError(f"Shape of passed values is {passed}, indices imply {implied}")
ValueError: Shape of passed values is (1, 1), indices imply (1, 12)


2025-04-08 17:03:04.540473 - Error: DataFrame constructor not properly called!
Function: execute_serverinfo_statements
Stack Trace:
Traceback (most recent call last):
  File "C:\Users\90544\PycharmProjects\health-check-report\health-check-v1.2.py", line 952, in test_connection
    server_info_df = pd.DataFrame(rows[0], columns=columns)
  File "C:\Users\90544\PycharmProjects\lab\health-check-report\lib\site-packages\pandas\core\frame.py", line 886, in __init__
    raise ValueError("DataFrame constructor not properly called!")
ValueError: DataFrame constructor not properly called!


2025-04-08 17:05:42.245402 - Error: Shape of passed values is (1, 1), indices imply (1, 12)
Function: execute_serverinfo_statements
Stack Trace:
Traceback (most recent call last):
  File "C:\Users\90544\PycharmProjects\health-check-report\health-check-v1.2.py", line 952, in test_connection
    server_info_df = pd.DataFrame(rows, columns=columns)
  File "C:\Users\90544\PycharmProjects\lab\health-check-report\lib\site-packages\pandas\core\frame.py", line 867, in __init__
    mgr = ndarray_to_mgr(
  File "C:\Users\90544\PycharmProjects\lab\health-check-report\lib\site-packages\pandas\core\internals\construction.py", line 336, in ndarray_to_mgr
    _check_values_indices_shape_match(values, index, columns)
  File "C:\Users\90544\PycharmProjects\lab\health-check-report\lib\site-packages\pandas\core\internals\construction.py", line 420, in _check_values_indices_shape_match
    raise ValueError(f"Shape of passed values is {passed}, indices imply {implied}")
ValueError: Shape of passed values is (1, 1), indices imply (1, 12)


2025-04-08 17:07:17.028161 - Error: __init__() got an unexpected keyword argument 'rows'
Function: execute_serverinfo_statements
Stack Trace:
Traceback (most recent call last):
  File "C:\Users\90544\PycharmProjects\health-check-report\health-check-v1.2.py", line 949, in test_connection
    server_info_df = pd.DataFrame(rows=rows, columns=columns)
TypeError: __init__() got an unexpected keyword argument 'rows'


2025-04-08 17:09:23.825034 - Error: Shape of passed values is (1, 1), indices imply (1, 12)
Function: execute_serverinfo_statements
Stack Trace:
Traceback (most recent call last):
  File "C:\Users\90544\PycharmProjects\health-check-report\health-check-v1.2.py", line 949, in test_connection
    server_info_df = pd.DataFrame(rows, columns=columns)
  File "C:\Users\90544\PycharmProjects\lab\health-check-report\lib\site-packages\pandas\core\frame.py", line 867, in __init__
    mgr = ndarray_to_mgr(
  File "C:\Users\90544\PycharmProjects\lab\health-check-report\lib\site-packages\pandas\core\internals\construction.py", line 336, in ndarray_to_mgr
    _check_values_indices_shape_match(values, index, columns)
  File "C:\Users\90544\PycharmProjects\lab\health-check-report\lib\site-packages\pandas\core\internals\construction.py", line 420, in _check_values_indices_shape_match
    raise ValueError(f"Shape of passed values is {passed}, indices imply {implied}")
ValueError: Shape of passed values is (1, 1), indices imply (1, 12)


2025-04-08 17:11:24.228946 - Error: Shape of passed values is (1, 1), indices imply (1, 12)
Function: execute_serverinfo_statements
Stack Trace:
Traceback (most recent call last):
  File "C:\Users\90544\PycharmProjects\health-check-report\health-check-v1.2.py", line 959, in test_connection
    server_info_df = pd.DataFrame(rows, columns=columns)
  File "C:\Users\90544\PycharmProjects\lab\health-check-report\lib\site-packages\pandas\core\frame.py", line 867, in __init__
    mgr = ndarray_to_mgr(
  File "C:\Users\90544\PycharmProjects\lab\health-check-report\lib\site-packages\pandas\core\internals\construction.py", line 336, in ndarray_to_mgr
    _check_values_indices_shape_match(values, index, columns)
  File "C:\Users\90544\PycharmProjects\lab\health-check-report\lib\site-packages\pandas\core\internals\construction.py", line 420, in _check_values_indices_shape_match
    raise ValueError(f"Shape of passed values is {passed}, indices imply {implied}")
ValueError: Shape of passed values is (1, 1), indices imply (1, 12)


2025-04-08 17:15:16.431539 - Error: malformed node or string: <ast.Name object at 0x000002BF58E9A6A0>
Function: rows_eval_fail
Stack Trace:
Traceback (most recent call last):
  File "C:\Users\90544\PycharmProjects\health-check-report\health-check-v1.2.py", line 952, in test_connection
    parsed = ast.literal_eval(rows[0][0])  # Listeye çevir
  File "C:\Users\90544\AppData\Local\Programs\Python\Python39\lib\ast.py", line 105, in literal_eval
    return _convert(node_or_string)
  File "C:\Users\90544\AppData\Local\Programs\Python\Python39\lib\ast.py", line 97, in _convert
    left = _convert_signed_num(node.left)
  File "C:\Users\90544\AppData\Local\Programs\Python\Python39\lib\ast.py", line 78, in _convert_signed_num
    return _convert_num(node)
  File "C:\Users\90544\AppData\Local\Programs\Python\Python39\lib\ast.py", line 69, in _convert_num
    _raise_malformed_node(node)
  File "C:\Users\90544\AppData\Local\Programs\Python\Python39\lib\ast.py", line 66, in _raise_malformed_node
    raise ValueError(f'malformed node or string: {node!r}')
ValueError: malformed node or string: <ast.Name object at 0x000002BF58E9A6A0>


2025-04-08 17:15:16.455008 - Error: Shape of passed values is (1, 1), indices imply (1, 12)
Function: execute_serverinfo_statements
Stack Trace:
Traceback (most recent call last):
  File "C:\Users\90544\PycharmProjects\health-check-report\health-check-v1.2.py", line 957, in test_connection
    server_info_df = pd.DataFrame(rows, columns=columns)
  File "C:\Users\90544\PycharmProjects\lab\health-check-report\lib\site-packages\pandas\core\frame.py", line 867, in __init__
    mgr = ndarray_to_mgr(
  File "C:\Users\90544\PycharmProjects\lab\health-check-report\lib\site-packages\pandas\core\internals\construction.py", line 336, in ndarray_to_mgr
    _check_values_indices_shape_match(values, index, columns)
  File "C:\Users\90544\PycharmProjects\lab\health-check-report\lib\site-packages\pandas\core\internals\construction.py", line 420, in _check_values_indices_shape_match
    raise ValueError(f"Shape of passed values is {passed}, indices imply {implied}")
ValueError: Shape of passed values is (1, 1), indices imply (1, 12)


2025-04-08 17:20:08.803150 - Error: Shape of passed values is (1, 1), indices imply (1, 12)
Function: execute_serverinfo_statements
Stack Trace:
Traceback (most recent call last):
  File "C:\Users\90544\PycharmProjects\health-check-report\health-check-v1.2.py", line 950, in test_connection
    server_info_df = pd.DataFrame(rows, columns=columns)
  File "C:\Users\90544\PycharmProjects\lab\health-check-report\lib\site-packages\pandas\core\frame.py", line 867, in __init__
    mgr = ndarray_to_mgr(
  File "C:\Users\90544\PycharmProjects\lab\health-check-report\lib\site-packages\pandas\core\internals\construction.py", line 336, in ndarray_to_mgr
    _check_values_indices_shape_match(values, index, columns)
  File "C:\Users\90544\PycharmProjects\lab\health-check-report\lib\site-packages\pandas\core\internals\construction.py", line 420, in _check_values_indices_shape_match
    raise ValueError(f"Shape of passed values is {passed}, indices imply {implied}")
ValueError: Shape of passed values is (1, 1), indices imply (1, 12)


2025-04-08 17:34:08.416918 - Error: 'SQLServerConnectionUI' object has no attribute 'server_info_widget'
Function: initUI
Stack Trace:
Traceback (most recent call last):
  File "C:\Users\90544\PycharmProjects\health-check-report\health-check-v1.2.py", line 687, in initUI
    main_layout.addWidget(self.server_info_widget)
AttributeError: 'SQLServerConnectionUI' object has no attribute 'server_info_widget'


2025-04-08 17:41:19.874035 - Error: 'MainUI' object has no attribute 'display_server_info'
Function: execute_serverinfo_statements
Stack Trace:
Traceback (most recent call last):
  File "C:\Users\90544\PycharmProjects\health-check-report\health-check-v1.2.py", line 938, in test_connection
    self.main_ui.display_server_info(rows, columns)
AttributeError: 'MainUI' object has no attribute 'display_server_info'


2025-04-08 17:41:19.876095 - Error: 'SQLServerConnectionUI' object has no attribute 'display_server_info'
Function: Tried ODBC: {valid_driver} or failed test_connection
Stack Trace:
Traceback (most recent call last):
  File "C:\Users\90544\PycharmProjects\health-check-report\health-check-v1.2.py", line 947, in test_connection
    self.server_info_widget = self.display_server_info(rows, columns)
AttributeError: 'SQLServerConnectionUI' object has no attribute 'display_server_info'


2025-04-08 17:48:04.952736 - Error: 'SQLServerConnectionUI' object has no attribute 'server_info_widget'
Function: Tried ODBC: {valid_driver} or failed test_connection
Stack Trace:
Traceback (most recent call last):
  File "C:\Users\90544\PycharmProjects\health-check-report\health-check-v1.2.py", line 975, in test_connection
    self.server_info_widget.setVisible(False)  # Başta görünmesin
AttributeError: 'SQLServerConnectionUI' object has no attribute 'server_info_widget'


2025-04-08 17:51:39.124874 - Error: 'SQLServerConnectionUI' object has no attribute 'server_info_widget'
Function: Tried ODBC: {valid_driver} or failed test_connection
Stack Trace:
Traceback (most recent call last):
  File "C:\Users\90544\PycharmProjects\health-check-report\health-check-v1.2.py", line 976, in test_connection
    self.server_info_widget.setVisible(False)  # Başta görünmesin
AttributeError: 'SQLServerConnectionUI' object has no attribute 'server_info_widget'


2025-04-08 17:52:13.740186 - Error: 'SQLServerConnectionUI' object has no attribute 'server_info_widget'
Function: Tried ODBC: {valid_driver} or failed test_connection
Stack Trace:
Traceback (most recent call last):
  File "C:\Users\90544\PycharmProjects\health-check-report\health-check-v1.2.py", line 977, in test_connection
    self.server_info_widget.setVisible(False)  # Başta görünmesin
AttributeError: 'SQLServerConnectionUI' object has no attribute 'server_info_widget'


2025-04-08 17:53:09.610164 - Error: 'SQLServerConnectionUI' object has no attribute 'server_info_widget'
Function: Tried ODBC: {valid_driver} or failed test_connection
Stack Trace:
Traceback (most recent call last):
  File "C:\Users\90544\PycharmProjects\health-check-report\health-check-v1.2.py", line 977, in test_connection
    self.server_info_widget.setVisible(False)  # Başta görünmesin
AttributeError: 'SQLServerConnectionUI' object has no attribute 'server_info_widget'


2025-04-08 18:21:40.771087 - Error: ('28000', "[28000] [Microsoft][ODBC Driver 17 for SQL Server][SQL Server]Login failed for user ''. (18456) (SQLDriverConnect); [28000] [Microsoft][ODBC Driver 17 for SQL Server]Invalid connection string attribute (0); [28000] [Microsoft][ODBC Driver 17 for SQL Server][SQL Server]Login failed for user ''. (18456); [28000] [Microsoft][ODBC Driver 17 for SQL Server]Invalid connection string attribute (0)")
Function: Tried ODBC: {valid_driver} or failed test_connection
Stack Trace:
Traceback (most recent call last):
  File "C:\Users\90544\PycharmProjects\health-check-report\health-check-v1.2.py", line 949, in test_connection
    self.connection = pyodbc.connect(self.conn_str, autocommit=True)
pyodbc.InterfaceError: ('28000', "[28000] [Microsoft][ODBC Driver 17 for SQL Server][SQL Server]Login failed for user ''. (18456) (SQLDriverConnect); [28000] [Microsoft][ODBC Driver 17 for SQL Server]Invalid connection string attribute (0); [28000] [Microsoft][ODBC Driver 17 for SQL Server][SQL Server]Login failed for user ''. (18456); [28000] [Microsoft][ODBC Driver 17 for SQL Server]Invalid connection string attribute (0)")


2025-04-08 18:46:40.495145 - Error: 'QWidget' object has no attribute 'checklist_page'
Function: run_script
Stack Trace:
Traceback (most recent call last):
  File "C:\Users\90544\PycharmProjects\health-check-report\health-check-v1.2.py", line 2729, in run_scripts_and_export
    main_ui.checklist_page.set_output_path(output_path)
AttributeError: 'QWidget' object has no attribute 'checklist_page'


2025-04-08 18:46:43.439076 - Error: 'QWidget' object has no attribute 'checklist_page'
Function: run_script
Stack Trace:
Traceback (most recent call last):
  File "C:\Users\90544\PycharmProjects\health-check-report\health-check-v1.2.py", line 2729, in run_scripts_and_export
    main_ui.checklist_page.set_output_path(output_path)
AttributeError: 'QWidget' object has no attribute 'checklist_page'


2025-04-08 18:54:33.184725 - Error: name 'main_ui' is not defined
Function: run_script
Stack Trace:
Traceback (most recent call last):
  File "C:\Users\90544\PycharmProjects\health-check-report\health-check-v1.2.py", line 2729, in run_scripts_and_export
    main_ui.checklist_page.set_output_path(output_path)
NameError: name 'main_ui' is not defined


2025-04-08 18:55:55.111845 - Error: name 'main_ui' is not defined
Function: cursor_error
Stack Trace:
Traceback (most recent call last):
  File "C:\Users\90544\PycharmProjects\health-check-report\health-check-v1.2.py", line 2781, in run_scripts_and_export
    main_ui.checklist_page.update_list(selected, True)
NameError: name 'main_ui' is not defined


2025-04-08 18:55:55.474683 - Error: name 'main_ui' is not defined
Function: cursor_error
Stack Trace:
Traceback (most recent call last):
  File "C:\Users\90544\PycharmProjects\health-check-report\health-check-v1.2.py", line 2781, in run_scripts_and_export
    main_ui.checklist_page.update_list(selected, True)
NameError: name 'main_ui' is not defined


2025-04-08 18:55:56.326060 - Error: name 'main_ui' is not defined
Function: cursor_error
Stack Trace:
Traceback (most recent call last):
  File "C:\Users\90544\PycharmProjects\health-check-report\health-check-v1.2.py", line 2781, in run_scripts_and_export
    main_ui.checklist_page.update_list(selected, True)
NameError: name 'main_ui' is not defined


2025-04-08 18:55:56.644025 - Error: name 'main_ui' is not defined
Function: cursor_error
Stack Trace:
Traceback (most recent call last):
  File "C:\Users\90544\PycharmProjects\health-check-report\health-check-v1.2.py", line 2781, in run_scripts_and_export
    main_ui.checklist_page.update_list(selected, True)
NameError: name 'main_ui' is not defined


2025-04-08 18:55:56.947579 - Error: name 'main_ui' is not defined
Function: cursor_error
Stack Trace:
Traceback (most recent call last):
  File "C:\Users\90544\PycharmProjects\health-check-report\health-check-v1.2.py", line 2781, in run_scripts_and_export
    main_ui.checklist_page.update_list(selected, True)
NameError: name 'main_ui' is not defined


2025-04-08 18:55:57.270337 - Error: name 'main_ui' is not defined
Function: cursor_error
Stack Trace:
Traceback (most recent call last):
  File "C:\Users\90544\PycharmProjects\health-check-report\health-check-v1.2.py", line 2781, in run_scripts_and_export
    main_ui.checklist_page.update_list(selected, True)
NameError: name 'main_ui' is not defined


2025-04-08 18:55:57.575665 - Error: name 'main_ui' is not defined
Function: cursor_error
Stack Trace:
Traceback (most recent call last):
  File "C:\Users\90544\PycharmProjects\health-check-report\health-check-v1.2.py", line 2781, in run_scripts_and_export
    main_ui.checklist_page.update_list(selected, True)
NameError: name 'main_ui' is not defined


2025-04-08 18:55:57.891391 - Error: name 'main_ui' is not defined
Function: cursor_error
Stack Trace:
Traceback (most recent call last):
  File "C:\Users\90544\PycharmProjects\health-check-report\health-check-v1.2.py", line 2781, in run_scripts_and_export
    main_ui.checklist_page.update_list(selected, True)
NameError: name 'main_ui' is not defined


2025-04-08 18:55:58.202810 - Error: name 'main_ui' is not defined
Function: cursor_error
Stack Trace:
Traceback (most recent call last):
  File "C:\Users\90544\PycharmProjects\health-check-report\health-check-v1.2.py", line 2781, in run_scripts_and_export
    main_ui.checklist_page.update_list(selected, True)
NameError: name 'main_ui' is not defined


2025-04-08 18:55:58.513988 - Error: name 'main_ui' is not defined
Function: cursor_error
Stack Trace:
Traceback (most recent call last):
  File "C:\Users\90544\PycharmProjects\health-check-report\health-check-v1.2.py", line 2781, in run_scripts_and_export
    main_ui.checklist_page.update_list(selected, True)
NameError: name 'main_ui' is not defined


2025-04-08 18:55:58.829047 - Error: name 'main_ui' is not defined
Function: cursor_error
Stack Trace:
Traceback (most recent call last):
  File "C:\Users\90544\PycharmProjects\health-check-report\health-check-v1.2.py", line 2781, in run_scripts_and_export
    main_ui.checklist_page.update_list(selected, True)
NameError: name 'main_ui' is not defined


2025-04-08 18:55:59.140910 - Error: name 'main_ui' is not defined
Function: cursor_error
Stack Trace:
Traceback (most recent call last):
  File "C:\Users\90544\PycharmProjects\health-check-report\health-check-v1.2.py", line 2781, in run_scripts_and_export
    main_ui.checklist_page.update_list(selected, True)
NameError: name 'main_ui' is not defined


2025-04-08 18:55:59.456228 - Error: name 'main_ui' is not defined
Function: cursor_error
Stack Trace:
Traceback (most recent call last):
  File "C:\Users\90544\PycharmProjects\health-check-report\health-check-v1.2.py", line 2781, in run_scripts_and_export
    main_ui.checklist_page.update_list(selected, True)
NameError: name 'main_ui' is not defined


2025-04-08 18:55:59.767779 - Error: name 'main_ui' is not defined
Function: cursor_error
Stack Trace:
Traceback (most recent call last):
  File "C:\Users\90544\PycharmProjects\health-check-report\health-check-v1.2.py", line 2781, in run_scripts_and_export
    main_ui.checklist_page.update_list(selected, True)
NameError: name 'main_ui' is not defined


2025-04-08 18:56:00.076510 - Error: name 'main_ui' is not defined
Function: cursor_error
Stack Trace:
Traceback (most recent call last):
  File "C:\Users\90544\PycharmProjects\health-check-report\health-check-v1.2.py", line 2781, in run_scripts_and_export
    main_ui.checklist_page.update_list(selected, True)
NameError: name 'main_ui' is not defined


2025-04-08 18:56:00.387743 - Error: name 'main_ui' is not defined
Function: cursor_error
Stack Trace:
Traceback (most recent call last):
  File "C:\Users\90544\PycharmProjects\health-check-report\health-check-v1.2.py", line 2781, in run_scripts_and_export
    main_ui.checklist_page.update_list(selected, True)
NameError: name 'main_ui' is not defined


2025-04-08 18:56:00.710953 - Error: name 'main_ui' is not defined
Function: cursor_error
Stack Trace:
Traceback (most recent call last):
  File "C:\Users\90544\PycharmProjects\health-check-report\health-check-v1.2.py", line 2781, in run_scripts_and_export
    main_ui.checklist_page.update_list(selected, True)
NameError: name 'main_ui' is not defined


2025-04-08 18:56:01.055794 - Error: name 'main_ui' is not defined
Function: cursor_error
Stack Trace:
Traceback (most recent call last):
  File "C:\Users\90544\PycharmProjects\health-check-report\health-check-v1.2.py", line 2781, in run_scripts_and_export
    main_ui.checklist_page.update_list(selected, True)
NameError: name 'main_ui' is not defined


2025-04-08 18:56:01.378075 - Error: name 'main_ui' is not defined
Function: cursor_error
Stack Trace:
Traceback (most recent call last):
  File "C:\Users\90544\PycharmProjects\health-check-report\health-check-v1.2.py", line 2781, in run_scripts_and_export
    main_ui.checklist_page.update_list(selected, True)
NameError: name 'main_ui' is not defined


2025-04-08 18:56:01.684270 - Error: name 'main_ui' is not defined
Function: cursor_error
Stack Trace:
Traceback (most recent call last):
  File "C:\Users\90544\PycharmProjects\health-check-report\health-check-v1.2.py", line 2781, in run_scripts_and_export
    main_ui.checklist_page.update_list(selected, True)
NameError: name 'main_ui' is not defined


2025-04-08 18:56:02.005269 - Error: name 'main_ui' is not defined
Function: cursor_error
Stack Trace:
Traceback (most recent call last):
  File "C:\Users\90544\PycharmProjects\health-check-report\health-check-v1.2.py", line 2781, in run_scripts_and_export
    main_ui.checklist_page.update_list(selected, True)
NameError: name 'main_ui' is not defined


2025-04-08 18:56:02.325712 - Error: name 'main_ui' is not defined
Function: cursor_error
Stack Trace:
Traceback (most recent call last):
  File "C:\Users\90544\PycharmProjects\health-check-report\health-check-v1.2.py", line 2781, in run_scripts_and_export
    main_ui.checklist_page.update_list(selected, True)
NameError: name 'main_ui' is not defined


2025-04-08 18:56:02.638196 - Error: name 'main_ui' is not defined
Function: cursor_error
Stack Trace:
Traceback (most recent call last):
  File "C:\Users\90544\PycharmProjects\health-check-report\health-check-v1.2.py", line 2781, in run_scripts_and_export
    main_ui.checklist_page.update_list(selected, True)
NameError: name 'main_ui' is not defined


2025-04-08 18:56:02.950430 - Error: name 'main_ui' is not defined
Function: cursor_error
Stack Trace:
Traceback (most recent call last):
  File "C:\Users\90544\PycharmProjects\health-check-report\health-check-v1.2.py", line 2781, in run_scripts_and_export
    main_ui.checklist_page.update_list(selected, True)
NameError: name 'main_ui' is not defined


2025-04-08 18:56:03.289896 - Error: name 'main_ui' is not defined
Function: cursor_error
Stack Trace:
Traceback (most recent call last):
  File "C:\Users\90544\PycharmProjects\health-check-report\health-check-v1.2.py", line 2781, in run_scripts_and_export
    main_ui.checklist_page.update_list(selected, True)
NameError: name 'main_ui' is not defined


2025-04-08 18:56:03.611157 - Error: name 'main_ui' is not defined
Function: cursor_error
Stack Trace:
Traceback (most recent call last):
  File "C:\Users\90544\PycharmProjects\health-check-report\health-check-v1.2.py", line 2781, in run_scripts_and_export
    main_ui.checklist_page.update_list(selected, True)
NameError: name 'main_ui' is not defined


2025-04-08 18:56:03.927958 - Error: name 'main_ui' is not defined
Function: cursor_error
Stack Trace:
Traceback (most recent call last):
  File "C:\Users\90544\PycharmProjects\health-check-report\health-check-v1.2.py", line 2781, in run_scripts_and_export
    main_ui.checklist_page.update_list(selected, True)
NameError: name 'main_ui' is not defined


2025-04-08 18:56:04.441005 - Error: name 'main_ui' is not defined
Function: cursor_error
Stack Trace:
Traceback (most recent call last):
  File "C:\Users\90544\PycharmProjects\health-check-report\health-check-v1.2.py", line 2781, in run_scripts_and_export
    main_ui.checklist_page.update_list(selected, True)
NameError: name 'main_ui' is not defined


2025-04-08 18:56:04.756429 - Error: name 'main_ui' is not defined
Function: cursor_error
Stack Trace:
Traceback (most recent call last):
  File "C:\Users\90544\PycharmProjects\health-check-report\health-check-v1.2.py", line 2781, in run_scripts_and_export
    main_ui.checklist_page.update_list(selected, True)
NameError: name 'main_ui' is not defined


2025-04-08 18:56:05.078106 - Error: name 'main_ui' is not defined
Function: cursor_error
Stack Trace:
Traceback (most recent call last):
  File "C:\Users\90544\PycharmProjects\health-check-report\health-check-v1.2.py", line 2781, in run_scripts_and_export
    main_ui.checklist_page.update_list(selected, True)
NameError: name 'main_ui' is not defined


2025-04-08 18:56:05.400571 - Error: name 'main_ui' is not defined
Function: cursor_error
Stack Trace:
Traceback (most recent call last):
  File "C:\Users\90544\PycharmProjects\health-check-report\health-check-v1.2.py", line 2781, in run_scripts_and_export
    main_ui.checklist_page.update_list(selected, True)
NameError: name 'main_ui' is not defined


2025-04-08 18:56:05.720189 - Error: name 'main_ui' is not defined
Function: cursor_error
Stack Trace:
Traceback (most recent call last):
  File "C:\Users\90544\PycharmProjects\health-check-report\health-check-v1.2.py", line 2781, in run_scripts_and_export
    main_ui.checklist_page.update_list(selected, True)
NameError: name 'main_ui' is not defined


2025-04-08 18:56:06.038433 - Error: name 'main_ui' is not defined
Function: cursor_error
Stack Trace:
Traceback (most recent call last):
  File "C:\Users\90544\PycharmProjects\health-check-report\health-check-v1.2.py", line 2781, in run_scripts_and_export
    main_ui.checklist_page.update_list(selected, True)
NameError: name 'main_ui' is not defined


2025-04-08 18:56:06.346520 - Error: name 'main_ui' is not defined
Function: cursor_error
Stack Trace:
Traceback (most recent call last):
  File "C:\Users\90544\PycharmProjects\health-check-report\health-check-v1.2.py", line 2781, in run_scripts_and_export
    main_ui.checklist_page.update_list(selected, True)
NameError: name 'main_ui' is not defined


2025-04-08 18:56:06.656321 - Error: name 'main_ui' is not defined
Function: cursor_error
Stack Trace:
Traceback (most recent call last):
  File "C:\Users\90544\PycharmProjects\health-check-report\health-check-v1.2.py", line 2781, in run_scripts_and_export
    main_ui.checklist_page.update_list(selected, True)
NameError: name 'main_ui' is not defined


2025-04-08 18:56:06.968689 - Error: name 'main_ui' is not defined
Function: cursor_error
Stack Trace:
Traceback (most recent call last):
  File "C:\Users\90544\PycharmProjects\health-check-report\health-check-v1.2.py", line 2781, in run_scripts_and_export
    main_ui.checklist_page.update_list(selected, True)
NameError: name 'main_ui' is not defined


2025-04-08 18:56:07.280097 - Error: name 'main_ui' is not defined
Function: cursor_error
Stack Trace:
Traceback (most recent call last):
  File "C:\Users\90544\PycharmProjects\health-check-report\health-check-v1.2.py", line 2781, in run_scripts_and_export
    main_ui.checklist_page.update_list(selected, True)
NameError: name 'main_ui' is not defined


2025-04-08 18:56:07.592955 - Error: name 'main_ui' is not defined
Function: cursor_error
Stack Trace:
Traceback (most recent call last):
  File "C:\Users\90544\PycharmProjects\health-check-report\health-check-v1.2.py", line 2781, in run_scripts_and_export
    main_ui.checklist_page.update_list(selected, True)
NameError: name 'main_ui' is not defined


2025-04-08 18:56:07.907971 - Error: name 'main_ui' is not defined
Function: cursor_error
Stack Trace:
Traceback (most recent call last):
  File "C:\Users\90544\PycharmProjects\health-check-report\health-check-v1.2.py", line 2781, in run_scripts_and_export
    main_ui.checklist_page.update_list(selected, True)
NameError: name 'main_ui' is not defined


2025-04-08 18:56:08.216883 - Error: name 'main_ui' is not defined
Function: cursor_error
Stack Trace:
Traceback (most recent call last):
  File "C:\Users\90544\PycharmProjects\health-check-report\health-check-v1.2.py", line 2781, in run_scripts_and_export
    main_ui.checklist_page.update_list(selected, True)
NameError: name 'main_ui' is not defined


2025-04-08 18:56:09.063006 - Error: name 'main_ui' is not defined
Function: cursor_error
Stack Trace:
Traceback (most recent call last):
  File "C:\Users\90544\PycharmProjects\health-check-report\health-check-v1.2.py", line 2781, in run_scripts_and_export
    main_ui.checklist_page.update_list(selected, True)
NameError: name 'main_ui' is not defined


2025-04-08 18:56:09.374825 - Error: name 'main_ui' is not defined
Function: cursor_error
Stack Trace:
Traceback (most recent call last):
  File "C:\Users\90544\PycharmProjects\health-check-report\health-check-v1.2.py", line 2781, in run_scripts_and_export
    main_ui.checklist_page.update_list(selected, True)
NameError: name 'main_ui' is not defined


2025-04-08 18:56:10.143828 - Error: name 'main_ui' is not defined
Function: run_script
Stack Trace:
Traceback (most recent call last):
  File "C:\Users\90544\PycharmProjects\health-check-report\health-check-v1.2.py", line 2794, in run_scripts_and_export
    main_ui.checklist_page.finalize_progress()
NameError: name 'main_ui' is not defined


2025-04-08 18:57:39.461632 - Error: name 'main_ui' is not defined
Function: cursor_error
Stack Trace:
Traceback (most recent call last):
  File "C:\Users\90544\PycharmProjects\health-check-report\health-check-v1.2.py", line 2781, in run_scripts_and_export
    main_ui.checklist_page.update_list(selected, True)
NameError: name 'main_ui' is not defined


2025-04-08 18:57:39.836251 - Error: name 'main_ui' is not defined
Function: cursor_error
Stack Trace:
Traceback (most recent call last):
  File "C:\Users\90544\PycharmProjects\health-check-report\health-check-v1.2.py", line 2781, in run_scripts_and_export
    main_ui.checklist_page.update_list(selected, True)
NameError: name 'main_ui' is not defined


2025-04-08 18:57:40.708643 - Error: name 'main_ui' is not defined
Function: cursor_error
Stack Trace:
Traceback (most recent call last):
  File "C:\Users\90544\PycharmProjects\health-check-report\health-check-v1.2.py", line 2781, in run_scripts_and_export
    main_ui.checklist_page.update_list(selected, True)
NameError: name 'main_ui' is not defined


2025-04-08 18:57:41.017338 - Error: name 'main_ui' is not defined
Function: cursor_error
Stack Trace:
Traceback (most recent call last):
  File "C:\Users\90544\PycharmProjects\health-check-report\health-check-v1.2.py", line 2781, in run_scripts_and_export
    main_ui.checklist_page.update_list(selected, True)
NameError: name 'main_ui' is not defined


2025-04-08 18:57:41.331225 - Error: name 'main_ui' is not defined
Function: cursor_error
Stack Trace:
Traceback (most recent call last):
  File "C:\Users\90544\PycharmProjects\health-check-report\health-check-v1.2.py", line 2781, in run_scripts_and_export
    main_ui.checklist_page.update_list(selected, True)
NameError: name 'main_ui' is not defined


2025-04-08 18:57:41.648757 - Error: name 'main_ui' is not defined
Function: cursor_error
Stack Trace:
Traceback (most recent call last):
  File "C:\Users\90544\PycharmProjects\health-check-report\health-check-v1.2.py", line 2781, in run_scripts_and_export
    main_ui.checklist_page.update_list(selected, True)
NameError: name 'main_ui' is not defined


2025-04-08 18:57:41.965137 - Error: name 'main_ui' is not defined
Function: cursor_error
Stack Trace:
Traceback (most recent call last):
  File "C:\Users\90544\PycharmProjects\health-check-report\health-check-v1.2.py", line 2781, in run_scripts_and_export
    main_ui.checklist_page.update_list(selected, True)
NameError: name 'main_ui' is not defined


2025-04-08 18:57:42.285622 - Error: name 'main_ui' is not defined
Function: cursor_error
Stack Trace:
Traceback (most recent call last):
  File "C:\Users\90544\PycharmProjects\health-check-report\health-check-v1.2.py", line 2781, in run_scripts_and_export
    main_ui.checklist_page.update_list(selected, True)
NameError: name 'main_ui' is not defined


2025-04-08 18:57:42.602630 - Error: name 'main_ui' is not defined
Function: cursor_error
Stack Trace:
Traceback (most recent call last):
  File "C:\Users\90544\PycharmProjects\health-check-report\health-check-v1.2.py", line 2781, in run_scripts_and_export
    main_ui.checklist_page.update_list(selected, True)
NameError: name 'main_ui' is not defined


2025-04-08 18:57:42.917938 - Error: name 'main_ui' is not defined
Function: cursor_error
Stack Trace:
Traceback (most recent call last):
  File "C:\Users\90544\PycharmProjects\health-check-report\health-check-v1.2.py", line 2781, in run_scripts_and_export
    main_ui.checklist_page.update_list(selected, True)
NameError: name 'main_ui' is not defined


2025-04-08 18:57:43.233972 - Error: name 'main_ui' is not defined
Function: cursor_error
Stack Trace:
Traceback (most recent call last):
  File "C:\Users\90544\PycharmProjects\health-check-report\health-check-v1.2.py", line 2781, in run_scripts_and_export
    main_ui.checklist_page.update_list(selected, True)
NameError: name 'main_ui' is not defined


2025-04-08 18:57:43.556619 - Error: name 'main_ui' is not defined
Function: cursor_error
Stack Trace:
Traceback (most recent call last):
  File "C:\Users\90544\PycharmProjects\health-check-report\health-check-v1.2.py", line 2781, in run_scripts_and_export
    main_ui.checklist_page.update_list(selected, True)
NameError: name 'main_ui' is not defined


2025-04-08 18:57:43.864135 - Error: name 'main_ui' is not defined
Function: cursor_error
Stack Trace:
Traceback (most recent call last):
  File "C:\Users\90544\PycharmProjects\health-check-report\health-check-v1.2.py", line 2781, in run_scripts_and_export
    main_ui.checklist_page.update_list(selected, True)
NameError: name 'main_ui' is not defined


2025-04-08 18:57:44.176229 - Error: name 'main_ui' is not defined
Function: cursor_error
Stack Trace:
Traceback (most recent call last):
  File "C:\Users\90544\PycharmProjects\health-check-report\health-check-v1.2.py", line 2781, in run_scripts_and_export
    main_ui.checklist_page.update_list(selected, True)
NameError: name 'main_ui' is not defined


2025-04-08 18:57:44.493028 - Error: name 'main_ui' is not defined
Function: cursor_error
Stack Trace:
Traceback (most recent call last):
  File "C:\Users\90544\PycharmProjects\health-check-report\health-check-v1.2.py", line 2781, in run_scripts_and_export
    main_ui.checklist_page.update_list(selected, True)
NameError: name 'main_ui' is not defined


2025-04-08 18:57:44.810522 - Error: name 'main_ui' is not defined
Function: cursor_error
Stack Trace:
Traceback (most recent call last):
  File "C:\Users\90544\PycharmProjects\health-check-report\health-check-v1.2.py", line 2781, in run_scripts_and_export
    main_ui.checklist_page.update_list(selected, True)
NameError: name 'main_ui' is not defined


2025-04-08 18:57:45.134911 - Error: name 'main_ui' is not defined
Function: cursor_error
Stack Trace:
Traceback (most recent call last):
  File "C:\Users\90544\PycharmProjects\health-check-report\health-check-v1.2.py", line 2781, in run_scripts_and_export
    main_ui.checklist_page.update_list(selected, True)
NameError: name 'main_ui' is not defined


2025-04-08 18:57:45.446318 - Error: name 'main_ui' is not defined
Function: cursor_error
Stack Trace:
Traceback (most recent call last):
  File "C:\Users\90544\PycharmProjects\health-check-report\health-check-v1.2.py", line 2781, in run_scripts_and_export
    main_ui.checklist_page.update_list(selected, True)
NameError: name 'main_ui' is not defined


2025-04-08 18:57:45.755973 - Error: name 'main_ui' is not defined
Function: cursor_error
Stack Trace:
Traceback (most recent call last):
  File "C:\Users\90544\PycharmProjects\health-check-report\health-check-v1.2.py", line 2781, in run_scripts_and_export
    main_ui.checklist_page.update_list(selected, True)
NameError: name 'main_ui' is not defined


2025-04-08 18:57:46.072280 - Error: name 'main_ui' is not defined
Function: cursor_error
Stack Trace:
Traceback (most recent call last):
  File "C:\Users\90544\PycharmProjects\health-check-report\health-check-v1.2.py", line 2781, in run_scripts_and_export
    main_ui.checklist_page.update_list(selected, True)
NameError: name 'main_ui' is not defined


2025-04-08 18:57:46.384622 - Error: name 'main_ui' is not defined
Function: cursor_error
Stack Trace:
Traceback (most recent call last):
  File "C:\Users\90544\PycharmProjects\health-check-report\health-check-v1.2.py", line 2781, in run_scripts_and_export
    main_ui.checklist_page.update_list(selected, True)
NameError: name 'main_ui' is not defined


2025-04-08 18:57:46.698993 - Error: name 'main_ui' is not defined
Function: cursor_error
Stack Trace:
Traceback (most recent call last):
  File "C:\Users\90544\PycharmProjects\health-check-report\health-check-v1.2.py", line 2781, in run_scripts_and_export
    main_ui.checklist_page.update_list(selected, True)
NameError: name 'main_ui' is not defined


2025-04-08 18:57:47.025257 - Error: name 'main_ui' is not defined
Function: cursor_error
Stack Trace:
Traceback (most recent call last):
  File "C:\Users\90544\PycharmProjects\health-check-report\health-check-v1.2.py", line 2781, in run_scripts_and_export
    main_ui.checklist_page.update_list(selected, True)
NameError: name 'main_ui' is not defined


2025-04-08 18:57:47.342117 - Error: name 'main_ui' is not defined
Function: cursor_error
Stack Trace:
Traceback (most recent call last):
  File "C:\Users\90544\PycharmProjects\health-check-report\health-check-v1.2.py", line 2781, in run_scripts_and_export
    main_ui.checklist_page.update_list(selected, True)
NameError: name 'main_ui' is not defined


2025-04-08 18:57:47.676755 - Error: name 'main_ui' is not defined
Function: cursor_error
Stack Trace:
Traceback (most recent call last):
  File "C:\Users\90544\PycharmProjects\health-check-report\health-check-v1.2.py", line 2781, in run_scripts_and_export
    main_ui.checklist_page.update_list(selected, True)
NameError: name 'main_ui' is not defined


2025-04-08 18:57:47.982606 - Error: name 'main_ui' is not defined
Function: cursor_error
Stack Trace:
Traceback (most recent call last):
  File "C:\Users\90544\PycharmProjects\health-check-report\health-check-v1.2.py", line 2781, in run_scripts_and_export
    main_ui.checklist_page.update_list(selected, True)
NameError: name 'main_ui' is not defined


2025-04-08 18:57:48.301082 - Error: name 'main_ui' is not defined
Function: cursor_error
Stack Trace:
Traceback (most recent call last):
  File "C:\Users\90544\PycharmProjects\health-check-report\health-check-v1.2.py", line 2781, in run_scripts_and_export
    main_ui.checklist_page.update_list(selected, True)
NameError: name 'main_ui' is not defined


2025-04-08 18:57:48.772389 - Error: name 'main_ui' is not defined
Function: cursor_error
Stack Trace:
Traceback (most recent call last):
  File "C:\Users\90544\PycharmProjects\health-check-report\health-check-v1.2.py", line 2781, in run_scripts_and_export
    main_ui.checklist_page.update_list(selected, True)
NameError: name 'main_ui' is not defined


2025-04-08 18:57:49.084819 - Error: name 'main_ui' is not defined
Function: cursor_error
Stack Trace:
Traceback (most recent call last):
  File "C:\Users\90544\PycharmProjects\health-check-report\health-check-v1.2.py", line 2781, in run_scripts_and_export
    main_ui.checklist_page.update_list(selected, True)
NameError: name 'main_ui' is not defined


2025-04-08 18:57:49.404887 - Error: name 'main_ui' is not defined
Function: cursor_error
Stack Trace:
Traceback (most recent call last):
  File "C:\Users\90544\PycharmProjects\health-check-report\health-check-v1.2.py", line 2781, in run_scripts_and_export
    main_ui.checklist_page.update_list(selected, True)
NameError: name 'main_ui' is not defined


2025-04-08 18:57:49.719956 - Error: name 'main_ui' is not defined
Function: cursor_error
Stack Trace:
Traceback (most recent call last):
  File "C:\Users\90544\PycharmProjects\health-check-report\health-check-v1.2.py", line 2781, in run_scripts_and_export
    main_ui.checklist_page.update_list(selected, True)
NameError: name 'main_ui' is not defined


2025-04-08 18:57:50.038397 - Error: name 'main_ui' is not defined
Function: cursor_error
Stack Trace:
Traceback (most recent call last):
  File "C:\Users\90544\PycharmProjects\health-check-report\health-check-v1.2.py", line 2781, in run_scripts_and_export
    main_ui.checklist_page.update_list(selected, True)
NameError: name 'main_ui' is not defined


2025-04-08 18:57:50.346417 - Error: name 'main_ui' is not defined
Function: cursor_error
Stack Trace:
Traceback (most recent call last):
  File "C:\Users\90544\PycharmProjects\health-check-report\health-check-v1.2.py", line 2781, in run_scripts_and_export
    main_ui.checklist_page.update_list(selected, True)
NameError: name 'main_ui' is not defined


2025-04-08 18:57:50.662220 - Error: name 'main_ui' is not defined
Function: cursor_error
Stack Trace:
Traceback (most recent call last):
  File "C:\Users\90544\PycharmProjects\health-check-report\health-check-v1.2.py", line 2781, in run_scripts_and_export
    main_ui.checklist_page.update_list(selected, True)
NameError: name 'main_ui' is not defined


2025-04-08 18:57:50.979671 - Error: name 'main_ui' is not defined
Function: cursor_error
Stack Trace:
Traceback (most recent call last):
  File "C:\Users\90544\PycharmProjects\health-check-report\health-check-v1.2.py", line 2781, in run_scripts_and_export
    main_ui.checklist_page.update_list(selected, True)
NameError: name 'main_ui' is not defined


2025-04-08 18:57:51.306282 - Error: name 'main_ui' is not defined
Function: cursor_error
Stack Trace:
Traceback (most recent call last):
  File "C:\Users\90544\PycharmProjects\health-check-report\health-check-v1.2.py", line 2781, in run_scripts_and_export
    main_ui.checklist_page.update_list(selected, True)
NameError: name 'main_ui' is not defined


2025-04-08 18:57:51.612270 - Error: name 'main_ui' is not defined
Function: cursor_error
Stack Trace:
Traceback (most recent call last):
  File "C:\Users\90544\PycharmProjects\health-check-report\health-check-v1.2.py", line 2781, in run_scripts_and_export
    main_ui.checklist_page.update_list(selected, True)
NameError: name 'main_ui' is not defined


2025-04-08 18:57:51.928290 - Error: name 'main_ui' is not defined
Function: cursor_error
Stack Trace:
Traceback (most recent call last):
  File "C:\Users\90544\PycharmProjects\health-check-report\health-check-v1.2.py", line 2781, in run_scripts_and_export
    main_ui.checklist_page.update_list(selected, True)
NameError: name 'main_ui' is not defined


2025-04-08 18:57:52.240221 - Error: name 'main_ui' is not defined
Function: cursor_error
Stack Trace:
Traceback (most recent call last):
  File "C:\Users\90544\PycharmProjects\health-check-report\health-check-v1.2.py", line 2781, in run_scripts_and_export
    main_ui.checklist_page.update_list(selected, True)
NameError: name 'main_ui' is not defined


2025-04-08 18:57:52.552053 - Error: name 'main_ui' is not defined
Function: cursor_error
Stack Trace:
Traceback (most recent call last):
  File "C:\Users\90544\PycharmProjects\health-check-report\health-check-v1.2.py", line 2781, in run_scripts_and_export
    main_ui.checklist_page.update_list(selected, True)
NameError: name 'main_ui' is not defined


2025-04-08 18:57:53.241482 - Error: name 'main_ui' is not defined
Function: cursor_error
Stack Trace:
Traceback (most recent call last):
  File "C:\Users\90544\PycharmProjects\health-check-report\health-check-v1.2.py", line 2781, in run_scripts_and_export
    main_ui.checklist_page.update_list(selected, True)
NameError: name 'main_ui' is not defined


2025-04-08 18:57:53.554470 - Error: name 'main_ui' is not defined
Function: cursor_error
Stack Trace:
Traceback (most recent call last):
  File "C:\Users\90544\PycharmProjects\health-check-report\health-check-v1.2.py", line 2781, in run_scripts_and_export
    main_ui.checklist_page.update_list(selected, True)
NameError: name 'main_ui' is not defined


2025-04-08 18:57:53.987230 - Error: name 'main_ui' is not defined
Function: run_script
Stack Trace:
Traceback (most recent call last):
  File "C:\Users\90544\PycharmProjects\health-check-report\health-check-v1.2.py", line 2794, in run_scripts_and_export
    main_ui.checklist_page.finalize_progress()
NameError: name 'main_ui' is not defined


2025-04-08 18:59:33.602141 - Error: name 'main_ui' is not defined
Function: cursor_error
Stack Trace:
Traceback (most recent call last):
  File "C:\Users\90544\PycharmProjects\health-check-report\health-check-v1.2.py", line 2783, in run_scripts_and_export
    main_ui.checklist_page.update_list(selected, True)
NameError: name 'main_ui' is not defined


2025-04-08 18:59:33.951191 - Error: name 'main_ui' is not defined
Function: cursor_error
Stack Trace:
Traceback (most recent call last):
  File "C:\Users\90544\PycharmProjects\health-check-report\health-check-v1.2.py", line 2783, in run_scripts_and_export
    main_ui.checklist_page.update_list(selected, True)
NameError: name 'main_ui' is not defined


2025-04-08 18:59:34.698534 - Error: name 'main_ui' is not defined
Function: cursor_error
Stack Trace:
Traceback (most recent call last):
  File "C:\Users\90544\PycharmProjects\health-check-report\health-check-v1.2.py", line 2783, in run_scripts_and_export
    main_ui.checklist_page.update_list(selected, True)
NameError: name 'main_ui' is not defined


2025-04-08 18:59:35.011811 - Error: name 'main_ui' is not defined
Function: cursor_error
Stack Trace:
Traceback (most recent call last):
  File "C:\Users\90544\PycharmProjects\health-check-report\health-check-v1.2.py", line 2783, in run_scripts_and_export
    main_ui.checklist_page.update_list(selected, True)
NameError: name 'main_ui' is not defined


2025-04-08 18:59:35.327658 - Error: name 'main_ui' is not defined
Function: cursor_error
Stack Trace:
Traceback (most recent call last):
  File "C:\Users\90544\PycharmProjects\health-check-report\health-check-v1.2.py", line 2783, in run_scripts_and_export
    main_ui.checklist_page.update_list(selected, True)
NameError: name 'main_ui' is not defined


2025-04-08 18:59:35.647056 - Error: name 'main_ui' is not defined
Function: cursor_error
Stack Trace:
Traceback (most recent call last):
  File "C:\Users\90544\PycharmProjects\health-check-report\health-check-v1.2.py", line 2783, in run_scripts_and_export
    main_ui.checklist_page.update_list(selected, True)
NameError: name 'main_ui' is not defined


2025-04-08 18:59:35.960427 - Error: name 'main_ui' is not defined
Function: cursor_error
Stack Trace:
Traceback (most recent call last):
  File "C:\Users\90544\PycharmProjects\health-check-report\health-check-v1.2.py", line 2783, in run_scripts_and_export
    main_ui.checklist_page.update_list(selected, True)
NameError: name 'main_ui' is not defined


2025-04-08 18:59:36.277968 - Error: name 'main_ui' is not defined
Function: cursor_error
Stack Trace:
Traceback (most recent call last):
  File "C:\Users\90544\PycharmProjects\health-check-report\health-check-v1.2.py", line 2783, in run_scripts_and_export
    main_ui.checklist_page.update_list(selected, True)
NameError: name 'main_ui' is not defined


2025-04-08 18:59:36.589376 - Error: name 'main_ui' is not defined
Function: cursor_error
Stack Trace:
Traceback (most recent call last):
  File "C:\Users\90544\PycharmProjects\health-check-report\health-check-v1.2.py", line 2783, in run_scripts_and_export
    main_ui.checklist_page.update_list(selected, True)
NameError: name 'main_ui' is not defined


2025-04-08 18:59:36.903000 - Error: name 'main_ui' is not defined
Function: cursor_error
Stack Trace:
Traceback (most recent call last):
  File "C:\Users\90544\PycharmProjects\health-check-report\health-check-v1.2.py", line 2783, in run_scripts_and_export
    main_ui.checklist_page.update_list(selected, True)
NameError: name 'main_ui' is not defined


2025-04-08 18:59:37.229491 - Error: name 'main_ui' is not defined
Function: cursor_error
Stack Trace:
Traceback (most recent call last):
  File "C:\Users\90544\PycharmProjects\health-check-report\health-check-v1.2.py", line 2783, in run_scripts_and_export
    main_ui.checklist_page.update_list(selected, True)
NameError: name 'main_ui' is not defined


2025-04-08 18:59:37.555556 - Error: name 'main_ui' is not defined
Function: cursor_error
Stack Trace:
Traceback (most recent call last):
  File "C:\Users\90544\PycharmProjects\health-check-report\health-check-v1.2.py", line 2783, in run_scripts_and_export
    main_ui.checklist_page.update_list(selected, True)
NameError: name 'main_ui' is not defined


2025-04-08 18:59:37.867606 - Error: name 'main_ui' is not defined
Function: cursor_error
Stack Trace:
Traceback (most recent call last):
  File "C:\Users\90544\PycharmProjects\health-check-report\health-check-v1.2.py", line 2783, in run_scripts_and_export
    main_ui.checklist_page.update_list(selected, True)
NameError: name 'main_ui' is not defined


2025-04-08 18:59:38.185048 - Error: name 'main_ui' is not defined
Function: cursor_error
Stack Trace:
Traceback (most recent call last):
  File "C:\Users\90544\PycharmProjects\health-check-report\health-check-v1.2.py", line 2783, in run_scripts_and_export
    main_ui.checklist_page.update_list(selected, True)
NameError: name 'main_ui' is not defined


2025-04-08 18:59:38.498036 - Error: name 'main_ui' is not defined
Function: cursor_error
Stack Trace:
Traceback (most recent call last):
  File "C:\Users\90544\PycharmProjects\health-check-report\health-check-v1.2.py", line 2783, in run_scripts_and_export
    main_ui.checklist_page.update_list(selected, True)
NameError: name 'main_ui' is not defined


2025-04-08 18:59:38.809498 - Error: name 'main_ui' is not defined
Function: cursor_error
Stack Trace:
Traceback (most recent call last):
  File "C:\Users\90544\PycharmProjects\health-check-report\health-check-v1.2.py", line 2783, in run_scripts_and_export
    main_ui.checklist_page.update_list(selected, True)
NameError: name 'main_ui' is not defined


2025-04-08 18:59:39.126604 - Error: name 'main_ui' is not defined
Function: cursor_error
Stack Trace:
Traceback (most recent call last):
  File "C:\Users\90544\PycharmProjects\health-check-report\health-check-v1.2.py", line 2783, in run_scripts_and_export
    main_ui.checklist_page.update_list(selected, True)
NameError: name 'main_ui' is not defined


2025-04-08 18:59:39.479436 - Error: name 'main_ui' is not defined
Function: cursor_error
Stack Trace:
Traceback (most recent call last):
  File "C:\Users\90544\PycharmProjects\health-check-report\health-check-v1.2.py", line 2783, in run_scripts_and_export
    main_ui.checklist_page.update_list(selected, True)
NameError: name 'main_ui' is not defined


2025-04-08 18:59:39.800130 - Error: name 'main_ui' is not defined
Function: cursor_error
Stack Trace:
Traceback (most recent call last):
  File "C:\Users\90544\PycharmProjects\health-check-report\health-check-v1.2.py", line 2783, in run_scripts_and_export
    main_ui.checklist_page.update_list(selected, True)
NameError: name 'main_ui' is not defined


2025-04-08 18:59:40.106709 - Error: name 'main_ui' is not defined
Function: cursor_error
Stack Trace:
Traceback (most recent call last):
  File "C:\Users\90544\PycharmProjects\health-check-report\health-check-v1.2.py", line 2783, in run_scripts_and_export
    main_ui.checklist_page.update_list(selected, True)
NameError: name 'main_ui' is not defined


2025-04-08 18:59:40.415686 - Error: name 'main_ui' is not defined
Function: cursor_error
Stack Trace:
Traceback (most recent call last):
  File "C:\Users\90544\PycharmProjects\health-check-report\health-check-v1.2.py", line 2783, in run_scripts_and_export
    main_ui.checklist_page.update_list(selected, True)
NameError: name 'main_ui' is not defined


2025-04-08 18:59:40.722177 - Error: name 'main_ui' is not defined
Function: cursor_error
Stack Trace:
Traceback (most recent call last):
  File "C:\Users\90544\PycharmProjects\health-check-report\health-check-v1.2.py", line 2783, in run_scripts_and_export
    main_ui.checklist_page.update_list(selected, True)
NameError: name 'main_ui' is not defined


2025-04-08 18:59:41.039104 - Error: name 'main_ui' is not defined
Function: cursor_error
Stack Trace:
Traceback (most recent call last):
  File "C:\Users\90544\PycharmProjects\health-check-report\health-check-v1.2.py", line 2783, in run_scripts_and_export
    main_ui.checklist_page.update_list(selected, True)
NameError: name 'main_ui' is not defined


2025-04-08 18:59:41.356040 - Error: name 'main_ui' is not defined
Function: cursor_error
Stack Trace:
Traceback (most recent call last):
  File "C:\Users\90544\PycharmProjects\health-check-report\health-check-v1.2.py", line 2783, in run_scripts_and_export
    main_ui.checklist_page.update_list(selected, True)
NameError: name 'main_ui' is not defined


2025-04-08 18:59:41.685165 - Error: name 'main_ui' is not defined
Function: cursor_error
Stack Trace:
Traceback (most recent call last):
  File "C:\Users\90544\PycharmProjects\health-check-report\health-check-v1.2.py", line 2783, in run_scripts_and_export
    main_ui.checklist_page.update_list(selected, True)
NameError: name 'main_ui' is not defined


2025-04-08 18:59:41.998230 - Error: name 'main_ui' is not defined
Function: cursor_error
Stack Trace:
Traceback (most recent call last):
  File "C:\Users\90544\PycharmProjects\health-check-report\health-check-v1.2.py", line 2783, in run_scripts_and_export
    main_ui.checklist_page.update_list(selected, True)
NameError: name 'main_ui' is not defined


2025-04-08 18:59:42.330274 - Error: name 'main_ui' is not defined
Function: cursor_error
Stack Trace:
Traceback (most recent call last):
  File "C:\Users\90544\PycharmProjects\health-check-report\health-check-v1.2.py", line 2783, in run_scripts_and_export
    main_ui.checklist_page.update_list(selected, True)
NameError: name 'main_ui' is not defined


2025-04-08 18:59:42.781155 - Error: name 'main_ui' is not defined
Function: cursor_error
Stack Trace:
Traceback (most recent call last):
  File "C:\Users\90544\PycharmProjects\health-check-report\health-check-v1.2.py", line 2783, in run_scripts_and_export
    main_ui.checklist_page.update_list(selected, True)
NameError: name 'main_ui' is not defined


2025-04-08 18:59:43.091801 - Error: name 'main_ui' is not defined
Function: cursor_error
Stack Trace:
Traceback (most recent call last):
  File "C:\Users\90544\PycharmProjects\health-check-report\health-check-v1.2.py", line 2783, in run_scripts_and_export
    main_ui.checklist_page.update_list(selected, True)
NameError: name 'main_ui' is not defined


2025-04-08 18:59:43.402383 - Error: name 'main_ui' is not defined
Function: cursor_error
Stack Trace:
Traceback (most recent call last):
  File "C:\Users\90544\PycharmProjects\health-check-report\health-check-v1.2.py", line 2783, in run_scripts_and_export
    main_ui.checklist_page.update_list(selected, True)
NameError: name 'main_ui' is not defined


2025-04-08 18:59:43.715539 - Error: name 'main_ui' is not defined
Function: cursor_error
Stack Trace:
Traceback (most recent call last):
  File "C:\Users\90544\PycharmProjects\health-check-report\health-check-v1.2.py", line 2783, in run_scripts_and_export
    main_ui.checklist_page.update_list(selected, True)
NameError: name 'main_ui' is not defined


2025-04-08 18:59:44.037417 - Error: name 'main_ui' is not defined
Function: cursor_error
Stack Trace:
Traceback (most recent call last):
  File "C:\Users\90544\PycharmProjects\health-check-report\health-check-v1.2.py", line 2783, in run_scripts_and_export
    main_ui.checklist_page.update_list(selected, True)
NameError: name 'main_ui' is not defined


2025-04-08 18:59:44.354414 - Error: name 'main_ui' is not defined
Function: cursor_error
Stack Trace:
Traceback (most recent call last):
  File "C:\Users\90544\PycharmProjects\health-check-report\health-check-v1.2.py", line 2783, in run_scripts_and_export
    main_ui.checklist_page.update_list(selected, True)
NameError: name 'main_ui' is not defined


2025-04-08 18:59:44.661754 - Error: name 'main_ui' is not defined
Function: cursor_error
Stack Trace:
Traceback (most recent call last):
  File "C:\Users\90544\PycharmProjects\health-check-report\health-check-v1.2.py", line 2783, in run_scripts_and_export
    main_ui.checklist_page.update_list(selected, True)
NameError: name 'main_ui' is not defined


2025-04-08 18:59:44.975181 - Error: name 'main_ui' is not defined
Function: cursor_error
Stack Trace:
Traceback (most recent call last):
  File "C:\Users\90544\PycharmProjects\health-check-report\health-check-v1.2.py", line 2783, in run_scripts_and_export
    main_ui.checklist_page.update_list(selected, True)
NameError: name 'main_ui' is not defined


2025-04-08 18:59:45.290140 - Error: name 'main_ui' is not defined
Function: cursor_error
Stack Trace:
Traceback (most recent call last):
  File "C:\Users\90544\PycharmProjects\health-check-report\health-check-v1.2.py", line 2783, in run_scripts_and_export
    main_ui.checklist_page.update_list(selected, True)
NameError: name 'main_ui' is not defined


2025-04-08 18:59:45.608508 - Error: name 'main_ui' is not defined
Function: cursor_error
Stack Trace:
Traceback (most recent call last):
  File "C:\Users\90544\PycharmProjects\health-check-report\health-check-v1.2.py", line 2783, in run_scripts_and_export
    main_ui.checklist_page.update_list(selected, True)
NameError: name 'main_ui' is not defined


2025-04-08 18:59:45.922683 - Error: name 'main_ui' is not defined
Function: cursor_error
Stack Trace:
Traceback (most recent call last):
  File "C:\Users\90544\PycharmProjects\health-check-report\health-check-v1.2.py", line 2783, in run_scripts_and_export
    main_ui.checklist_page.update_list(selected, True)
NameError: name 'main_ui' is not defined


2025-04-08 18:59:46.249229 - Error: name 'main_ui' is not defined
Function: cursor_error
Stack Trace:
Traceback (most recent call last):
  File "C:\Users\90544\PycharmProjects\health-check-report\health-check-v1.2.py", line 2783, in run_scripts_and_export
    main_ui.checklist_page.update_list(selected, True)
NameError: name 'main_ui' is not defined


2025-04-08 18:59:46.561129 - Error: name 'main_ui' is not defined
Function: cursor_error
Stack Trace:
Traceback (most recent call last):
  File "C:\Users\90544\PycharmProjects\health-check-report\health-check-v1.2.py", line 2783, in run_scripts_and_export
    main_ui.checklist_page.update_list(selected, True)
NameError: name 'main_ui' is not defined


2025-04-08 18:59:47.425825 - Error: name 'main_ui' is not defined
Function: cursor_error
Stack Trace:
Traceback (most recent call last):
  File "C:\Users\90544\PycharmProjects\health-check-report\health-check-v1.2.py", line 2783, in run_scripts_and_export
    main_ui.checklist_page.update_list(selected, True)
NameError: name 'main_ui' is not defined


2025-04-08 18:59:47.766870 - Error: name 'main_ui' is not defined
Function: cursor_error
Stack Trace:
Traceback (most recent call last):
  File "C:\Users\90544\PycharmProjects\health-check-report\health-check-v1.2.py", line 2783, in run_scripts_and_export
    main_ui.checklist_page.update_list(selected, True)
NameError: name 'main_ui' is not defined


2025-04-08 18:59:48.313685 - Error: name 'main_ui' is not defined
Function: run_script
Stack Trace:
Traceback (most recent call last):
  File "C:\Users\90544\PycharmProjects\health-check-report\health-check-v1.2.py", line 2796, in run_scripts_and_export
    main_ui.checklist_page.finalize_progress()
NameError: name 'main_ui' is not defined


2025-04-08 19:00:40.060458 - Error: name 'main_ui' is not defined
Function: cursor_error
Stack Trace:
Traceback (most recent call last):
  File "C:\Users\90544\PycharmProjects\health-check-report\health-check-v1.2.py", line 2784, in run_scripts_and_export
    main_ui.checklist_page.update_list(selected, True)
NameError: name 'main_ui' is not defined


2025-04-08 19:00:40.400665 - Error: name 'main_ui' is not defined
Function: cursor_error
Stack Trace:
Traceback (most recent call last):
  File "C:\Users\90544\PycharmProjects\health-check-report\health-check-v1.2.py", line 2784, in run_scripts_and_export
    main_ui.checklist_page.update_list(selected, True)
NameError: name 'main_ui' is not defined


2025-04-08 19:00:41.120305 - Error: name 'main_ui' is not defined
Function: cursor_error
Stack Trace:
Traceback (most recent call last):
  File "C:\Users\90544\PycharmProjects\health-check-report\health-check-v1.2.py", line 2784, in run_scripts_and_export
    main_ui.checklist_page.update_list(selected, True)
NameError: name 'main_ui' is not defined


2025-04-08 19:00:41.440715 - Error: name 'main_ui' is not defined
Function: cursor_error
Stack Trace:
Traceback (most recent call last):
  File "C:\Users\90544\PycharmProjects\health-check-report\health-check-v1.2.py", line 2784, in run_scripts_and_export
    main_ui.checklist_page.update_list(selected, True)
NameError: name 'main_ui' is not defined


2025-04-08 19:00:41.747212 - Error: name 'main_ui' is not defined
Function: cursor_error
Stack Trace:
Traceback (most recent call last):
  File "C:\Users\90544\PycharmProjects\health-check-report\health-check-v1.2.py", line 2784, in run_scripts_and_export
    main_ui.checklist_page.update_list(selected, True)
NameError: name 'main_ui' is not defined


2025-04-08 19:00:42.060468 - Error: name 'main_ui' is not defined
Function: cursor_error
Stack Trace:
Traceback (most recent call last):
  File "C:\Users\90544\PycharmProjects\health-check-report\health-check-v1.2.py", line 2784, in run_scripts_and_export
    main_ui.checklist_page.update_list(selected, True)
NameError: name 'main_ui' is not defined


2025-04-08 19:00:42.380326 - Error: name 'main_ui' is not defined
Function: cursor_error
Stack Trace:
Traceback (most recent call last):
  File "C:\Users\90544\PycharmProjects\health-check-report\health-check-v1.2.py", line 2784, in run_scripts_and_export
    main_ui.checklist_page.update_list(selected, True)
NameError: name 'main_ui' is not defined


2025-04-08 19:00:42.697128 - Error: name 'main_ui' is not defined
Function: cursor_error
Stack Trace:
Traceback (most recent call last):
  File "C:\Users\90544\PycharmProjects\health-check-report\health-check-v1.2.py", line 2784, in run_scripts_and_export
    main_ui.checklist_page.update_list(selected, True)
NameError: name 'main_ui' is not defined


2025-04-08 19:00:43.009670 - Error: name 'main_ui' is not defined
Function: cursor_error
Stack Trace:
Traceback (most recent call last):
  File "C:\Users\90544\PycharmProjects\health-check-report\health-check-v1.2.py", line 2784, in run_scripts_and_export
    main_ui.checklist_page.update_list(selected, True)
NameError: name 'main_ui' is not defined


2025-04-08 19:00:43.326372 - Error: name 'main_ui' is not defined
Function: cursor_error
Stack Trace:
Traceback (most recent call last):
  File "C:\Users\90544\PycharmProjects\health-check-report\health-check-v1.2.py", line 2784, in run_scripts_and_export
    main_ui.checklist_page.update_list(selected, True)
NameError: name 'main_ui' is not defined


2025-04-08 19:00:43.644678 - Error: name 'main_ui' is not defined
Function: cursor_error
Stack Trace:
Traceback (most recent call last):
  File "C:\Users\90544\PycharmProjects\health-check-report\health-check-v1.2.py", line 2784, in run_scripts_and_export
    main_ui.checklist_page.update_list(selected, True)
NameError: name 'main_ui' is not defined


2025-04-08 19:00:43.950527 - Error: name 'main_ui' is not defined
Function: cursor_error
Stack Trace:
Traceback (most recent call last):
  File "C:\Users\90544\PycharmProjects\health-check-report\health-check-v1.2.py", line 2784, in run_scripts_and_export
    main_ui.checklist_page.update_list(selected, True)
NameError: name 'main_ui' is not defined


2025-04-08 19:00:44.262076 - Error: name 'main_ui' is not defined
Function: cursor_error
Stack Trace:
Traceback (most recent call last):
  File "C:\Users\90544\PycharmProjects\health-check-report\health-check-v1.2.py", line 2784, in run_scripts_and_export
    main_ui.checklist_page.update_list(selected, True)
NameError: name 'main_ui' is not defined


2025-04-08 19:00:44.577719 - Error: name 'main_ui' is not defined
Function: cursor_error
Stack Trace:
Traceback (most recent call last):
  File "C:\Users\90544\PycharmProjects\health-check-report\health-check-v1.2.py", line 2784, in run_scripts_and_export
    main_ui.checklist_page.update_list(selected, True)
NameError: name 'main_ui' is not defined


2025-04-08 19:00:44.889587 - Error: name 'main_ui' is not defined
Function: cursor_error
Stack Trace:
Traceback (most recent call last):
  File "C:\Users\90544\PycharmProjects\health-check-report\health-check-v1.2.py", line 2784, in run_scripts_and_export
    main_ui.checklist_page.update_list(selected, True)
NameError: name 'main_ui' is not defined


2025-04-08 19:00:45.230925 - Error: name 'main_ui' is not defined
Function: cursor_error
Stack Trace:
Traceback (most recent call last):
  File "C:\Users\90544\PycharmProjects\health-check-report\health-check-v1.2.py", line 2784, in run_scripts_and_export
    main_ui.checklist_page.update_list(selected, True)
NameError: name 'main_ui' is not defined


2025-04-08 19:00:45.552114 - Error: name 'main_ui' is not defined
Function: cursor_error
Stack Trace:
Traceback (most recent call last):
  File "C:\Users\90544\PycharmProjects\health-check-report\health-check-v1.2.py", line 2784, in run_scripts_and_export
    main_ui.checklist_page.update_list(selected, True)
NameError: name 'main_ui' is not defined


2025-04-08 19:00:45.868554 - Error: name 'main_ui' is not defined
Function: cursor_error
Stack Trace:
Traceback (most recent call last):
  File "C:\Users\90544\PycharmProjects\health-check-report\health-check-v1.2.py", line 2784, in run_scripts_and_export
    main_ui.checklist_page.update_list(selected, True)
NameError: name 'main_ui' is not defined


2025-04-08 19:00:46.181854 - Error: name 'main_ui' is not defined
Function: cursor_error
Stack Trace:
Traceback (most recent call last):
  File "C:\Users\90544\PycharmProjects\health-check-report\health-check-v1.2.py", line 2784, in run_scripts_and_export
    main_ui.checklist_page.update_list(selected, True)
NameError: name 'main_ui' is not defined


2025-04-08 19:00:46.494070 - Error: name 'main_ui' is not defined
Function: cursor_error
Stack Trace:
Traceback (most recent call last):
  File "C:\Users\90544\PycharmProjects\health-check-report\health-check-v1.2.py", line 2784, in run_scripts_and_export
    main_ui.checklist_page.update_list(selected, True)
NameError: name 'main_ui' is not defined


2025-04-08 19:00:46.809372 - Error: name 'main_ui' is not defined
Function: cursor_error
Stack Trace:
Traceback (most recent call last):
  File "C:\Users\90544\PycharmProjects\health-check-report\health-check-v1.2.py", line 2784, in run_scripts_and_export
    main_ui.checklist_page.update_list(selected, True)
NameError: name 'main_ui' is not defined


2025-04-08 19:00:47.119471 - Error: name 'main_ui' is not defined
Function: cursor_error
Stack Trace:
Traceback (most recent call last):
  File "C:\Users\90544\PycharmProjects\health-check-report\health-check-v1.2.py", line 2784, in run_scripts_and_export
    main_ui.checklist_page.update_list(selected, True)
NameError: name 'main_ui' is not defined


2025-04-08 19:00:47.438112 - Error: name 'main_ui' is not defined
Function: cursor_error
Stack Trace:
Traceback (most recent call last):
  File "C:\Users\90544\PycharmProjects\health-check-report\health-check-v1.2.py", line 2784, in run_scripts_and_export
    main_ui.checklist_page.update_list(selected, True)
NameError: name 'main_ui' is not defined


2025-04-08 19:00:47.752985 - Error: name 'main_ui' is not defined
Function: cursor_error
Stack Trace:
Traceback (most recent call last):
  File "C:\Users\90544\PycharmProjects\health-check-report\health-check-v1.2.py", line 2784, in run_scripts_and_export
    main_ui.checklist_page.update_list(selected, True)
NameError: name 'main_ui' is not defined


2025-04-08 19:00:48.105092 - Error: name 'main_ui' is not defined
Function: cursor_error
Stack Trace:
Traceback (most recent call last):
  File "C:\Users\90544\PycharmProjects\health-check-report\health-check-v1.2.py", line 2784, in run_scripts_and_export
    main_ui.checklist_page.update_list(selected, True)
NameError: name 'main_ui' is not defined


2025-04-08 19:00:48.427567 - Error: name 'main_ui' is not defined
Function: cursor_error
Stack Trace:
Traceback (most recent call last):
  File "C:\Users\90544\PycharmProjects\health-check-report\health-check-v1.2.py", line 2784, in run_scripts_and_export
    main_ui.checklist_page.update_list(selected, True)
NameError: name 'main_ui' is not defined


2025-04-08 19:00:48.735660 - Error: name 'main_ui' is not defined
Function: cursor_error
Stack Trace:
Traceback (most recent call last):
  File "C:\Users\90544\PycharmProjects\health-check-report\health-check-v1.2.py", line 2784, in run_scripts_and_export
    main_ui.checklist_page.update_list(selected, True)
NameError: name 'main_ui' is not defined


2025-04-08 19:00:49.221928 - Error: name 'main_ui' is not defined
Function: cursor_error
Stack Trace:
Traceback (most recent call last):
  File "C:\Users\90544\PycharmProjects\health-check-report\health-check-v1.2.py", line 2784, in run_scripts_and_export
    main_ui.checklist_page.update_list(selected, True)
NameError: name 'main_ui' is not defined


2025-04-08 19:00:49.531117 - Error: name 'main_ui' is not defined
Function: cursor_error
Stack Trace:
Traceback (most recent call last):
  File "C:\Users\90544\PycharmProjects\health-check-report\health-check-v1.2.py", line 2784, in run_scripts_and_export
    main_ui.checklist_page.update_list(selected, True)
NameError: name 'main_ui' is not defined


2025-04-08 19:00:49.841030 - Error: name 'main_ui' is not defined
Function: cursor_error
Stack Trace:
Traceback (most recent call last):
  File "C:\Users\90544\PycharmProjects\health-check-report\health-check-v1.2.py", line 2784, in run_scripts_and_export
    main_ui.checklist_page.update_list(selected, True)
NameError: name 'main_ui' is not defined


2025-04-08 19:00:50.153737 - Error: name 'main_ui' is not defined
Function: cursor_error
Stack Trace:
Traceback (most recent call last):
  File "C:\Users\90544\PycharmProjects\health-check-report\health-check-v1.2.py", line 2784, in run_scripts_and_export
    main_ui.checklist_page.update_list(selected, True)
NameError: name 'main_ui' is not defined


2025-04-08 19:00:50.466763 - Error: name 'main_ui' is not defined
Function: cursor_error
Stack Trace:
Traceback (most recent call last):
  File "C:\Users\90544\PycharmProjects\health-check-report\health-check-v1.2.py", line 2784, in run_scripts_and_export
    main_ui.checklist_page.update_list(selected, True)
NameError: name 'main_ui' is not defined


2025-04-08 19:00:50.784932 - Error: name 'main_ui' is not defined
Function: cursor_error
Stack Trace:
Traceback (most recent call last):
  File "C:\Users\90544\PycharmProjects\health-check-report\health-check-v1.2.py", line 2784, in run_scripts_and_export
    main_ui.checklist_page.update_list(selected, True)
NameError: name 'main_ui' is not defined


2025-04-08 19:00:51.097673 - Error: name 'main_ui' is not defined
Function: cursor_error
Stack Trace:
Traceback (most recent call last):
  File "C:\Users\90544\PycharmProjects\health-check-report\health-check-v1.2.py", line 2784, in run_scripts_and_export
    main_ui.checklist_page.update_list(selected, True)
NameError: name 'main_ui' is not defined


2025-04-08 19:00:51.408299 - Error: name 'main_ui' is not defined
Function: cursor_error
Stack Trace:
Traceback (most recent call last):
  File "C:\Users\90544\PycharmProjects\health-check-report\health-check-v1.2.py", line 2784, in run_scripts_and_export
    main_ui.checklist_page.update_list(selected, True)
NameError: name 'main_ui' is not defined


2025-04-08 19:00:51.719404 - Error: name 'main_ui' is not defined
Function: cursor_error
Stack Trace:
Traceback (most recent call last):
  File "C:\Users\90544\PycharmProjects\health-check-report\health-check-v1.2.py", line 2784, in run_scripts_and_export
    main_ui.checklist_page.update_list(selected, True)
NameError: name 'main_ui' is not defined


2025-04-08 19:00:52.037134 - Error: name 'main_ui' is not defined
Function: cursor_error
Stack Trace:
Traceback (most recent call last):
  File "C:\Users\90544\PycharmProjects\health-check-report\health-check-v1.2.py", line 2784, in run_scripts_and_export
    main_ui.checklist_page.update_list(selected, True)
NameError: name 'main_ui' is not defined


2025-04-08 19:00:52.345442 - Error: name 'main_ui' is not defined
Function: cursor_error
Stack Trace:
Traceback (most recent call last):
  File "C:\Users\90544\PycharmProjects\health-check-report\health-check-v1.2.py", line 2784, in run_scripts_and_export
    main_ui.checklist_page.update_list(selected, True)
NameError: name 'main_ui' is not defined


2025-04-08 19:00:52.655147 - Error: name 'main_ui' is not defined
Function: cursor_error
Stack Trace:
Traceback (most recent call last):
  File "C:\Users\90544\PycharmProjects\health-check-report\health-check-v1.2.py", line 2784, in run_scripts_and_export
    main_ui.checklist_page.update_list(selected, True)
NameError: name 'main_ui' is not defined


2025-04-08 19:00:52.970519 - Error: name 'main_ui' is not defined
Function: cursor_error
Stack Trace:
Traceback (most recent call last):
  File "C:\Users\90544\PycharmProjects\health-check-report\health-check-v1.2.py", line 2784, in run_scripts_and_export
    main_ui.checklist_page.update_list(selected, True)
NameError: name 'main_ui' is not defined


2025-04-08 19:00:53.684922 - Error: name 'main_ui' is not defined
Function: cursor_error
Stack Trace:
Traceback (most recent call last):
  File "C:\Users\90544\PycharmProjects\health-check-report\health-check-v1.2.py", line 2784, in run_scripts_and_export
    main_ui.checklist_page.update_list(selected, True)
NameError: name 'main_ui' is not defined


2025-04-08 19:00:53.992048 - Error: name 'main_ui' is not defined
Function: cursor_error
Stack Trace:
Traceback (most recent call last):
  File "C:\Users\90544\PycharmProjects\health-check-report\health-check-v1.2.py", line 2784, in run_scripts_and_export
    main_ui.checklist_page.update_list(selected, True)
NameError: name 'main_ui' is not defined


2025-04-08 19:00:54.453352 - Error: name 'main_ui' is not defined
Function: run_script
Stack Trace:
Traceback (most recent call last):
  File "C:\Users\90544\PycharmProjects\health-check-report\health-check-v1.2.py", line 2797, in run_scripts_and_export
    main_ui.checklist_page.finalize_progress()
NameError: name 'main_ui' is not defined


2025-04-08 19:02:18.054868 - Error: 'QWidget' object has no attribute 'progress_overlay'
Function: font_path
Stack Trace:
Traceback (most recent call last):
  File "C:\Users\90544\PycharmProjects\health-check-report\health-check-v1.2.py", line 2361, in generate_pdf_report
    main_ui.progress_overlay.show()
AttributeError: 'QWidget' object has no attribute 'progress_overlay'


2025-04-08 19:02:18.279876 - Error: local variable 'summary_df' referenced before assignment
Function: excel_writer
Stack Trace:
Traceback (most recent call last):
  File "C:\Users\90544\PycharmProjects\health-check-report\health-check-v1.2.py", line 2377, in generate_pdf_report
    summary_df.to_excel(writer, sheet_name='DataFrame', index=False)
UnboundLocalError: local variable 'summary_df' referenced before assignment


2025-04-08 19:02:18.281090 - Error: critical(parent: Optional[QWidget], title: Optional[str], text: Optional[str], buttons: Union[QMessageBox.StandardButtons, QMessageBox.StandardButton] = QMessageBox.Ok, defaultButton: QMessageBox.StandardButton = QMessageBox.NoButton): argument 1 has unexpected type 'str'
Function: run_script
Stack Trace:
Traceback (most recent call last):
  File "C:\Users\90544\PycharmProjects\health-check-report\health-check-v1.2.py", line 2377, in generate_pdf_report
    summary_df.to_excel(writer, sheet_name='DataFrame', index=False)
UnboundLocalError: local variable 'summary_df' referenced before assignment

During handling of the above exception, another exception occurred:

Traceback (most recent call last):
  File "C:\Users\90544\PycharmProjects\health-check-report\health-check-v1.2.py", line 2811, in run_scripts_and_export
    pdf_path = self.generate_pdf_report(output_path, output_dir, valid_username, rundate)
  File "C:\Users\90544\PycharmProjects\health-check-report\health-check-v1.2.py", line 2380, in generate_pdf_report
    QMessageBox.critical('Error','An error occurred, the Excel file could not be read.')
TypeError: critical(parent: Optional[QWidget], title: Optional[str], text: Optional[str], buttons: Union[QMessageBox.StandardButtons, QMessageBox.StandardButton] = QMessageBox.Ok, defaultButton: QMessageBox.StandardButton = QMessageBox.NoButton): argument 1 has unexpected type 'str'


2025-04-08 19:07:51.113958 - Error: 'QWidget' object has no attribute 'progress_overlay'
Function: font_path
Stack Trace:
Traceback (most recent call last):
  File "C:\Users\90544\PycharmProjects\health-check-report\health-check-v1.2.py", line 2361, in generate_pdf_report
    main_ui.progress_overlay.show()
AttributeError: 'QWidget' object has no attribute 'progress_overlay'


2025-04-08 19:07:51.304883 - Error: local variable 'summary_df' referenced before assignment
Function: excel_writer
Stack Trace:
Traceback (most recent call last):
  File "C:\Users\90544\PycharmProjects\health-check-report\health-check-v1.2.py", line 2377, in generate_pdf_report
    summary_df.to_excel(writer, sheet_name='DataFrame', index=False)
UnboundLocalError: local variable 'summary_df' referenced before assignment


2025-04-08 19:07:51.305880 - Error: critical(parent: Optional[QWidget], title: Optional[str], text: Optional[str], buttons: Union[QMessageBox.StandardButtons, QMessageBox.StandardButton] = QMessageBox.Ok, defaultButton: QMessageBox.StandardButton = QMessageBox.NoButton): argument 1 has unexpected type 'str'
Function: run_script
Stack Trace:
Traceback (most recent call last):
  File "C:\Users\90544\PycharmProjects\health-check-report\health-check-v1.2.py", line 2377, in generate_pdf_report
    summary_df.to_excel(writer, sheet_name='DataFrame', index=False)
UnboundLocalError: local variable 'summary_df' referenced before assignment

During handling of the above exception, another exception occurred:

Traceback (most recent call last):
  File "C:\Users\90544\PycharmProjects\health-check-report\health-check-v1.2.py", line 2811, in run_scripts_and_export
    pdf_path = self.generate_pdf_report(output_path, output_dir, valid_username, rundate)
  File "C:\Users\90544\PycharmProjects\health-check-report\health-check-v1.2.py", line 2380, in generate_pdf_report
    QMessageBox.critical('Error','An error occurred, the Excel file could not be read.')
TypeError: critical(parent: Optional[QWidget], title: Optional[str], text: Optional[str], buttons: Union[QMessageBox.StandardButtons, QMessageBox.StandardButton] = QMessageBox.Ok, defaultButton: QMessageBox.StandardButton = QMessageBox.NoButton): argument 1 has unexpected type 'str'


2025-04-14 11:12:46.000346 - Error: 'QWidget' object has no attribute 'progress_overlay'
Function: font_path
Stack Trace:
Traceback (most recent call last):
  File "C:\Users\90544\PycharmProjects\health-check-report\health-check-v1.2.py", line 2361, in generate_pdf_report
    main_ui.progress_overlay.show()
AttributeError: 'QWidget' object has no attribute 'progress_overlay'


2025-04-14 11:12:46.288805 - Error: local variable 'summary_df' referenced before assignment
Function: excel_writer
Stack Trace:
Traceback (most recent call last):
  File "C:\Users\90544\PycharmProjects\health-check-report\health-check-v1.2.py", line 2377, in generate_pdf_report
    summary_df.to_excel(writer, sheet_name='DataFrame', index=False)
UnboundLocalError: local variable 'summary_df' referenced before assignment


2025-04-14 11:12:46.289807 - Error: critical(parent: Optional[QWidget], title: Optional[str], text: Optional[str], buttons: Union[QMessageBox.StandardButtons, QMessageBox.StandardButton] = QMessageBox.Ok, defaultButton: QMessageBox.StandardButton = QMessageBox.NoButton): argument 1 has unexpected type 'str'
Function: run_script
Stack Trace:
Traceback (most recent call last):
  File "C:\Users\90544\PycharmProjects\health-check-report\health-check-v1.2.py", line 2377, in generate_pdf_report
    summary_df.to_excel(writer, sheet_name='DataFrame', index=False)
UnboundLocalError: local variable 'summary_df' referenced before assignment

During handling of the above exception, another exception occurred:

Traceback (most recent call last):
  File "C:\Users\90544\PycharmProjects\health-check-report\health-check-v1.2.py", line 2811, in run_scripts_and_export
    pdf_path = self.generate_pdf_report(output_path, output_dir, valid_username, rundate)
  File "C:\Users\90544\PycharmProjects\health-check-report\health-check-v1.2.py", line 2380, in generate_pdf_report
    QMessageBox.critical('Error','An error occurred, the Excel file could not be read.')
TypeError: critical(parent: Optional[QWidget], title: Optional[str], text: Optional[str], buttons: Union[QMessageBox.StandardButtons, QMessageBox.StandardButton] = QMessageBox.Ok, defaultButton: QMessageBox.StandardButton = QMessageBox.NoButton): argument 1 has unexpected type 'str'


2025-04-19 14:11:48.823479 - Error: 'QWidget' object has no attribute 'progress_overlay'
Function: font_path
Stack Trace:
Traceback (most recent call last):
  File "C:\Users\90544\PycharmProjects\health-check-report\health-check-v1.2.py", line 2361, in generate_pdf_report
    main_ui.progress_overlay.show()
AttributeError: 'QWidget' object has no attribute 'progress_overlay'


2025-04-19 14:11:49.041422 - Error: local variable 'summary_df' referenced before assignment
Function: excel_writer
Stack Trace:
Traceback (most recent call last):
  File "C:\Users\90544\PycharmProjects\health-check-report\health-check-v1.2.py", line 2377, in generate_pdf_report
    summary_df.to_excel(writer, sheet_name='DataFrame', index=False)
UnboundLocalError: local variable 'summary_df' referenced before assignment


2025-04-19 14:11:49.041422 - Error: critical(parent: Optional[QWidget], title: Optional[str], text: Optional[str], buttons: Union[QMessageBox.StandardButtons, QMessageBox.StandardButton] = QMessageBox.Ok, defaultButton: QMessageBox.StandardButton = QMessageBox.NoButton): argument 1 has unexpected type 'str'
Function: run_script
Stack Trace:
Traceback (most recent call last):
  File "C:\Users\90544\PycharmProjects\health-check-report\health-check-v1.2.py", line 2377, in generate_pdf_report
    summary_df.to_excel(writer, sheet_name='DataFrame', index=False)
UnboundLocalError: local variable 'summary_df' referenced before assignment

During handling of the above exception, another exception occurred:

Traceback (most recent call last):
  File "C:\Users\90544\PycharmProjects\health-check-report\health-check-v1.2.py", line 2811, in run_scripts_and_export
    pdf_path = self.generate_pdf_report(output_path, output_dir, valid_username, rundate)
  File "C:\Users\90544\PycharmProjects\health-check-report\health-check-v1.2.py", line 2380, in generate_pdf_report
    QMessageBox.critical('Error','An error occurred, the Excel file could not be read.')
TypeError: critical(parent: Optional[QWidget], title: Optional[str], text: Optional[str], buttons: Union[QMessageBox.StandardButtons, QMessageBox.StandardButton] = QMessageBox.Ok, defaultButton: QMessageBox.StandardButton = QMessageBox.NoButton): argument 1 has unexpected type 'str'


